{"C:\\Users\\jamil\\FactoryFlow_Complete antigravity\\factory-flow\\src\\app\\layout.tsx": {"path":"C:\\Users\\jamil\\FactoryFlow_Complete antigravity\\factory-flow\\src\\app\\layout.tsx","statementMap":{"0":{"start":{"line":14,"column":24},"end":{"line":14,"column":35}},"1":{"start":{"line":9,"column":13},"end":{"line":9,"column":21}},"2":{"start":{"line":2,"column":22},"end":{"line":2,"column":null}},"3":{"start":{"line":3,"column":7},"end":{"line":3,"column":null}},"4":{"start":{"line":4,"column":39},"end":{"line":4,"column":null}},"5":{"start":{"line":5,"column":24},"end":{"line":5,"column":null}},"6":{"start":{"line":7,"column":14},"end":{"line":7,"column":null}},"7":{"start":{"line":9,"column":34},"end":{"line":12,"column":null}}},"fnMap":{"0":{"name":"RootLayout","decl":{"start":{"line":14,"column":24},"end":{"line":14,"column":35}},"loc":{"start":{"line":18,"column":1},"end":{"line":29,"column":1}}}},"branchMap":{},"s":{"0":0,"1":0,"2":0,"3":0,"4":0,"5":0,"6":0,"7":0},"f":{"0":0},"b":{}}
,"C:\\Users\\jamil\\FactoryFlow_Complete antigravity\\factory-flow\\src\\app\\page.tsx": {"path":"C:\\Users\\jamil\\FactoryFlow_Complete antigravity\\factory-flow\\src\\app\\page.tsx","statementMap":{"0":{"start":{"line":8,"column":24},"end":{"line":8,"column":null}},"1":{"start":{"line":3,"column":26},"end":{"line":3,"column":null}},"2":{"start":{"line":4,"column":26},"end":{"line":4,"column":null}},"3":{"start":{"line":5,"column":24},"end":{"line":5,"column":null}},"4":{"start":{"line":6,"column":22},"end":{"line":6,"column":null}},"5":{"start":{"line":9,"column":28},"end":{"line":9,"column":null}},"6":{"start":{"line":10,"column":17},"end":{"line":10,"column":null}},"7":{"start":{"line":12,"column":2},"end":{"line":16,"column":null}},"8":{"start":{"line":13,"column":4},"end":{"line":15,"column":null}},"9":{"start":{"line":14,"column":6},"end":{"line":14,"column":null}},"10":{"start":{"line":18,"column":2},"end":{"line":27,"column":null}},"11":{"start":{"line":29,"column":2},"end":{"line":31,"column":null}},"12":{"start":{"line":30,"column":4},"end":{"line":30,"column":null}},"13":{"start":{"line":33,"column":2},"end":{"line":33,"column":null}}},"fnMap":{"0":{"name":"Home","decl":{"start":{"line":8,"column":24},"end":{"line":8,"column":null}},"loc":{"start":{"line":8,"column":24},"end":{"line":34,"column":null}}},"1":{"name":"(anonymous_3)","decl":{"start":{"line":12,"column":12},"end":{"line":12,"column":null}},"loc":{"start":{"line":12,"column":12},"end":{"line":16,"column":5}}}},"branchMap":{"0":{"loc":{"start":{"line":13,"column":4},"end":{"line":15,"column":null}},"type":"if","locations":[{"start":{"line":13,"column":4},"end":{"line":15,"column":null}},{"start":{},"end":{}}]},"1":{"loc":{"start":{"line":13,"column":8},"end":{"line":13,"column":26}},"type":"binary-expr","locations":[{"start":{"line":13,"column":8},"end":{"line":13,"column":20}},{"start":{"line":13,"column":20},"end":{"line":13,"column":26}}]},"2":{"loc":{"start":{"line":18,"column":2},"end":{"line":27,"column":null}},"type":"if","locations":[{"start":{"line":18,"column":2},"end":{"line":27,"column":null}},{"start":{},"end":{}}]},"3":{"loc":{"start":{"line":29,"column":2},"end":{"line":31,"column":null}},"type":"if","locations":[{"start":{"line":29,"column":2},"end":{"line":31,"column":null}},{"start":{},"end":{}}]}},"s":{"0":0,"1":0,"2":0,"3":0,"4":0,"5":0,"6":0,"7":0,"8":0,"9":0,"10":0,"11":0,"12":0,"13":0},"f":{"0":0,"1":0},"b":{"0":[0,0],"1":[0,0],"2":[0,0],"3":[0,0]}}
,"C:\\Users\\jamil\\FactoryFlow_Complete antigravity\\factory-flow\\src\\app\\(main)\\layout.tsx": {"path":"C:\\Users\\jamil\\FactoryFlow_Complete antigravity\\factory-flow\\src\\app\\(main)\\layout.tsx","statementMap":{"0":{"start":{"line":9,"column":24},"end":{"line":9,"column":35}},"1":{"start":{"line":3,"column":24},"end":{"line":3,"column":null}},"2":{"start":{"line":4,"column":26},"end":{"line":4,"column":null}},"3":{"start":{"line":5,"column":26},"end":{"line":5,"column":null}},"4":{"start":{"line":6,"column":20},"end":{"line":6,"column":null}},"5":{"start":{"line":7,"column":19},"end":{"line":7,"column":null}},"6":{"start":{"line":14,"column":28},"end":{"line":14,"column":null}},"7":{"start":{"line":15,"column":17},"end":{"line":15,"column":null}},"8":{"start":{"line":17,"column":2},"end":{"line":21,"column":null}},"9":{"start":{"line":18,"column":4},"end":{"line":20,"column":null}},"10":{"start":{"line":19,"column":6},"end":{"line":19,"column":null}},"11":{"start":{"line":23,"column":2},"end":{"line":29,"column":null}},"12":{"start":{"line":31,"column":2},"end":{"line":33,"column":null}},"13":{"start":{"line":32,"column":4},"end":{"line":32,"column":null}}},"fnMap":{"0":{"name":"MainLayout","decl":{"start":{"line":9,"column":24},"end":{"line":9,"column":35}},"loc":{"start":{"line":13,"column":1},"end":{"line":46,"column":null}}},"1":{"name":"(anonymous_3)","decl":{"start":{"line":17,"column":12},"end":{"line":17,"column":null}},"loc":{"start":{"line":17,"column":12},"end":{"line":21,"column":5}}}},"branchMap":{"0":{"loc":{"start":{"line":18,"column":4},"end":{"line":20,"column":null}},"type":"if","locations":[{"start":{"line":18,"column":4},"end":{"line":20,"column":null}},{"start":{},"end":{}}]},"1":{"loc":{"start":{"line":18,"column":8},"end":{"line":18,"column":27}},"type":"binary-expr","locations":[{"start":{"line":18,"column":8},"end":{"line":18,"column":20}},{"start":{"line":18,"column":20},"end":{"line":18,"column":27}}]},"2":{"loc":{"start":{"line":23,"column":2},"end":{"line":29,"column":null}},"type":"if","locations":[{"start":{"line":23,"column":2},"end":{"line":29,"column":null}},{"start":{},"end":{}}]},"3":{"loc":{"start":{"line":31,"column":2},"end":{"line":33,"column":null}},"type":"if","locations":[{"start":{"line":31,"column":2},"end":{"line":33,"column":null}},{"start":{},"end":{}}]}},"s":{"0":0,"1":0,"2":0,"3":0,"4":0,"5":0,"6":0,"7":0,"8":0,"9":0,"10":0,"11":0,"12":0,"13":0},"f":{"0":0,"1":0},"b":{"0":[0,0],"1":[0,0],"2":[0,0],"3":[0,0]}}
,"C:\\Users\\jamil\\FactoryFlow_Complete antigravity\\factory-flow\\src\\app\\(main)\\cheques\\page.tsx": {"path":"C:\\Users\\jamil\\FactoryFlow_Complete antigravity\\factory-flow\\src\\app\\(main)\\cheques\\page.tsx","statementMap":{"0":{"start":{"line":5,"column":24},"end":{"line":5,"column":null}},"1":{"start":{"line":3,"column":24},"end":{"line":3,"column":null}},"2":{"start":{"line":6,"column":2},"end":{"line":6,"column":null}}},"fnMap":{"0":{"name":"Page","decl":{"start":{"line":5,"column":24},"end":{"line":5,"column":null}},"loc":{"start":{"line":5,"column":24},"end":{"line":7,"column":null}}}},"branchMap":{},"s":{"0":0,"1":0,"2":0},"f":{"0":0},"b":{}}
,"C:\\Users\\jamil\\FactoryFlow_Complete antigravity\\factory-flow\\src\\app\\(main)\\clients\\page.tsx": {"path":"C:\\Users\\jamil\\FactoryFlow_Complete antigravity\\factory-flow\\src\\app\\(main)\\clients\\page.tsx","statementMap":{"0":{"start":{"line":5,"column":24},"end":{"line":5,"column":null}},"1":{"start":{"line":3,"column":24},"end":{"line":3,"column":null}},"2":{"start":{"line":6,"column":2},"end":{"line":6,"column":null}}},"fnMap":{"0":{"name":"Page","decl":{"start":{"line":5,"column":24},"end":{"line":5,"column":null}},"loc":{"start":{"line":5,"column":24},"end":{"line":7,"column":null}}}},"branchMap":{},"s":{"0":0,"1":0,"2":0},"f":{"0":0},"b":{}}
,"C:\\Users\\jamil\\FactoryFlow_Complete antigravity\\factory-flow\\src\\app\\(main)\\clients\\[id]\\page.tsx": {"path":"C:\\Users\\jamil\\FactoryFlow_Complete antigravity\\factory-flow\\src\\app\\(main)\\clients\\[id]\\page.tsx","statementMap":{"0":{"start":{"line":3,"column":24},"end":{"line":3,"column":42}},"1":{"start":{"line":1,"column":29},"end":{"line":1,"column":null}}},"fnMap":{"0":{"name":"ClientDetailRoute","decl":{"start":{"line":3,"column":24},"end":{"line":3,"column":42}},"loc":{"start":{"line":3,"column":80},"end":{"line":5,"column":null}}}},"branchMap":{},"s":{"0":0,"1":0},"f":{"0":0},"b":{}}
,"C:\\Users\\jamil\\FactoryFlow_Complete antigravity\\factory-flow\\src\\app\\(main)\\dashboard\\page.tsx": {"path":"C:\\Users\\jamil\\FactoryFlow_Complete antigravity\\factory-flow\\src\\app\\(main)\\dashboard\\page.tsx","statementMap":{"0":{"start":{"line":5,"column":24},"end":{"line":5,"column":null}},"1":{"start":{"line":3,"column":26},"end":{"line":3,"column":null}},"2":{"start":{"line":6,"column":2},"end":{"line":6,"column":null}}},"fnMap":{"0":{"name":"Page","decl":{"start":{"line":5,"column":24},"end":{"line":5,"column":null}},"loc":{"start":{"line":5,"column":24},"end":{"line":7,"column":null}}}},"branchMap":{},"s":{"0":0,"1":0,"2":0},"f":{"0":0},"b":{}}
,"C:\\Users\\jamil\\FactoryFlow_Complete antigravity\\factory-flow\\src\\app\\(main)\\employees\\page.tsx": {"path":"C:\\Users\\jamil\\FactoryFlow_Complete antigravity\\factory-flow\\src\\app\\(main)\\employees\\page.tsx","statementMap":{"0":{"start":{"line":5,"column":24},"end":{"line":5,"column":null}},"1":{"start":{"line":3,"column":26},"end":{"line":3,"column":null}},"2":{"start":{"line":6,"column":2},"end":{"line":6,"column":null}}},"fnMap":{"0":{"name":"Page","decl":{"start":{"line":5,"column":24},"end":{"line":5,"column":null}},"loc":{"start":{"line":5,"column":24},"end":{"line":7,"column":null}}}},"branchMap":{},"s":{"0":0,"1":0,"2":0},"f":{"0":0},"b":{}}
,"C:\\Users\\jamil\\FactoryFlow_Complete antigravity\\factory-flow\\src\\app\\(main)\\fixed-assets\\page.tsx": {"path":"C:\\Users\\jamil\\FactoryFlow_Complete antigravity\\factory-flow\\src\\app\\(main)\\fixed-assets\\page.tsx","statementMap":{"0":{"start":{"line":3,"column":24},"end":{"line":3,"column":null}},"1":{"start":{"line":1,"column":28},"end":{"line":1,"column":null}},"2":{"start":{"line":4,"column":2},"end":{"line":4,"column":null}}},"fnMap":{"0":{"name":"Page","decl":{"start":{"line":3,"column":24},"end":{"line":3,"column":null}},"loc":{"start":{"line":3,"column":24},"end":{"line":5,"column":null}}}},"branchMap":{},"s":{"0":0,"1":0,"2":0},"f":{"0":0},"b":{}}
,"C:\\Users\\jamil\\FactoryFlow_Complete antigravity\\factory-flow\\src\\app\\(main)\\incoming-cheques\\page.tsx": {"path":"C:\\Users\\jamil\\FactoryFlow_Complete antigravity\\factory-flow\\src\\app\\(main)\\incoming-cheques\\page.tsx","statementMap":{"0":{"start":{"line":3,"column":24},"end":{"line":3,"column":null}},"1":{"start":{"line":1,"column":32},"end":{"line":1,"column":null}},"2":{"start":{"line":4,"column":2},"end":{"line":4,"column":null}}},"fnMap":{"0":{"name":"Page","decl":{"start":{"line":3,"column":24},"end":{"line":3,"column":null}},"loc":{"start":{"line":3,"column":24},"end":{"line":5,"column":null}}}},"branchMap":{},"s":{"0":0,"1":0,"2":0},"f":{"0":0},"b":{}}
,"C:\\Users\\jamil\\FactoryFlow_Complete antigravity\\factory-flow\\src\\app\\(main)\\inventory\\page.tsx": {"path":"C:\\Users\\jamil\\FactoryFlow_Complete antigravity\\factory-flow\\src\\app\\(main)\\inventory\\page.tsx","statementMap":{"0":{"start":{"line":5,"column":24},"end":{"line":5,"column":null}},"1":{"start":{"line":3,"column":26},"end":{"line":3,"column":null}},"2":{"start":{"line":6,"column":2},"end":{"line":6,"column":null}}},"fnMap":{"0":{"name":"Page","decl":{"start":{"line":5,"column":24},"end":{"line":5,"column":null}},"loc":{"start":{"line":5,"column":24},"end":{"line":7,"column":null}}}},"branchMap":{},"s":{"0":0,"1":0,"2":0},"f":{"0":0},"b":{}}
,"C:\\Users\\jamil\\FactoryFlow_Complete antigravity\\factory-flow\\src\\app\\(main)\\invoices\\page.tsx": {"path":"C:\\Users\\jamil\\FactoryFlow_Complete antigravity\\factory-flow\\src\\app\\(main)\\invoices\\page.tsx","statementMap":{"0":{"start":{"line":3,"column":24},"end":{"line":3,"column":null}},"1":{"start":{"line":1,"column":25},"end":{"line":1,"column":null}},"2":{"start":{"line":4,"column":2},"end":{"line":4,"column":null}}},"fnMap":{"0":{"name":"Page","decl":{"start":{"line":3,"column":24},"end":{"line":3,"column":null}},"loc":{"start":{"line":3,"column":24},"end":{"line":5,"column":null}}}},"branchMap":{},"s":{"0":0,"1":0,"2":0},"f":{"0":0},"b":{}}
,"C:\\Users\\jamil\\FactoryFlow_Complete antigravity\\factory-flow\\src\\app\\(main)\\ledger\\page.tsx": {"path":"C:\\Users\\jamil\\FactoryFlow_Complete antigravity\\factory-flow\\src\\app\\(main)\\ledger\\page.tsx","statementMap":{"0":{"start":{"line":5,"column":24},"end":{"line":5,"column":null}},"1":{"start":{"line":3,"column":23},"end":{"line":3,"column":null}},"2":{"start":{"line":6,"column":2},"end":{"line":6,"column":null}}},"fnMap":{"0":{"name":"Page","decl":{"start":{"line":5,"column":24},"end":{"line":5,"column":null}},"loc":{"start":{"line":5,"column":24},"end":{"line":7,"column":null}}}},"branchMap":{},"s":{"0":0,"1":0,"2":0},"f":{"0":0},"b":{}}
,"C:\\Users\\jamil\\FactoryFlow_Complete antigravity\\factory-flow\\src\\app\\(main)\\outgoing-cheques\\page.tsx": {"path":"C:\\Users\\jamil\\FactoryFlow_Complete antigravity\\factory-flow\\src\\app\\(main)\\outgoing-cheques\\page.tsx","statementMap":{"0":{"start":{"line":3,"column":24},"end":{"line":3,"column":null}},"1":{"start":{"line":1,"column":32},"end":{"line":1,"column":null}},"2":{"start":{"line":4,"column":2},"end":{"line":4,"column":null}}},"fnMap":{"0":{"name":"Page","decl":{"start":{"line":3,"column":24},"end":{"line":3,"column":null}},"loc":{"start":{"line":3,"column":24},"end":{"line":5,"column":null}}}},"branchMap":{},"s":{"0":0,"1":0,"2":0},"f":{"0":0},"b":{}}
,"C:\\Users\\jamil\\FactoryFlow_Complete antigravity\\factory-flow\\src\\app\\(main)\\partners\\page.tsx": {"path":"C:\\Users\\jamil\\FactoryFlow_Complete antigravity\\factory-flow\\src\\app\\(main)\\partners\\page.tsx","statementMap":{"0":{"start":{"line":3,"column":24},"end":{"line":3,"column":null}},"1":{"start":{"line":1,"column":25},"end":{"line":1,"column":null}},"2":{"start":{"line":4,"column":2},"end":{"line":4,"column":null}}},"fnMap":{"0":{"name":"Partners","decl":{"start":{"line":3,"column":24},"end":{"line":3,"column":null}},"loc":{"start":{"line":3,"column":24},"end":{"line":5,"column":null}}}},"branchMap":{},"s":{"0":0,"1":0,"2":0},"f":{"0":0},"b":{}}
,"C:\\Users\\jamil\\FactoryFlow_Complete antigravity\\factory-flow\\src\\app\\(main)\\payments\\page.tsx": {"path":"C:\\Users\\jamil\\FactoryFlow_Complete antigravity\\factory-flow\\src\\app\\(main)\\payments\\page.tsx","statementMap":{"0":{"start":{"line":5,"column":24},"end":{"line":5,"column":null}},"1":{"start":{"line":3,"column":25},"end":{"line":3,"column":null}},"2":{"start":{"line":6,"column":2},"end":{"line":6,"column":null}}},"fnMap":{"0":{"name":"Page","decl":{"start":{"line":5,"column":24},"end":{"line":5,"column":null}},"loc":{"start":{"line":5,"column":24},"end":{"line":7,"column":null}}}},"branchMap":{},"s":{"0":0,"1":0,"2":0},"f":{"0":0},"b":{}}
,"C:\\Users\\jamil\\FactoryFlow_Complete antigravity\\factory-flow\\src\\app\\(main)\\production\\page.tsx": {"path":"C:\\Users\\jamil\\FactoryFlow_Complete antigravity\\factory-flow\\src\\app\\(main)\\production\\page.tsx","statementMap":{"0":{"start":{"line":5,"column":24},"end":{"line":5,"column":null}},"1":{"start":{"line":3,"column":27},"end":{"line":3,"column":null}},"2":{"start":{"line":6,"column":2},"end":{"line":6,"column":null}}},"fnMap":{"0":{"name":"Page","decl":{"start":{"line":5,"column":24},"end":{"line":5,"column":null}},"loc":{"start":{"line":5,"column":24},"end":{"line":7,"column":null}}}},"branchMap":{},"s":{"0":0,"1":0,"2":0},"f":{"0":0},"b":{}}
,"C:\\Users\\jamil\\FactoryFlow_Complete antigravity\\factory-flow\\src\\app\\(main)\\reports\\page.tsx": {"path":"C:\\Users\\jamil\\FactoryFlow_Complete antigravity\\factory-flow\\src\\app\\(main)\\reports\\page.tsx","statementMap":{"0":{"start":{"line":3,"column":24},"end":{"line":3,"column":null}},"1":{"start":{"line":1,"column":24},"end":{"line":1,"column":null}},"2":{"start":{"line":4,"column":2},"end":{"line":4,"column":null}}},"fnMap":{"0":{"name":"Page","decl":{"start":{"line":3,"column":24},"end":{"line":3,"column":null}},"loc":{"start":{"line":3,"column":24},"end":{"line":5,"column":null}}}},"branchMap":{},"s":{"0":0,"1":0,"2":0},"f":{"0":0},"b":{}}
,"C:\\Users\\jamil\\FactoryFlow_Complete antigravity\\factory-flow\\src\\app\\(main)\\search\\page.tsx": {"path":"C:\\Users\\jamil\\FactoryFlow_Complete antigravity\\factory-flow\\src\\app\\(main)\\search\\page.tsx","statementMap":{"0":{"start":{"line":3,"column":24},"end":{"line":3,"column":null}},"1":{"start":{"line":1,"column":34},"end":{"line":1,"column":null}},"2":{"start":{"line":4,"column":2},"end":{"line":4,"column":null}}},"fnMap":{"0":{"name":"Page","decl":{"start":{"line":3,"column":24},"end":{"line":3,"column":null}},"loc":{"start":{"line":3,"column":24},"end":{"line":5,"column":null}}}},"branchMap":{},"s":{"0":0,"1":0,"2":0},"f":{"0":0},"b":{}}
,"C:\\Users\\jamil\\FactoryFlow_Complete antigravity\\factory-flow\\src\\components\\error-boundary.tsx": {"path":"C:\\Users\\jamil\\FactoryFlow_Complete antigravity\\factory-flow\\src\\components\\error-boundary.tsx","statementMap":{"0":{"start":{"line":166,"column":16},"end":{"line":166,"column":38}},"1":{"start":{"line":30,"column":13},"end":{"line":30,"column":26}},"2":{"start":{"line":125,"column":16},"end":{"line":125,"column":33}},"3":{"start":{"line":203,"column":16},"end":{"line":203,"column":31}},"4":{"start":{"line":9,"column":44},"end":{"line":9,"column":null}},"5":{"start":{"line":10,"column":47},"end":{"line":10,"column":null}},"6":{"start":{"line":11,"column":23},"end":{"line":11,"column":null}},"7":{"start":{"line":32,"column":4},"end":{"line":32,"column":null}},"8":{"start":{"line":53,"column":2},"end":{"line":55,"column":null}},"9":{"start":{"line":54,"column":4},"end":{"line":54,"column":null}},"10":{"start":{"line":33,"column":4},"end":{"line":33,"column":null}},"11":{"start":{"line":37,"column":4},"end":{"line":37,"column":null}},"12":{"start":{"line":42,"column":4},"end":{"line":42,"column":null}},"13":{"start":{"line":45,"column":4},"end":{"line":47,"column":null}},"14":{"start":{"line":46,"column":6},"end":{"line":46,"column":null}},"15":{"start":{"line":58,"column":4},"end":{"line":66,"column":null}},"16":{"start":{"line":60,"column":6},"end":{"line":62,"column":null}},"17":{"start":{"line":61,"column":8},"end":{"line":61,"column":null}},"18":{"start":{"line":68,"column":4},"end":{"line":68,"column":null}},"19":{"start":{"line":108,"column":29},"end":{"line":108,"column":null}},"20":{"start":{"line":204,"column":28},"end":{"line":204,"column":null}},"21":{"start":{"line":206,"column":2},"end":{"line":210,"column":null}},"22":{"start":{"line":207,"column":4},"end":{"line":209,"column":null}},"23":{"start":{"line":208,"column":6},"end":{"line":208,"column":null}},"24":{"start":{"line":212,"column":2},"end":{"line":212,"column":null}}},"fnMap":{"0":{"name":"(anonymous_8)","decl":{"start":{"line":31,"column":2},"end":{"line":31,"column":14}},"loc":{"start":{"line":31,"column":41},"end":{"line":34,"column":null}}},"1":{"name":"(anonymous_9)","decl":{"start":{"line":53,"column":15},"end":{"line":53,"column":null}},"loc":{"start":{"line":53,"column":15},"end":{"line":55,"column":null}}},"2":{"name":"(anonymous_10)","decl":{"start":{"line":36,"column":2},"end":{"line":36,"column":9}},"loc":{"start":{"line":36,"column":68},"end":{"line":38,"column":null}}},"3":{"name":"(anonymous_11)","decl":{"start":{"line":40,"column":2},"end":{"line":40,"column":20}},"loc":{"start":{"line":40,"column":62},"end":{"line":51,"column":null}}},"4":{"name":"(anonymous_12)","decl":{"start":{"line":57,"column":2},"end":{"line":57,"column":11}},"loc":{"start":{"line":57,"column":11},"end":{"line":69,"column":null}}},"5":{"name":"DefaultErrorFallback","decl":{"start":{"line":75,"column":9},"end":{"line":75,"column":30}},"loc":{"start":{"line":75,"column":83},"end":{"line":119,"column":null}}},"6":{"name":"(anonymous_14)","decl":{"start":{"line":108,"column":23},"end":{"line":108,"column":29}},"loc":{"start":{"line":108,"column":29},"end":{"line":108,"column":null}}},"7":{"name":"PageErrorBoundary","decl":{"start":{"line":125,"column":16},"end":{"line":125,"column":33}},"loc":{"start":{"line":125,"column":71},"end":{"line":160,"column":null}}},"8":{"name":"ComponentErrorBoundary","decl":{"start":{"line":166,"column":16},"end":{"line":166,"column":38}},"loc":{"start":{"line":166,"column":76},"end":{"line":197,"column":null}}},"9":{"name":"useErrorHandler","decl":{"start":{"line":203,"column":16},"end":{"line":203,"column":31}},"loc":{"start":{"line":203,"column":16},"end":{"line":213,"column":null}}},"10":{"name":"(anonymous_20)","decl":{"start":{"line":206,"column":18},"end":{"line":206,"column":null}},"loc":{"start":{"line":206,"column":18},"end":{"line":210,"column":5}}}},"branchMap":{"0":{"loc":{"start":{"line":45,"column":4},"end":{"line":47,"column":null}},"type":"if","locations":[{"start":{"line":45,"column":4},"end":{"line":47,"column":null}},{"start":{},"end":{}}]},"1":{"loc":{"start":{"line":58,"column":4},"end":{"line":66,"column":null}},"type":"if","locations":[{"start":{"line":58,"column":4},"end":{"line":66,"column":null}},{"start":{},"end":{}}]},"2":{"loc":{"start":{"line":58,"column":8},"end":{"line":58,"column":47}},"type":"binary-expr","locations":[{"start":{"line":58,"column":8},"end":{"line":58,"column":27}},{"start":{"line":58,"column":31},"end":{"line":58,"column":47}}]},"3":{"loc":{"start":{"line":60,"column":6},"end":{"line":62,"column":null}},"type":"if","locations":[{"start":{"line":60,"column":6},"end":{"line":62,"column":null}},{"start":{},"end":{}}]},"4":{"loc":{"start":{"line":92,"column":11},"end":{"line":92,"column":null}},"type":"binary-expr","locations":[{"start":{"line":92,"column":11},"end":{"line":92,"column":null}}]},"5":{"loc":{"start":{"line":143,"column":13},"end":{"line":143,"column":null}},"type":"binary-expr","locations":[{"start":{"line":143,"column":13},"end":{"line":143,"column":null}}]},"6":{"loc":{"start":{"line":180,"column":15},"end":{"line":180,"column":null}},"type":"binary-expr","locations":[{"start":{"line":180,"column":15},"end":{"line":180,"column":null}}]},"7":{"loc":{"start":{"line":207,"column":4},"end":{"line":209,"column":null}},"type":"if","locations":[{"start":{"line":207,"column":4},"end":{"line":209,"column":null}},{"start":{},"end":{}}]}},"s":{"0":0,"1":0,"2":0,"3":0,"4":0,"5":0,"6":0,"7":0,"8":0,"9":0,"10":0,"11":0,"12":0,"13":0,"14":0,"15":0,"16":0,"17":0,"18":0,"19":0,"20":0,"21":0,"22":0,"23":0,"24":0},"f":{"0":0,"1":0,"2":0,"3":0,"4":0,"5":0,"6":0,"7":0,"8":0,"9":0,"10":0},"b":{"0":[0,0],"1":[0,0],"2":[0,0],"3":[0,0],"4":[0],"5":[0],"6":[0],"7":[0,0]}}
,"C:\\Users\\jamil\\FactoryFlow_Complete antigravity\\factory-flow\\src\\components\\auth\\login-page.tsx": {"path":"C:\\Users\\jamil\\FactoryFlow_Complete antigravity\\factory-flow\\src\\components\\auth\\login-page.tsx","statementMap":{"0":{"start":{"line":13,"column":24},"end":{"line":13,"column":null}},"1":{"start":{"line":3,"column":25},"end":{"line":3,"column":null}},"2":{"start":{"line":4,"column":75},"end":{"line":4,"column":null}},"3":{"start":{"line":5,"column":21},"end":{"line":5,"column":null}},"4":{"start":{"line":6,"column":23},"end":{"line":6,"column":null}},"5":{"start":{"line":7,"column":22},"end":{"line":7,"column":null}},"6":{"start":{"line":8,"column":22},"end":{"line":8,"column":null}},"7":{"start":{"line":9,"column":74},"end":{"line":9,"column":null}},"8":{"start":{"line":10,"column":25},"end":{"line":10,"column":null}},"9":{"start":{"line":11,"column":24},"end":{"line":11,"column":null}},"10":{"start":{"line":14,"column":32},"end":{"line":14,"column":null}},"11":{"start":{"line":15,"column":28},"end":{"line":15,"column":null}},"12":{"start":{"line":16,"column":34},"end":{"line":16,"column":null}},"13":{"start":{"line":17,"column":32},"end":{"line":17,"column":null}},"14":{"start":{"line":18,"column":20},"end":{"line":18,"column":null}},"15":{"start":{"line":20,"column":23},"end":{"line":47,"column":null}},"16":{"start":{"line":21,"column":4},"end":{"line":21,"column":null}},"17":{"start":{"line":22,"column":4},"end":{"line":22,"column":null}},"18":{"start":{"line":24,"column":4},"end":{"line":46,"column":null}},"19":{"start":{"line":25,"column":6},"end":{"line":37,"column":null}},"20":{"start":{"line":26,"column":8},"end":{"line":26,"column":null}},"21":{"start":{"line":27,"column":8},"end":{"line":30,"column":null}},"22":{"start":{"line":32,"column":8},"end":{"line":32,"column":null}},"23":{"start":{"line":33,"column":8},"end":{"line":36,"column":null}},"24":{"start":{"line":39,"column":6},"end":{"line":43,"column":null}},"25":{"start":{"line":45,"column":6},"end":{"line":45,"column":null}},"26":{"start":{"line":74,"column":33},"end":{"line":74,"column":null}},"27":{"start":{"line":86,"column":33},"end":{"line":86,"column":null}},"28":{"start":{"line":99,"column":29},"end":{"line":99,"column":null}}},"fnMap":{"0":{"name":"LoginPage","decl":{"start":{"line":13,"column":24},"end":{"line":13,"column":null}},"loc":{"start":{"line":13,"column":24},"end":{"line":110,"column":null}}},"1":{"name":"(anonymous_2)","decl":{"start":{"line":20,"column":23},"end":{"line":20,"column":30}},"loc":{"start":{"line":20,"column":30},"end":{"line":47,"column":null}}},"2":{"name":"(anonymous_3)","decl":{"start":{"line":74,"column":26},"end":{"line":74,"column":27}},"loc":{"start":{"line":74,"column":33},"end":{"line":74,"column":null}}},"3":{"name":"(anonymous_4)","decl":{"start":{"line":86,"column":26},"end":{"line":86,"column":27}},"loc":{"start":{"line":86,"column":33},"end":{"line":86,"column":null}}},"4":{"name":"(anonymous_5)","decl":{"start":{"line":99,"column":23},"end":{"line":99,"column":29}},"loc":{"start":{"line":99,"column":29},"end":{"line":99,"column":null}}}},"branchMap":{"0":{"loc":{"start":{"line":25,"column":6},"end":{"line":37,"column":null}},"type":"if","locations":[{"start":{"line":25,"column":6},"end":{"line":37,"column":null}},{"start":{"line":31,"column":13},"end":{"line":37,"column":null}}]},"1":{"loc":{"start":{"line":41,"column":21},"end":{"line":41,"column":null}},"type":"binary-expr","locations":[{"start":{"line":41,"column":21},"end":{"line":41,"column":34}},{"start":{"line":41,"column":38},"end":{"line":41,"column":null}}]},"2":{"loc":{"start":{"line":59,"column":13},"end":{"line":59,"column":null}},"type":"cond-expr","locations":[{"start":{"line":59,"column":23},"end":{"line":59,"column":40}},{"start":{"line":59,"column":40},"end":{"line":59,"column":null}}]},"3":{"loc":{"start":{"line":93,"column":15},"end":{"line":93,"column":null}},"type":"cond-expr","locations":[{"start":{"line":93,"column":25},"end":{"line":93,"column":45}},{"start":{"line":93,"column":45},"end":{"line":93,"column":null}}]},"4":{"loc":{"start":{"line":93,"column":45},"end":{"line":93,"column":null}},"type":"cond-expr","locations":[{"start":{"line":93,"column":55},"end":{"line":93,"column":72}},{"start":{"line":93,"column":72},"end":{"line":93,"column":null}}]},"5":{"loc":{"start":{"line":103,"column":15},"end":{"line":103,"column":null}},"type":"cond-expr","locations":[{"start":{"line":103,"column":25},"end":{"line":103,"column":60}},{"start":{"line":103,"column":60},"end":{"line":103,"column":null}}]}},"s":{"0":0,"1":0,"2":0,"3":0,"4":0,"5":0,"6":0,"7":0,"8":0,"9":0,"10":0,"11":0,"12":0,"13":0,"14":0,"15":0,"16":0,"17":0,"18":0,"19":0,"20":0,"21":0,"22":0,"23":0,"24":0,"25":0,"26":0,"27":0,"28":0},"f":{"0":0,"1":0,"2":0,"3":0,"4":0},"b":{"0":[0,0],"1":[0,0],"2":[0,0],"3":[0,0],"4":[0,0],"5":[0,0]}}
,"C:\\Users\\jamil\\FactoryFlow_Complete antigravity\\factory-flow\\src\\components\\cheques\\cheques-page.tsx": {"path":"C:\\Users\\jamil\\FactoryFlow_Complete antigravity\\factory-flow\\src\\components\\cheques\\cheques-page.tsx","statementMap":{"0":{"start":{"line":61,"column":24},"end":{"line":61,"column":null}},"1":{"start":{"line":3,"column":36},"end":{"line":3,"column":null}},"2":{"start":{"line":4,"column":18},"end":{"line":4,"column":null}},"3":{"start":{"line":5,"column":57},"end":{"line":5,"column":null}},"4":{"start":{"line":6,"column":23},"end":{"line":6,"column":null}},"5":{"start":{"line":7,"column":22},"end":{"line":7,"column":null}},"6":{"start":{"line":8,"column":22},"end":{"line":8,"column":null}},"7":{"start":{"line":16,"column":7},"end":{"line":16,"column":null}},"8":{"start":{"line":24,"column":7},"end":{"line":24,"column":null}},"9":{"start":{"line":25,"column":66},"end":{"line":25,"column":null}},"10":{"start":{"line":26,"column":24},"end":{"line":26,"column":null}},"11":{"start":{"line":27,"column":25},"end":{"line":27,"column":null}},"12":{"start":{"line":39,"column":7},"end":{"line":39,"column":null}},"13":{"start":{"line":40,"column":26},"end":{"line":40,"column":null}},"14":{"start":{"line":62,"column":19},"end":{"line":62,"column":null}},"15":{"start":{"line":63,"column":20},"end":{"line":63,"column":null}},"16":{"start":{"line":64,"column":32},"end":{"line":64,"column":null}},"17":{"start":{"line":65,"column":42},"end":{"line":65,"column":null}},"18":{"start":{"line":66,"column":44},"end":{"line":66,"column":null}},"19":{"start":{"line":67,"column":32},"end":{"line":67,"column":null}},"20":{"start":{"line":68,"column":48},"end":{"line":68,"column":null}},"21":{"start":{"line":69,"column":50},"end":{"line":69,"column":null}},"22":{"start":{"line":70,"column":52},"end":{"line":70,"column":null}},"23":{"start":{"line":71,"column":48},"end":{"line":71,"column":null}},"24":{"start":{"line":72,"column":52},"end":{"line":72,"column":null}},"25":{"start":{"line":74,"column":34},"end":{"line":85,"column":null}},"26":{"start":{"line":87,"column":2},"end":{"line":109,"column":null}},"27":{"start":{"line":88,"column":4},"end":{"line":88,"column":null}},"28":{"start":{"line":88,"column":16},"end":{"line":88,"column":23}},"29":{"start":{"line":90,"column":23},"end":{"line":90,"column":null}},"30":{"start":{"line":91,"column":14},"end":{"line":91,"column":null}},"31":{"start":{"line":93,"column":24},"end":{"line":106,"column":null}},"32":{"start":{"line":94,"column":36},"end":{"line":94,"column":38}},"33":{"start":{"line":95,"column":6},"end":{"line":104,"column":null}},"34":{"start":{"line":96,"column":21},"end":{"line":96,"column":null}},"35":{"start":{"line":97,"column":8},"end":{"line":103,"column":null}},"36":{"start":{"line":105,"column":6},"end":{"line":105,"column":null}},"37":{"start":{"line":108,"column":4},"end":{"line":108,"column":null}},"38":{"start":{"line":108,"column":17},"end":{"line":108,"column":null}},"39":{"start":{"line":111,"column":23},"end":{"line":209,"column":null}},"40":{"start":{"line":112,"column":4},"end":{"line":112,"column":null}},"41":{"start":{"line":113,"column":4},"end":{"line":113,"column":null}},"42":{"start":{"line":113,"column":16},"end":{"line":113,"column":23}},"43":{"start":{"line":115,"column":4},"end":{"line":115,"column":null}},"44":{"start":{"line":116,"column":4},"end":{"line":208,"column":null}},"45":{"start":{"line":117,"column":6},"end":{"line":196,"column":null}},"46":{"start":{"line":118,"column":26},"end":{"line":118,"column":null}},"47":{"start":{"line":119,"column":8},"end":{"line":130,"column":null}},"48":{"start":{"line":131,"column":8},"end":{"line":134,"column":null}},"49":{"start":{"line":136,"column":27},"end":{"line":136,"column":null}},"50":{"start":{"line":137,"column":29},"end":{"line":137,"column":null}},"51":{"start":{"line":139,"column":8},"end":{"line":151,"column":null}},"52":{"start":{"line":154,"column":8},"end":{"line":188,"column":null}},"53":{"start":{"line":155,"column":28},"end":{"line":155,"column":null}},"54":{"start":{"line":156,"column":30},"end":{"line":158,"column":null}},"55":{"start":{"line":160,"column":33},"end":{"line":160,"column":null}},"56":{"start":{"line":162,"column":10},"end":{"line":187,"column":null}},"57":{"start":{"line":163,"column":30},"end":{"line":163,"column":52}},"58":{"start":{"line":164,"column":31},"end":{"line":164,"column":null}},"59":{"start":{"line":167,"column":12},"end":{"line":186,"column":null}},"60":{"start":{"line":168,"column":39},"end":{"line":168,"column":null}},"61":{"start":{"line":169,"column":40},"end":{"line":169,"column":null}},"62":{"start":{"line":170,"column":35},"end":{"line":170,"column":null}},"63":{"start":{"line":171,"column":42},"end":{"line":171,"column":null}},"64":{"start":{"line":173,"column":61},"end":{"line":173,"column":null}},"65":{"start":{"line":174,"column":14},"end":{"line":178,"column":null}},"66":{"start":{"line":175,"column":16},"end":{"line":175,"column":null}},"67":{"start":{"line":176,"column":21},"end":{"line":178,"column":null}},"68":{"start":{"line":177,"column":16},"end":{"line":177,"column":null}},"69":{"start":{"line":181,"column":14},"end":{"line":185,"column":null}},"70":{"start":{"line":190,"column":8},"end":{"line":195,"column":null}},"71":{"start":{"line":198,"column":6},"end":{"line":198,"column":null}},"72":{"start":{"line":199,"column":6},"end":{"line":199,"column":null}},"73":{"start":{"line":201,"column":6},"end":{"line":205,"column":null}},"74":{"start":{"line":207,"column":6},"end":{"line":207,"column":null}},"75":{"start":{"line":211,"column":21},"end":{"line":226,"column":null}},"76":{"start":{"line":212,"column":4},"end":{"line":212,"column":null}},"77":{"start":{"line":213,"column":4},"end":{"line":224,"column":null}},"78":{"start":{"line":225,"column":4},"end":{"line":225,"column":null}},"79":{"start":{"line":228,"column":23},"end":{"line":290,"column":null}},"80":{"start":{"line":229,"column":4},"end":{"line":229,"column":null}},"81":{"start":{"line":229,"column":16},"end":{"line":229,"column":23}},"82":{"start":{"line":230,"column":4},"end":{"line":230,"column":null}},"83":{"start":{"line":230,"column":53},"end":{"line":230,"column":60}},"84":{"start":{"line":232,"column":4},"end":{"line":289,"column":null}},"85":{"start":{"line":234,"column":21},"end":{"line":234,"column":null}},"86":{"start":{"line":234,"column":41},"end":{"line":234,"column":null}},"87":{"start":{"line":236,"column":6},"end":{"line":270,"column":null}},"88":{"start":{"line":238,"column":26},"end":{"line":238,"column":null}},"89":{"start":{"line":239,"column":28},"end":{"line":241,"column":null}},"90":{"start":{"line":243,"column":31},"end":{"line":243,"column":null}},"91":{"start":{"line":245,"column":8},"end":{"line":269,"column":null}},"92":{"start":{"line":246,"column":28},"end":{"line":246,"column":50}},"93":{"start":{"line":247,"column":29},"end":{"line":247,"column":null}},"94":{"start":{"line":249,"column":10},"end":{"line":268,"column":null}},"95":{"start":{"line":250,"column":37},"end":{"line":250,"column":null}},"96":{"start":{"line":251,"column":38},"end":{"line":251,"column":null}},"97":{"start":{"line":252,"column":33},"end":{"line":252,"column":null}},"98":{"start":{"line":253,"column":40},"end":{"line":253,"column":null}},"99":{"start":{"line":255,"column":59},"end":{"line":255,"column":null}},"100":{"start":{"line":256,"column":12},"end":{"line":260,"column":null}},"101":{"start":{"line":257,"column":14},"end":{"line":257,"column":null}},"102":{"start":{"line":258,"column":19},"end":{"line":260,"column":null}},"103":{"start":{"line":259,"column":14},"end":{"line":259,"column":null}},"104":{"start":{"line":263,"column":12},"end":{"line":267,"column":null}},"105":{"start":{"line":273,"column":24},"end":{"line":273,"column":null}},"106":{"start":{"line":274,"column":6},"end":{"line":274,"column":null}},"107":{"start":{"line":276,"column":6},"end":{"line":281,"column":null}},"108":{"start":{"line":283,"column":6},"end":{"line":283,"column":null}},"109":{"start":{"line":284,"column":6},"end":{"line":288,"column":null}},"110":{"start":{"line":292,"column":20},"end":{"line":306,"column":null}},"111":{"start":{"line":293,"column":4},"end":{"line":304,"column":null}},"112":{"start":{"line":305,"column":4},"end":{"line":305,"column":null}},"113":{"start":{"line":308,"column":24},"end":{"line":311,"column":null}},"114":{"start":{"line":309,"column":4},"end":{"line":309,"column":null}},"115":{"start":{"line":310,"column":4},"end":{"line":310,"column":null}},"116":{"start":{"line":313,"column":25},"end":{"line":326,"column":null}},"117":{"start":{"line":314,"column":4},"end":{"line":325,"column":null}},"118":{"start":{"line":316,"column":8},"end":{"line":316,"column":null}},"119":{"start":{"line":318,"column":8},"end":{"line":318,"column":null}},"120":{"start":{"line":320,"column":8},"end":{"line":320,"column":null}},"121":{"start":{"line":322,"column":8},"end":{"line":322,"column":null}},"122":{"start":{"line":324,"column":8},"end":{"line":324,"column":null}},"123":{"start":{"line":328,"column":26},"end":{"line":331,"column":null}},"124":{"start":{"line":329,"column":4},"end":{"line":329,"column":null}},"125":{"start":{"line":330,"column":4},"end":{"line":330,"column":null}},"126":{"start":{"line":333,"column":28},"end":{"line":337,"column":null}},"127":{"start":{"line":334,"column":4},"end":{"line":334,"column":null}},"128":{"start":{"line":335,"column":4},"end":{"line":335,"column":null}},"129":{"start":{"line":336,"column":4},"end":{"line":336,"column":null}},"130":{"start":{"line":339,"column":30},"end":{"line":405,"column":null}},"131":{"start":{"line":340,"column":4},"end":{"line":347,"column":null}},"132":{"start":{"line":341,"column":6},"end":{"line":345,"column":null}},"133":{"start":{"line":346,"column":6},"end":{"line":346,"column":null}},"134":{"start":{"line":349,"column":4},"end":{"line":349,"column":null}},"135":{"start":{"line":350,"column":4},"end":{"line":404,"column":null}},"136":{"start":{"line":352,"column":24},"end":{"line":352,"column":null}},"137":{"start":{"line":353,"column":6},"end":{"line":358,"column":null}},"138":{"start":{"line":361,"column":26},"end":{"line":361,"column":null}},"139":{"start":{"line":362,"column":6},"end":{"line":372,"column":null}},"140":{"start":{"line":375,"column":6},"end":{"line":385,"column":null}},"141":{"start":{"line":387,"column":6},"end":{"line":390,"column":null}},"142":{"start":{"line":392,"column":6},"end":{"line":392,"column":null}},"143":{"start":{"line":393,"column":6},"end":{"line":393,"column":null}},"144":{"start":{"line":394,"column":6},"end":{"line":394,"column":null}},"145":{"start":{"line":396,"column":6},"end":{"line":396,"column":null}},"146":{"start":{"line":397,"column":6},"end":{"line":401,"column":null}},"147":{"start":{"line":403,"column":6},"end":{"line":403,"column":null}},"148":{"start":{"line":448,"column":18},"end":{"line":448,"column":null}},"149":{"start":{"line":499,"column":41},"end":{"line":499,"column":null}},"150":{"start":{"line":517,"column":45},"end":{"line":517,"column":null}},"151":{"start":{"line":526,"column":41},"end":{"line":526,"column":null}},"152":{"start":{"line":533,"column":41},"end":{"line":533,"column":null}},"153":{"start":{"line":568,"column":22},"end":{"line":568,"column":null}},"154":{"start":{"line":579,"column":22},"end":{"line":579,"column":null}},"155":{"start":{"line":594,"column":22},"end":{"line":594,"column":null}},"156":{"start":{"line":605,"column":22},"end":{"line":605,"column":null}},"157":{"start":{"line":618,"column":22},"end":{"line":618,"column":null}},"158":{"start":{"line":633,"column":22},"end":{"line":633,"column":null}},"159":{"start":{"line":652,"column":22},"end":{"line":652,"column":null}},"160":{"start":{"line":664,"column":22},"end":{"line":664,"column":null}},"161":{"start":{"line":676,"column":20},"end":{"line":676,"column":null}},"162":{"start":{"line":687,"column":20},"end":{"line":687,"column":null}},"163":{"start":{"line":696,"column":31},"end":{"line":696,"column":null}},"164":{"start":{"line":731,"column":29},"end":{"line":731,"column":null}},"165":{"start":{"line":738,"column":31},"end":{"line":738,"column":null}},"166":{"start":{"line":771,"column":33},"end":{"line":771,"column":null}},"167":{"start":{"line":781,"column":29},"end":{"line":781,"column":null}}},"fnMap":{"0":{"name":"ChequesPage","decl":{"start":{"line":61,"column":24},"end":{"line":61,"column":null}},"loc":{"start":{"line":61,"column":24},"end":{"line":798,"column":null}}},"1":{"name":"(anonymous_3)","decl":{"start":{"line":87,"column":12},"end":{"line":87,"column":null}},"loc":{"start":{"line":87,"column":12},"end":{"line":109,"column":5}}},"2":{"name":"(anonymous_4)","decl":{"start":{"line":93,"column":38},"end":{"line":93,"column":39}},"loc":{"start":{"line":93,"column":39},"end":{"line":106,"column":null}}},"3":{"name":"(anonymous_5)","decl":{"start":{"line":95,"column":23},"end":{"line":95,"column":24}},"loc":{"start":{"line":95,"column":24},"end":{"line":104,"column":null}}},"4":{"name":"(anonymous_6)","decl":{"start":{"line":108,"column":11},"end":{"line":108,"column":17}},"loc":{"start":{"line":108,"column":17},"end":{"line":108,"column":null}}},"5":{"name":"(anonymous_7)","decl":{"start":{"line":111,"column":23},"end":{"line":111,"column":30}},"loc":{"start":{"line":111,"column":30},"end":{"line":209,"column":null}}},"6":{"name":"(anonymous_8)","decl":{"start":{"line":211,"column":21},"end":{"line":211,"column":22}},"loc":{"start":{"line":211,"column":22},"end":{"line":226,"column":null}}},"7":{"name":"(anonymous_9)","decl":{"start":{"line":228,"column":23},"end":{"line":228,"column":30}},"loc":{"start":{"line":228,"column":30},"end":{"line":290,"column":null}}},"8":{"name":"(anonymous_10)","decl":{"start":{"line":234,"column":34},"end":{"line":234,"column":35}},"loc":{"start":{"line":234,"column":41},"end":{"line":234,"column":null}}},"9":{"name":"(anonymous_11)","decl":{"start":{"line":292,"column":20},"end":{"line":292,"column":null}},"loc":{"start":{"line":292,"column":20},"end":{"line":306,"column":null}}},"10":{"name":"(anonymous_12)","decl":{"start":{"line":308,"column":24},"end":{"line":308,"column":null}},"loc":{"start":{"line":308,"column":24},"end":{"line":311,"column":null}}},"11":{"name":"(anonymous_13)","decl":{"start":{"line":313,"column":25},"end":{"line":313,"column":26}},"loc":{"start":{"line":313,"column":26},"end":{"line":326,"column":null}}},"12":{"name":"(anonymous_14)","decl":{"start":{"line":328,"column":26},"end":{"line":328,"column":27}},"loc":{"start":{"line":328,"column":27},"end":{"line":331,"column":null}}},"13":{"name":"(anonymous_15)","decl":{"start":{"line":333,"column":28},"end":{"line":333,"column":29}},"loc":{"start":{"line":333,"column":29},"end":{"line":337,"column":null}}},"14":{"name":"(anonymous_16)","decl":{"start":{"line":339,"column":30},"end":{"line":339,"column":null}},"loc":{"start":{"line":339,"column":30},"end":{"line":405,"column":null}}},"15":{"name":"(anonymous_17)","decl":{"start":{"line":447,"column":29},"end":{"line":447,"column":30}},"loc":{"start":{"line":448,"column":18},"end":{"line":448,"column":null}}},"16":{"name":"(anonymous_18)","decl":{"start":{"line":499,"column":35},"end":{"line":499,"column":41}},"loc":{"start":{"line":499,"column":41},"end":{"line":499,"column":null}}},"17":{"name":"(anonymous_19)","decl":{"start":{"line":517,"column":39},"end":{"line":517,"column":45}},"loc":{"start":{"line":517,"column":45},"end":{"line":517,"column":null}}},"18":{"name":"(anonymous_20)","decl":{"start":{"line":526,"column":35},"end":{"line":526,"column":41}},"loc":{"start":{"line":526,"column":41},"end":{"line":526,"column":null}}},"19":{"name":"(anonymous_21)","decl":{"start":{"line":533,"column":35},"end":{"line":533,"column":41}},"loc":{"start":{"line":533,"column":41},"end":{"line":533,"column":null}}},"20":{"name":"(anonymous_22)","decl":{"start":{"line":567,"column":30},"end":{"line":567,"column":31}},"loc":{"start":{"line":568,"column":22},"end":{"line":568,"column":null}}},"21":{"name":"(anonymous_23)","decl":{"start":{"line":578,"column":30},"end":{"line":578,"column":31}},"loc":{"start":{"line":579,"column":22},"end":{"line":579,"column":null}}},"22":{"name":"(anonymous_24)","decl":{"start":{"line":593,"column":30},"end":{"line":593,"column":31}},"loc":{"start":{"line":594,"column":22},"end":{"line":594,"column":null}}},"23":{"name":"(anonymous_25)","decl":{"start":{"line":604,"column":30},"end":{"line":604,"column":31}},"loc":{"start":{"line":605,"column":22},"end":{"line":605,"column":null}}},"24":{"name":"(anonymous_26)","decl":{"start":{"line":617,"column":30},"end":{"line":617,"column":31}},"loc":{"start":{"line":618,"column":22},"end":{"line":618,"column":null}}},"25":{"name":"(anonymous_27)","decl":{"start":{"line":632,"column":30},"end":{"line":632,"column":31}},"loc":{"start":{"line":633,"column":22},"end":{"line":633,"column":null}}},"26":{"name":"(anonymous_28)","decl":{"start":{"line":651,"column":30},"end":{"line":651,"column":31}},"loc":{"start":{"line":652,"column":22},"end":{"line":652,"column":null}}},"27":{"name":"(anonymous_29)","decl":{"start":{"line":663,"column":30},"end":{"line":663,"column":31}},"loc":{"start":{"line":664,"column":22},"end":{"line":664,"column":null}}},"28":{"name":"(anonymous_30)","decl":{"start":{"line":675,"column":28},"end":{"line":675,"column":29}},"loc":{"start":{"line":676,"column":20},"end":{"line":676,"column":null}}},"29":{"name":"(anonymous_31)","decl":{"start":{"line":686,"column":28},"end":{"line":686,"column":29}},"loc":{"start":{"line":687,"column":20},"end":{"line":687,"column":null}}},"30":{"name":"(anonymous_32)","decl":{"start":{"line":696,"column":25},"end":{"line":696,"column":31}},"loc":{"start":{"line":696,"column":31},"end":{"line":696,"column":null}}},"31":{"name":"(anonymous_33)","decl":{"start":{"line":731,"column":23},"end":{"line":731,"column":29}},"loc":{"start":{"line":731,"column":29},"end":{"line":731,"column":null}}},"32":{"name":"(anonymous_34)","decl":{"start":{"line":738,"column":25},"end":{"line":738,"column":31}},"loc":{"start":{"line":738,"column":31},"end":{"line":738,"column":null}}},"33":{"name":"(anonymous_35)","decl":{"start":{"line":771,"column":26},"end":{"line":771,"column":27}},"loc":{"start":{"line":771,"column":33},"end":{"line":771,"column":null}}},"34":{"name":"(anonymous_36)","decl":{"start":{"line":781,"column":23},"end":{"line":781,"column":29}},"loc":{"start":{"line":781,"column":29},"end":{"line":781,"column":null}}}},"branchMap":{"0":{"loc":{"start":{"line":88,"column":4},"end":{"line":88,"column":null}},"type":"if","locations":[{"start":{"line":88,"column":4},"end":{"line":88,"column":null}},{"start":{},"end":{}}]},"1":{"loc":{"start":{"line":100,"column":21},"end":{"line":100,"column":null}},"type":"cond-expr","locations":[{"start":{"line":100,"column":46},"end":{"line":100,"column":72}},{"start":{"line":100,"column":72},"end":{"line":100,"column":null}}]},"2":{"loc":{"start":{"line":101,"column":19},"end":{"line":101,"column":null}},"type":"cond-expr","locations":[{"start":{"line":101,"column":42},"end":{"line":101,"column":66}},{"start":{"line":101,"column":66},"end":{"line":101,"column":null}}]},"3":{"loc":{"start":{"line":102,"column":21},"end":{"line":102,"column":null}},"type":"cond-expr","locations":[{"start":{"line":102,"column":46},"end":{"line":102,"column":72}},{"start":{"line":102,"column":72},"end":{"line":102,"column":null}}]},"4":{"loc":{"start":{"line":113,"column":4},"end":{"line":113,"column":null}},"type":"if","locations":[{"start":{"line":113,"column":4},"end":{"line":113,"column":null}},{"start":{},"end":{}}]},"5":{"loc":{"start":{"line":117,"column":6},"end":{"line":196,"column":null}},"type":"if","locations":[{"start":{"line":117,"column":6},"end":{"line":196,"column":null}},{"start":{"line":135,"column":13},"end":{"line":196,"column":null}}]},"6":{"loc":{"start":{"line":154,"column":8},"end":{"line":188,"column":null}},"type":"if","locations":[{"start":{"line":154,"column":8},"end":{"line":188,"column":null}},{"start":{},"end":{}}]},"7":{"loc":{"start":{"line":162,"column":10},"end":{"line":187,"column":null}},"type":"if","locations":[{"start":{"line":162,"column":10},"end":{"line":187,"column":null}},{"start":{},"end":{}}]},"8":{"loc":{"start":{"line":167,"column":12},"end":{"line":186,"column":null}},"type":"if","locations":[{"start":{"line":167,"column":12},"end":{"line":186,"column":null}},{"start":{},"end":{}}]},"9":{"loc":{"start":{"line":168,"column":39},"end":{"line":168,"column":null}},"type":"binary-expr","locations":[{"start":{"line":168,"column":39},"end":{"line":168,"column":59}},{"start":{"line":168,"column":63},"end":{"line":168,"column":null}}]},"10":{"loc":{"start":{"line":169,"column":40},"end":{"line":169,"column":null}},"type":"binary-expr","locations":[{"start":{"line":169,"column":40},"end":{"line":169,"column":57}},{"start":{"line":169,"column":61},"end":{"line":169,"column":null}}]},"11":{"loc":{"start":{"line":174,"column":14},"end":{"line":178,"column":null}},"type":"if","locations":[{"start":{"line":174,"column":14},"end":{"line":178,"column":null}},{"start":{"line":176,"column":21},"end":{"line":178,"column":null}}]},"12":{"loc":{"start":{"line":176,"column":21},"end":{"line":178,"column":null}},"type":"if","locations":[{"start":{"line":176,"column":21},"end":{"line":178,"column":null}},{"start":{},"end":{}}]},"13":{"loc":{"start":{"line":192,"column":23},"end":{"line":194,"column":null}},"type":"cond-expr","locations":[{"start":{"line":193,"column":14},"end":{"line":193,"column":null}},{"start":{"line":194,"column":14},"end":{"line":194,"column":null}}]},"14":{"loc":{"start":{"line":214,"column":20},"end":{"line":214,"column":null}},"type":"binary-expr","locations":[{"start":{"line":214,"column":20},"end":{"line":214,"column":39}},{"start":{"line":214,"column":43},"end":{"line":214,"column":null}}]},"15":{"loc":{"start":{"line":215,"column":18},"end":{"line":215,"column":null}},"type":"binary-expr","locations":[{"start":{"line":215,"column":18},"end":{"line":215,"column":35}},{"start":{"line":215,"column":39},"end":{"line":215,"column":null}}]},"16":{"loc":{"start":{"line":216,"column":15},"end":{"line":216,"column":35}},"type":"binary-expr","locations":[{"start":{"line":216,"column":15},"end":{"line":216,"column":28}},{"start":{"line":216,"column":32},"end":{"line":216,"column":35}}]},"17":{"loc":{"start":{"line":217,"column":12},"end":{"line":217,"column":null}},"type":"binary-expr","locations":[{"start":{"line":217,"column":12},"end":{"line":217,"column":23}},{"start":{"line":217,"column":27},"end":{"line":217,"column":null}}]},"18":{"loc":{"start":{"line":218,"column":14},"end":{"line":218,"column":null}},"type":"binary-expr","locations":[{"start":{"line":218,"column":14},"end":{"line":218,"column":27}},{"start":{"line":218,"column":31},"end":{"line":218,"column":null}}]},"19":{"loc":{"start":{"line":219,"column":27},"end":{"line":219,"column":null}},"type":"binary-expr","locations":[{"start":{"line":219,"column":27},"end":{"line":219,"column":53}},{"start":{"line":219,"column":57},"end":{"line":219,"column":null}}]},"20":{"loc":{"start":{"line":220,"column":17},"end":{"line":220,"column":131}},"type":"cond-expr","locations":[{"start":{"line":220,"column":36},"end":{"line":220,"column":90}},{"start":{"line":220,"column":93},"end":{"line":220,"column":131}}]},"21":{"loc":{"start":{"line":221,"column":15},"end":{"line":221,"column":125}},"type":"cond-expr","locations":[{"start":{"line":221,"column":32},"end":{"line":221,"column":84}},{"start":{"line":221,"column":87},"end":{"line":221,"column":125}}]},"22":{"loc":{"start":{"line":222,"column":16},"end":{"line":222,"column":null}},"type":"binary-expr","locations":[{"start":{"line":222,"column":16},"end":{"line":222,"column":31}},{"start":{"line":222,"column":35},"end":{"line":222,"column":null}}]},"23":{"loc":{"start":{"line":223,"column":13},"end":{"line":223,"column":null}},"type":"binary-expr","locations":[{"start":{"line":223,"column":13},"end":{"line":223,"column":25}},{"start":{"line":223,"column":29},"end":{"line":223,"column":null}}]},"24":{"loc":{"start":{"line":229,"column":4},"end":{"line":229,"column":null}},"type":"if","locations":[{"start":{"line":229,"column":4},"end":{"line":229,"column":null}},{"start":{},"end":{}}]},"25":{"loc":{"start":{"line":230,"column":4},"end":{"line":230,"column":null}},"type":"if","locations":[{"start":{"line":230,"column":4},"end":{"line":230,"column":null}},{"start":{},"end":{}}]},"26":{"loc":{"start":{"line":236,"column":6},"end":{"line":270,"column":null}},"type":"if","locations":[{"start":{"line":236,"column":6},"end":{"line":270,"column":null}},{"start":{},"end":{}}]},"27":{"loc":{"start":{"line":236,"column":10},"end":{"line":236,"column":46}},"type":"binary-expr","locations":[{"start":{"line":236,"column":10},"end":{"line":236,"column":20}},{"start":{"line":236,"column":20},"end":{"line":236,"column":46}}]},"28":{"loc":{"start":{"line":245,"column":8},"end":{"line":269,"column":null}},"type":"if","locations":[{"start":{"line":245,"column":8},"end":{"line":269,"column":null}},{"start":{},"end":{}}]},"29":{"loc":{"start":{"line":249,"column":10},"end":{"line":268,"column":null}},"type":"if","locations":[{"start":{"line":249,"column":10},"end":{"line":268,"column":null}},{"start":{},"end":{}}]},"30":{"loc":{"start":{"line":250,"column":37},"end":{"line":250,"column":null}},"type":"binary-expr","locations":[{"start":{"line":250,"column":37},"end":{"line":250,"column":57}},{"start":{"line":250,"column":61},"end":{"line":250,"column":null}}]},"31":{"loc":{"start":{"line":251,"column":38},"end":{"line":251,"column":null}},"type":"binary-expr","locations":[{"start":{"line":251,"column":38},"end":{"line":251,"column":55}},{"start":{"line":251,"column":59},"end":{"line":251,"column":null}}]},"32":{"loc":{"start":{"line":256,"column":12},"end":{"line":260,"column":null}},"type":"if","locations":[{"start":{"line":256,"column":12},"end":{"line":260,"column":null}},{"start":{"line":258,"column":19},"end":{"line":260,"column":null}}]},"33":{"loc":{"start":{"line":258,"column":19},"end":{"line":260,"column":null}},"type":"if","locations":[{"start":{"line":258,"column":19},"end":{"line":260,"column":null}},{"start":{},"end":{}}]},"34":{"loc":{"start":{"line":278,"column":21},"end":{"line":280,"column":null}},"type":"cond-expr","locations":[{"start":{"line":279,"column":12},"end":{"line":279,"column":null}},{"start":{"line":280,"column":12},"end":{"line":280,"column":null}}]},"35":{"loc":{"start":{"line":314,"column":4},"end":{"line":325,"column":null}},"type":"switch","locations":[{"start":{"line":315,"column":6},"end":{"line":316,"column":null}},{"start":{"line":317,"column":6},"end":{"line":318,"column":null}},{"start":{"line":319,"column":6},"end":{"line":320,"column":null}},{"start":{"line":321,"column":6},"end":{"line":322,"column":null}},{"start":{"line":323,"column":6},"end":{"line":324,"column":null}}]},"36":{"loc":{"start":{"line":340,"column":4},"end":{"line":347,"column":null}},"type":"if","locations":[{"start":{"line":340,"column":4},"end":{"line":347,"column":null}},{"start":{},"end":{}}]},"37":{"loc":{"start":{"line":340,"column":8},"end":{"line":340,"column":64}},"type":"binary-expr","locations":[{"start":{"line":340,"column":8},"end":{"line":340,"column":17}},{"start":{"line":340,"column":17},"end":{"line":340,"column":37}},{"start":{"line":340,"column":37},"end":{"line":340,"column":64}}]},"38":{"loc":{"start":{"line":366,"column":29},"end":{"line":366,"column":null}},"type":"binary-expr","locations":[{"start":{"line":366,"column":29},"end":{"line":366,"column":64}},{"start":{"line":366,"column":68},"end":{"line":366,"column":null}}]},"39":{"loc":{"start":{"line":379,"column":29},"end":{"line":379,"column":null}},"type":"binary-expr","locations":[{"start":{"line":379,"column":29},"end":{"line":379,"column":64}},{"start":{"line":379,"column":68},"end":{"line":379,"column":null}}]},"40":{"loc":{"start":{"line":426,"column":12},"end":{"line":430,"column":13}},"type":"cond-expr","locations":[{"start":{"line":426,"column":12},"end":{"line":430,"column":13}}]},"41":{"loc":{"start":{"line":455,"column":25},"end":{"line":455,"column":42}},"type":"binary-expr","locations":[{"start":{"line":455,"column":25},"end":{"line":455,"column":42}}]},"42":{"loc":{"start":{"line":463,"column":32},"end":{"line":463,"column":51}},"type":"binary-expr","locations":[{"start":{"line":463,"column":32},"end":{"line":463,"column":45}},{"start":{"line":463,"column":49},"end":{"line":463,"column":51}}]},"43":{"loc":{"start":{"line":466,"column":69},"end":{"line":468,"column":null}},"type":"cond-expr","locations":[{"start":{"line":467,"column":30},"end":{"line":467,"column":null}},{"start":{"line":468,"column":30},"end":{"line":468,"column":null}}]},"44":{"loc":{"start":{"line":476,"column":25},"end":{"line":476,"column":null}},"type":"cond-expr","locations":[{"start":{"line":476,"column":56},"end":{"line":476,"column":69}},{"start":{"line":476,"column":69},"end":{"line":476,"column":null}}]},"45":{"loc":{"start":{"line":492,"column":23},"end":{"line":492,"column":null}},"type":"binary-expr","locations":[{"start":{"line":492,"column":23},"end":{"line":492,"column":49}},{"start":{"line":492,"column":53},"end":{"line":492,"column":null}}]},"46":{"loc":{"start":{"line":496,"column":24},"end":{"line":505,"column":25}},"type":"cond-expr","locations":[{"start":{"line":496,"column":24},"end":{"line":505,"column":25}}]},"47":{"loc":{"start":{"line":511,"column":25},"end":{"line":511,"column":null}},"type":"binary-expr","locations":[{"start":{"line":511,"column":25},"end":{"line":511,"column":null}},{"start":{"line":512,"column":26},"end":{"line":512,"column":null}},{"start":{"line":513,"column":26},"end":{"line":513,"column":null}}]},"48":{"loc":{"start":{"line":551,"column":15},"end":{"line":551,"column":null}},"type":"cond-expr","locations":[{"start":{"line":551,"column":31},"end":{"line":551,"column":47}},{"start":{"line":551,"column":47},"end":{"line":551,"column":null}}]},"49":{"loc":{"start":{"line":554,"column":15},"end":{"line":556,"column":null}},"type":"cond-expr","locations":[{"start":{"line":555,"column":18},"end":{"line":555,"column":null}},{"start":{"line":556,"column":18},"end":{"line":556,"column":null}}]},"50":{"loc":{"start":{"line":701,"column":17},"end":{"line":701,"column":null}},"type":"cond-expr","locations":[{"start":{"line":701,"column":27},"end":{"line":701,"column":45}},{"start":{"line":701,"column":45},"end":{"line":701,"column":null}}]},"51":{"loc":{"start":{"line":701,"column":45},"end":{"line":701,"column":null}},"type":"cond-expr","locations":[{"start":{"line":701,"column":61},"end":{"line":701,"column":71}},{"start":{"line":701,"column":71},"end":{"line":701,"column":null}}]},"52":{"loc":{"start":{"line":715,"column":13},"end":{"line":715,"column":null}},"type":"binary-expr","locations":[{"start":{"line":715,"column":13},"end":{"line":715,"column":null}}]},"53":{"loc":{"start":{"line":735,"column":13},"end":{"line":735,"column":null}},"type":"binary-expr","locations":[{"start":{"line":735,"column":13},"end":{"line":735,"column":null}}]},"54":{"loc":{"start":{"line":753,"column":15},"end":{"line":753,"column":null}},"type":"binary-expr","locations":[{"start":{"line":753,"column":15},"end":{"line":753,"column":null}}]},"55":{"loc":{"start":{"line":789,"column":24},"end":{"line":789,"column":null}},"type":"binary-expr","locations":[{"start":{"line":789,"column":24},"end":{"line":789,"column":35}},{"start":{"line":789,"column":35},"end":{"line":789,"column":null}}]},"56":{"loc":{"start":{"line":791,"column":15},"end":{"line":791,"column":null}},"type":"cond-expr","locations":[{"start":{"line":791,"column":25},"end":{"line":791,"column":45}},{"start":{"line":791,"column":45},"end":{"line":791,"column":null}}]}},"s":{"0":0,"1":0,"2":0,"3":0,"4":0,"5":0,"6":0,"7":0,"8":0,"9":0,"10":0,"11":0,"12":0,"13":0,"14":0,"15":0,"16":0,"17":0,"18":0,"19":0,"20":0,"21":0,"22":0,"23":0,"24":0,"25":0,"26":0,"27":0,"28":0,"29":0,"30":0,"31":0,"32":0,"33":0,"34":0,"35":0,"36":0,"37":0,"38":0,"39":0,"40":0,"41":0,"42":0,"43":0,"44":0,"45":0,"46":0,"47":0,"48":0,"49":0,"50":0,"51":0,"52":0,"53":0,"54":0,"55":0,"56":0,"57":0,"58":0,"59":0,"60":0,"61":0,"62":0,"63":0,"64":0,"65":0,"66":0,"67":0,"68":0,"69":0,"70":0,"71":0,"72":0,"73":0,"74":0,"75":0,"76":0,"77":0,"78":0,"79":0,"80":0,"81":0,"82":0,"83":0,"84":0,"85":0,"86":0,"87":0,"88":0,"89":0,"90":0,"91":0,"92":0,"93":0,"94":0,"95":0,"96":0,"97":0,"98":0,"99":0,"100":0,"101":0,"102":0,"103":0,"104":0,"105":0,"106":0,"107":0,"108":0,"109":0,"110":0,"111":0,"112":0,"113":0,"114":0,"115":0,"116":0,"117":0,"118":0,"119":0,"120":0,"121":0,"122":0,"123":0,"124":0,"125":0,"126":0,"127":0,"128":0,"129":0,"130":0,"131":0,"132":0,"133":0,"134":0,"135":0,"136":0,"137":0,"138":0,"139":0,"140":0,"141":0,"142":0,"143":0,"144":0,"145":0,"146":0,"147":0,"148":0,"149":0,"150":0,"151":0,"152":0,"153":0,"154":0,"155":0,"156":0,"157":0,"158":0,"159":0,"160":0,"161":0,"162":0,"163":0,"164":0,"165":0,"166":0,"167":0},"f":{"0":0,"1":0,"2":0,"3":0,"4":0,"5":0,"6":0,"7":0,"8":0,"9":0,"10":0,"11":0,"12":0,"13":0,"14":0,"15":0,"16":0,"17":0,"18":0,"19":0,"20":0,"21":0,"22":0,"23":0,"24":0,"25":0,"26":0,"27":0,"28":0,"29":0,"30":0,"31":0,"32":0,"33":0,"34":0},"b":{"0":[0,0],"1":[0,0],"2":[0,0],"3":[0,0],"4":[0,0],"5":[0,0],"6":[0,0],"7":[0,0],"8":[0,0],"9":[0,0],"10":[0,0],"11":[0,0],"12":[0,0],"13":[0,0],"14":[0,0],"15":[0,0],"16":[0,0],"17":[0,0],"18":[0,0],"19":[0,0],"20":[0,0],"21":[0,0],"22":[0,0],"23":[0,0],"24":[0,0],"25":[0,0],"26":[0,0],"27":[0,0],"28":[0,0],"29":[0,0],"30":[0,0],"31":[0,0],"32":[0,0],"33":[0,0],"34":[0,0],"35":[0,0,0,0,0],"36":[0,0],"37":[0,0,0],"38":[0,0],"39":[0,0],"40":[0],"41":[0],"42":[0,0],"43":[0,0],"44":[0,0],"45":[0,0],"46":[0],"47":[0,0,0],"48":[0,0],"49":[0,0],"50":[0,0],"51":[0,0],"52":[0],"53":[0],"54":[0],"55":[0,0],"56":[0,0]}}
,"C:\\Users\\jamil\\FactoryFlow_Complete antigravity\\factory-flow\\src\\components\\cheques\\incoming-cheques-page.tsx": {"path":"C:\\Users\\jamil\\FactoryFlow_Complete antigravity\\factory-flow\\src\\components\\cheques\\incoming-cheques-page.tsx","statementMap":{"0":{"start":{"line":61,"column":24},"end":{"line":61,"column":null}},"1":{"start":{"line":3,"column":36},"end":{"line":3,"column":null}},"2":{"start":{"line":4,"column":18},"end":{"line":4,"column":null}},"3":{"start":{"line":5,"column":57},"end":{"line":5,"column":null}},"4":{"start":{"line":6,"column":23},"end":{"line":6,"column":null}},"5":{"start":{"line":7,"column":22},"end":{"line":7,"column":null}},"6":{"start":{"line":8,"column":22},"end":{"line":8,"column":null}},"7":{"start":{"line":16,"column":7},"end":{"line":16,"column":null}},"8":{"start":{"line":24,"column":7},"end":{"line":24,"column":null}},"9":{"start":{"line":25,"column":69},"end":{"line":25,"column":null}},"10":{"start":{"line":26,"column":24},"end":{"line":26,"column":null}},"11":{"start":{"line":27,"column":25},"end":{"line":27,"column":null}},"12":{"start":{"line":39,"column":7},"end":{"line":39,"column":null}},"13":{"start":{"line":40,"column":26},"end":{"line":40,"column":null}},"14":{"start":{"line":62,"column":19},"end":{"line":62,"column":null}},"15":{"start":{"line":63,"column":20},"end":{"line":63,"column":null}},"16":{"start":{"line":64,"column":32},"end":{"line":64,"column":null}},"17":{"start":{"line":65,"column":42},"end":{"line":65,"column":null}},"18":{"start":{"line":66,"column":44},"end":{"line":66,"column":null}},"19":{"start":{"line":67,"column":32},"end":{"line":67,"column":null}},"20":{"start":{"line":68,"column":48},"end":{"line":68,"column":null}},"21":{"start":{"line":69,"column":50},"end":{"line":69,"column":null}},"22":{"start":{"line":70,"column":52},"end":{"line":70,"column":null}},"23":{"start":{"line":71,"column":48},"end":{"line":71,"column":null}},"24":{"start":{"line":72,"column":52},"end":{"line":72,"column":null}},"25":{"start":{"line":73,"column":58},"end":{"line":73,"column":null}},"26":{"start":{"line":75,"column":34},"end":{"line":85,"column":null}},"27":{"start":{"line":87,"column":2},"end":{"line":113,"column":null}},"28":{"start":{"line":88,"column":4},"end":{"line":88,"column":null}},"29":{"start":{"line":88,"column":16},"end":{"line":88,"column":23}},"30":{"start":{"line":90,"column":23},"end":{"line":90,"column":null}},"31":{"start":{"line":92,"column":14},"end":{"line":92,"column":null}},"32":{"start":{"line":94,"column":24},"end":{"line":110,"column":null}},"33":{"start":{"line":95,"column":36},"end":{"line":95,"column":38}},"34":{"start":{"line":96,"column":6},"end":{"line":108,"column":null}},"35":{"start":{"line":97,"column":21},"end":{"line":97,"column":null}},"36":{"start":{"line":99,"column":8},"end":{"line":107,"column":null}},"37":{"start":{"line":100,"column":10},"end":{"line":106,"column":null}},"38":{"start":{"line":109,"column":6},"end":{"line":109,"column":null}},"39":{"start":{"line":112,"column":4},"end":{"line":112,"column":null}},"40":{"start":{"line":112,"column":17},"end":{"line":112,"column":null}},"41":{"start":{"line":115,"column":23},"end":{"line":170,"column":null}},"42":{"start":{"line":116,"column":4},"end":{"line":116,"column":null}},"43":{"start":{"line":117,"column":4},"end":{"line":117,"column":null}},"44":{"start":{"line":117,"column":16},"end":{"line":117,"column":23}},"45":{"start":{"line":119,"column":4},"end":{"line":119,"column":null}},"46":{"start":{"line":120,"column":4},"end":{"line":169,"column":null}},"47":{"start":{"line":121,"column":6},"end":{"line":157,"column":null}},"48":{"start":{"line":122,"column":26},"end":{"line":122,"column":null}},"49":{"start":{"line":123,"column":8},"end":{"line":133,"column":null}},"50":{"start":{"line":134,"column":8},"end":{"line":137,"column":null}},"51":{"start":{"line":139,"column":27},"end":{"line":139,"column":null}},"52":{"start":{"line":140,"column":8},"end":{"line":152,"column":null}},"53":{"start":{"line":153,"column":8},"end":{"line":156,"column":null}},"54":{"start":{"line":159,"column":6},"end":{"line":159,"column":null}},"55":{"start":{"line":160,"column":6},"end":{"line":160,"column":null}},"56":{"start":{"line":162,"column":6},"end":{"line":166,"column":null}},"57":{"start":{"line":168,"column":6},"end":{"line":168,"column":null}},"58":{"start":{"line":172,"column":21},"end":{"line":186,"column":null}},"59":{"start":{"line":173,"column":4},"end":{"line":173,"column":null}},"60":{"start":{"line":174,"column":4},"end":{"line":184,"column":null}},"61":{"start":{"line":185,"column":4},"end":{"line":185,"column":null}},"62":{"start":{"line":188,"column":23},"end":{"line":206,"column":null}},"63":{"start":{"line":189,"column":4},"end":{"line":189,"column":null}},"64":{"start":{"line":189,"column":16},"end":{"line":189,"column":23}},"65":{"start":{"line":190,"column":4},"end":{"line":190,"column":null}},"66":{"start":{"line":190,"column":53},"end":{"line":190,"column":60}},"67":{"start":{"line":192,"column":4},"end":{"line":205,"column":null}},"68":{"start":{"line":193,"column":24},"end":{"line":193,"column":null}},"69":{"start":{"line":194,"column":6},"end":{"line":194,"column":null}},"70":{"start":{"line":195,"column":6},"end":{"line":198,"column":null}},"71":{"start":{"line":200,"column":6},"end":{"line":204,"column":null}},"72":{"start":{"line":208,"column":20},"end":{"line":221,"column":null}},"73":{"start":{"line":209,"column":4},"end":{"line":219,"column":null}},"74":{"start":{"line":220,"column":4},"end":{"line":220,"column":null}},"75":{"start":{"line":223,"column":24},"end":{"line":226,"column":null}},"76":{"start":{"line":224,"column":4},"end":{"line":224,"column":null}},"77":{"start":{"line":225,"column":4},"end":{"line":225,"column":null}},"78":{"start":{"line":228,"column":25},"end":{"line":241,"column":null}},"79":{"start":{"line":229,"column":4},"end":{"line":240,"column":null}},"80":{"start":{"line":231,"column":8},"end":{"line":231,"column":null}},"81":{"start":{"line":233,"column":8},"end":{"line":233,"column":null}},"82":{"start":{"line":235,"column":8},"end":{"line":235,"column":null}},"83":{"start":{"line":237,"column":8},"end":{"line":237,"column":null}},"84":{"start":{"line":239,"column":8},"end":{"line":239,"column":null}},"85":{"start":{"line":243,"column":26},"end":{"line":246,"column":null}},"86":{"start":{"line":244,"column":4},"end":{"line":244,"column":null}},"87":{"start":{"line":245,"column":4},"end":{"line":245,"column":null}},"88":{"start":{"line":248,"column":28},"end":{"line":253,"column":null}},"89":{"start":{"line":249,"column":4},"end":{"line":249,"column":null}},"90":{"start":{"line":250,"column":4},"end":{"line":250,"column":null}},"91":{"start":{"line":251,"column":4},"end":{"line":251,"column":null}},"92":{"start":{"line":252,"column":4},"end":{"line":252,"column":null}},"93":{"start":{"line":255,"column":30},"end":{"line":349,"column":null}},"94":{"start":{"line":256,"column":4},"end":{"line":263,"column":null}},"95":{"start":{"line":257,"column":6},"end":{"line":261,"column":null}},"96":{"start":{"line":262,"column":6},"end":{"line":262,"column":null}},"97":{"start":{"line":265,"column":4},"end":{"line":265,"column":null}},"98":{"start":{"line":266,"column":4},"end":{"line":348,"column":null}},"99":{"start":{"line":267,"column":25},"end":{"line":267,"column":null}},"100":{"start":{"line":270,"column":32},"end":{"line":270,"column":null}},"101":{"start":{"line":271,"column":6},"end":{"line":276,"column":null}},"102":{"start":{"line":279,"column":32},"end":{"line":294,"column":null}},"103":{"start":{"line":297,"column":6},"end":{"line":299,"column":null}},"104":{"start":{"line":302,"column":26},"end":{"line":302,"column":null}},"105":{"start":{"line":303,"column":6},"end":{"line":314,"column":null}},"106":{"start":{"line":317,"column":6},"end":{"line":328,"column":null}},"107":{"start":{"line":330,"column":6},"end":{"line":333,"column":null}},"108":{"start":{"line":335,"column":6},"end":{"line":335,"column":null}},"109":{"start":{"line":336,"column":6},"end":{"line":336,"column":null}},"110":{"start":{"line":337,"column":6},"end":{"line":337,"column":null}},"111":{"start":{"line":338,"column":6},"end":{"line":338,"column":null}},"112":{"start":{"line":340,"column":6},"end":{"line":340,"column":null}},"113":{"start":{"line":341,"column":6},"end":{"line":345,"column":null}},"114":{"start":{"line":347,"column":6},"end":{"line":347,"column":null}},"115":{"start":{"line":351,"column":34},"end":{"line":405,"column":null}},"116":{"start":{"line":352,"column":4},"end":{"line":352,"column":null}},"117":{"start":{"line":352,"column":16},"end":{"line":352,"column":23}},"118":{"start":{"line":354,"column":4},"end":{"line":356,"column":null}},"119":{"start":{"line":355,"column":6},"end":{"line":355,"column":null}},"120":{"start":{"line":358,"column":4},"end":{"line":358,"column":null}},"121":{"start":{"line":359,"column":4},"end":{"line":404,"column":null}},"122":{"start":{"line":361,"column":6},"end":{"line":368,"column":null}},"123":{"start":{"line":362,"column":34},"end":{"line":365,"column":null}},"124":{"start":{"line":367,"column":8},"end":{"line":367,"column":null}},"125":{"start":{"line":371,"column":24},"end":{"line":371,"column":null}},"126":{"start":{"line":372,"column":6},"end":{"line":378,"column":null}},"127":{"start":{"line":381,"column":26},"end":{"line":381,"column":null}},"128":{"start":{"line":382,"column":31},"end":{"line":383,"column":null}},"129":{"start":{"line":386,"column":29},"end":{"line":387,"column":null}},"130":{"start":{"line":387,"column":8},"end":{"line":387,"column":null}},"131":{"start":{"line":389,"column":6},"end":{"line":389,"column":null}},"132":{"start":{"line":391,"column":6},"end":{"line":394,"column":null}},"133":{"start":{"line":396,"column":6},"end":{"line":396,"column":null}},"134":{"start":{"line":397,"column":6},"end":{"line":401,"column":null}},"135":{"start":{"line":403,"column":6},"end":{"line":403,"column":null}},"136":{"start":{"line":408,"column":25},"end":{"line":408,"column":null}},"137":{"start":{"line":408,"column":45},"end":{"line":408,"column":null}},"138":{"start":{"line":409,"column":25},"end":{"line":409,"column":null}},"139":{"start":{"line":409,"column":45},"end":{"line":409,"column":null}},"140":{"start":{"line":410,"column":26},"end":{"line":410,"column":null}},"141":{"start":{"line":410,"column":46},"end":{"line":410,"column":null}},"142":{"start":{"line":411,"column":25},"end":{"line":411,"column":null}},"143":{"start":{"line":411,"column":45},"end":{"line":411,"column":null}},"144":{"start":{"line":413,"column":28},"end":{"line":413,"column":null}},"145":{"start":{"line":413,"column":62},"end":{"line":413,"column":76}},"146":{"start":{"line":414,"column":28},"end":{"line":414,"column":null}},"147":{"start":{"line":414,"column":62},"end":{"line":414,"column":76}},"148":{"start":{"line":496,"column":18},"end":{"line":496,"column":null}},"149":{"start":{"line":539,"column":41},"end":{"line":539,"column":null}},"150":{"start":{"line":556,"column":45},"end":{"line":556,"column":null}},"151":{"start":{"line":568,"column":45},"end":{"line":568,"column":null}},"152":{"start":{"line":578,"column":41},"end":{"line":578,"column":null}},"153":{"start":{"line":585,"column":41},"end":{"line":585,"column":null}},"154":{"start":{"line":620,"column":22},"end":{"line":620,"column":null}},"155":{"start":{"line":631,"column":22},"end":{"line":631,"column":null}},"156":{"start":{"line":646,"column":22},"end":{"line":646,"column":null}},"157":{"start":{"line":657,"column":22},"end":{"line":657,"column":null}},"158":{"start":{"line":669,"column":20},"end":{"line":669,"column":null}},"159":{"start":{"line":687,"column":22},"end":{"line":687,"column":null}},"160":{"start":{"line":699,"column":22},"end":{"line":699,"column":null}},"161":{"start":{"line":711,"column":20},"end":{"line":711,"column":null}},"162":{"start":{"line":722,"column":20},"end":{"line":722,"column":null}},"163":{"start":{"line":731,"column":31},"end":{"line":731,"column":null}},"164":{"start":{"line":766,"column":29},"end":{"line":766,"column":null}},"165":{"start":{"line":773,"column":31},"end":{"line":773,"column":null}},"166":{"start":{"line":806,"column":33},"end":{"line":806,"column":null}},"167":{"start":{"line":821,"column":33},"end":{"line":821,"column":null}},"168":{"start":{"line":830,"column":29},"end":{"line":830,"column":null}}},"fnMap":{"0":{"name":"IncomingChequesPage","decl":{"start":{"line":61,"column":24},"end":{"line":61,"column":null}},"loc":{"start":{"line":61,"column":24},"end":{"line":847,"column":null}}},"1":{"name":"(anonymous_3)","decl":{"start":{"line":87,"column":12},"end":{"line":87,"column":null}},"loc":{"start":{"line":87,"column":12},"end":{"line":113,"column":5}}},"2":{"name":"(anonymous_4)","decl":{"start":{"line":94,"column":38},"end":{"line":94,"column":39}},"loc":{"start":{"line":94,"column":39},"end":{"line":110,"column":null}}},"3":{"name":"(anonymous_5)","decl":{"start":{"line":96,"column":23},"end":{"line":96,"column":24}},"loc":{"start":{"line":96,"column":24},"end":{"line":108,"column":null}}},"4":{"name":"(anonymous_6)","decl":{"start":{"line":112,"column":11},"end":{"line":112,"column":17}},"loc":{"start":{"line":112,"column":17},"end":{"line":112,"column":null}}},"5":{"name":"(anonymous_7)","decl":{"start":{"line":115,"column":23},"end":{"line":115,"column":30}},"loc":{"start":{"line":115,"column":30},"end":{"line":170,"column":null}}},"6":{"name":"(anonymous_8)","decl":{"start":{"line":172,"column":21},"end":{"line":172,"column":22}},"loc":{"start":{"line":172,"column":22},"end":{"line":186,"column":null}}},"7":{"name":"(anonymous_9)","decl":{"start":{"line":188,"column":23},"end":{"line":188,"column":30}},"loc":{"start":{"line":188,"column":30},"end":{"line":206,"column":null}}},"8":{"name":"(anonymous_10)","decl":{"start":{"line":208,"column":20},"end":{"line":208,"column":null}},"loc":{"start":{"line":208,"column":20},"end":{"line":221,"column":null}}},"9":{"name":"(anonymous_11)","decl":{"start":{"line":223,"column":24},"end":{"line":223,"column":null}},"loc":{"start":{"line":223,"column":24},"end":{"line":226,"column":null}}},"10":{"name":"(anonymous_12)","decl":{"start":{"line":228,"column":25},"end":{"line":228,"column":26}},"loc":{"start":{"line":228,"column":26},"end":{"line":241,"column":null}}},"11":{"name":"(anonymous_13)","decl":{"start":{"line":243,"column":26},"end":{"line":243,"column":27}},"loc":{"start":{"line":243,"column":27},"end":{"line":246,"column":null}}},"12":{"name":"(anonymous_14)","decl":{"start":{"line":248,"column":28},"end":{"line":248,"column":29}},"loc":{"start":{"line":248,"column":29},"end":{"line":253,"column":null}}},"13":{"name":"(anonymous_15)","decl":{"start":{"line":255,"column":30},"end":{"line":255,"column":null}},"loc":{"start":{"line":255,"column":30},"end":{"line":349,"column":null}}},"14":{"name":"(anonymous_16)","decl":{"start":{"line":351,"column":34},"end":{"line":351,"column":41}},"loc":{"start":{"line":351,"column":41},"end":{"line":405,"column":null}}},"15":{"name":"(anonymous_17)","decl":{"start":{"line":386,"column":55},"end":{"line":386,"column":56}},"loc":{"start":{"line":387,"column":8},"end":{"line":387,"column":null}}},"16":{"name":"(anonymous_18)","decl":{"start":{"line":408,"column":40},"end":{"line":408,"column":45}},"loc":{"start":{"line":408,"column":45},"end":{"line":408,"column":null}}},"17":{"name":"(anonymous_19)","decl":{"start":{"line":409,"column":40},"end":{"line":409,"column":45}},"loc":{"start":{"line":409,"column":45},"end":{"line":409,"column":null}}},"18":{"name":"(anonymous_20)","decl":{"start":{"line":410,"column":41},"end":{"line":410,"column":46}},"loc":{"start":{"line":410,"column":46},"end":{"line":410,"column":null}}},"19":{"name":"(anonymous_21)","decl":{"start":{"line":411,"column":40},"end":{"line":411,"column":45}},"loc":{"start":{"line":411,"column":45},"end":{"line":411,"column":null}}},"20":{"name":"(anonymous_22)","decl":{"start":{"line":413,"column":50},"end":{"line":413,"column":51}},"loc":{"start":{"line":413,"column":62},"end":{"line":413,"column":76}}},"21":{"name":"(anonymous_23)","decl":{"start":{"line":414,"column":50},"end":{"line":414,"column":51}},"loc":{"start":{"line":414,"column":62},"end":{"line":414,"column":76}}},"22":{"name":"(anonymous_24)","decl":{"start":{"line":495,"column":29},"end":{"line":495,"column":30}},"loc":{"start":{"line":496,"column":18},"end":{"line":496,"column":null}}},"23":{"name":"(anonymous_25)","decl":{"start":{"line":539,"column":35},"end":{"line":539,"column":41}},"loc":{"start":{"line":539,"column":41},"end":{"line":539,"column":null}}},"24":{"name":"(anonymous_26)","decl":{"start":{"line":556,"column":39},"end":{"line":556,"column":45}},"loc":{"start":{"line":556,"column":45},"end":{"line":556,"column":null}}},"25":{"name":"(anonymous_27)","decl":{"start":{"line":568,"column":39},"end":{"line":568,"column":45}},"loc":{"start":{"line":568,"column":45},"end":{"line":568,"column":null}}},"26":{"name":"(anonymous_28)","decl":{"start":{"line":578,"column":35},"end":{"line":578,"column":41}},"loc":{"start":{"line":578,"column":41},"end":{"line":578,"column":null}}},"27":{"name":"(anonymous_29)","decl":{"start":{"line":585,"column":35},"end":{"line":585,"column":41}},"loc":{"start":{"line":585,"column":41},"end":{"line":585,"column":null}}},"28":{"name":"(anonymous_30)","decl":{"start":{"line":619,"column":30},"end":{"line":619,"column":31}},"loc":{"start":{"line":620,"column":22},"end":{"line":620,"column":null}}},"29":{"name":"(anonymous_31)","decl":{"start":{"line":630,"column":30},"end":{"line":630,"column":31}},"loc":{"start":{"line":631,"column":22},"end":{"line":631,"column":null}}},"30":{"name":"(anonymous_32)","decl":{"start":{"line":645,"column":30},"end":{"line":645,"column":31}},"loc":{"start":{"line":646,"column":22},"end":{"line":646,"column":null}}},"31":{"name":"(anonymous_33)","decl":{"start":{"line":656,"column":30},"end":{"line":656,"column":31}},"loc":{"start":{"line":657,"column":22},"end":{"line":657,"column":null}}},"32":{"name":"(anonymous_34)","decl":{"start":{"line":668,"column":28},"end":{"line":668,"column":29}},"loc":{"start":{"line":669,"column":20},"end":{"line":669,"column":null}}},"33":{"name":"(anonymous_35)","decl":{"start":{"line":686,"column":30},"end":{"line":6
[...]
ine":108,"column":31}},"loc":{"start":{"line":108,"column":78},"end":{"line":113,"column":null}}},"8":{"name":"showUpdateToast","decl":{"start":{"line":118,"column":16},"end":{"line":118,"column":31}},"loc":{"start":{"line":118,"column":50},"end":{"line":123,"column":null}}},"9":{"name":"showValidationErrorToast","decl":{"start":{"line":128,"column":16},"end":{"line":128,"column":40}},"loc":{"start":{"line":128,"column":58},"end":{"line":133,"column":null}}},"10":{"name":"showNetworkErrorToast","decl":{"start":{"line":138,"column":16},"end":{"line":138,"column":37}},"loc":{"start":{"line":138,"column":16},"end":{"line":143,"column":null}}},"11":{"name":"showPermissionErrorToast","decl":{"start":{"line":148,"column":16},"end":{"line":148,"column":40}},"loc":{"start":{"line":148,"column":16},"end":{"line":153,"column":null}}}},"branchMap":{"0":{"loc":{"start":{"line":19,"column":55},"end":{"line":19,"column":70}},"type":"default-arg","locations":[{"start":{"line":19,"column":66},"end":{"line":19,"column":70}}]},"1":{"loc":{"start":{"line":31,"column":53},"end":{"line":31,"column":68}},"type":"default-arg","locations":[{"start":{"line":31,"column":64},"end":{"line":31,"column":68}}]},"2":{"loc":{"start":{"line":43,"column":55},"end":{"line":43,"column":70}},"type":"default-arg","locations":[{"start":{"line":43,"column":66},"end":{"line":43,"column":70}}]},"3":{"loc":{"start":{"line":55,"column":52},"end":{"line":55,"column":67}},"type":"default-arg","locations":[{"start":{"line":55,"column":63},"end":{"line":55,"column":67}}]},"4":{"loc":{"start":{"line":80,"column":2},"end":{"line":90,"column":null}},"type":"if","locations":[{"start":{"line":80,"column":2},"end":{"line":90,"column":null}},{"start":{"line":85,"column":9},"end":{"line":90,"column":null}}]},"5":{"loc":{"start":{"line":96,"column":52},"end":{"line":96,"column":82}},"type":"default-arg","locations":[{"start":{"line":96,"column":77},"end":{"line":96,"column":82}}]},"6":{"loc":{"start":{"line":99,"column":17},"end":{"line":101,"column":36}},"type":"cond-expr","locations":[{"start":{"line":100,"column":8},"end":{"line":100,"column":60}},{"start":{"line":101,"column":8},"end":{"line":101,"column":36}}]},"7":{"loc":{"start":{"line":111,"column":17},"end":{"line":111,"column":68}},"type":"binary-expr","locations":[{"start":{"line":111,"column":17},"end":{"line":111,"column":38}},{"start":{"line":111,"column":38},"end":{"line":111,"column":68}}]}},"s":{"0":2,"1":2,"2":2,"3":1,"4":1,"5":1,"6":1,"7":1,"8":2,"9":1,"10":1,"11":1,"12":1,"13":8,"14":4,"15":2,"16":1,"17":1,"18":2,"19":1,"20":1,"21":2,"22":2,"23":1,"24":1,"25":1,"26":1},"f":{"0":8,"1":4,"2":2,"3":1,"4":1,"5":2,"6":2,"7":2,"8":1,"9":1,"10":1,"11":1},"b":{"0":[7],"1":[4],"2":[2],"3":[1],"4":[1,1],"5":[1],"6":[1,1],"7":[2,1]}}
,"C:\\Users\\jamil\\FactoryFlow_Complete antigravity\\factory-flow\\src\\lib\\utils.ts": {"path":"C:\\Users\\jamil\\FactoryFlow_Complete antigravity\\factory-flow\\src\\lib\\utils.ts","statementMap":{"0":{"start":{"line":48,"column":16},"end":{"line":48,"column":35}},"1":{"start":{"line":4,"column":16},"end":{"line":4,"column":18}},"2":{"start":{"line":168,"column":16},"end":{"line":168,"column":30}},"3":{"start":{"line":67,"column":16},"end":{"line":67,"column":24}},"4":{"start":{"line":9,"column":16},"end":{"line":9,"column":30}},"5":{"start":{"line":19,"column":16},"end":{"line":19,"column":26}},"6":{"start":{"line":29,"column":16},"end":{"line":29,"column":34}},"7":{"start":{"line":141,"column":16},"end":{"line":141,"column":30}},"8":{"start":{"line":180,"column":16},"end":{"line":180,"column":37}},"9":{"start":{"line":62,"column":16},"end":{"line":62,"column":26}},"10":{"start":{"line":96,"column":16},"end":{"line":96,"column":34}},"11":{"start":{"line":105,"column":16},"end":{"line":105,"column":30}},"12":{"start":{"line":43,"column":16},"end":{"line":43,"column":28}},"13":{"start":{"line":79,"column":16},"end":{"line":79,"column":23}},"14":{"start":{"line":152,"column":16},"end":{"line":152,"column":27}},"15":{"start":{"line":174,"column":16},"end":{"line":174,"column":25}},"16":{"start":{"line":56,"column":16},"end":{"line":56,"column":34}},"17":{"start":{"line":38,"column":16},"end":{"line":38,"column":34}},"18":{"start":{"line":159,"column":16},"end":{"line":159,"column":26}},"19":{"start":{"line":91,"column":16},"end":{"line":91,"column":19}},"20":{"start":{"line":118,"column":16},"end":{"line":118,"column":31}},"21":{"start":{"line":1,"column":38},"end":{"line":1,"column":null}},"22":{"start":{"line":2,"column":24},"end":{"line":2,"column":null}},"23":{"start":{"line":5,"column":2},"end":{"line":5,"column":null}},"24":{"start":{"line":10,"column":2},"end":{"line":15,"column":null}},"25":{"start":{"line":20,"column":12},"end":{"line":20,"column":null}},"26":{"start":{"line":21,"column":2},"end":{"line":25,"column":null}},"27":{"start":{"line":30,"column":12},"end":{"line":30,"column":null}},"28":{"start":{"line":31,"column":15},"end":{"line":31,"column":null}},"29":{"start":{"line":32,"column":16},"end":{"line":32,"column":null}},"30":{"start":{"line":33,"column":14},"end":{"line":33,"column":null}},"31":{"start":{"line":34,"column":2},"end":{"line":34,"column":null}},"32":{"start":{"line":39,"column":2},"end":{"line":39,"column":null}},"33":{"start":{"line":44,"column":2},"end":{"line":44,"column":null}},"34":{"start":{"line":49,"column":2},"end":{"line":51,"column":null}},"35":{"start":{"line":50,"column":4},"end":{"line":50,"column":null}},"36":{"start":{"line":52,"column":2},"end":{"line":52,"column":null}},"37":{"start":{"line":57,"column":21},"end":{"line":57,"column":null}},"38":{"start":{"line":58,"column":2},"end":{"line":58,"column":null}},"39":{"start":{"line":63,"column":2},"end":{"line":63,"column":null}},"40":{"start":{"line":72,"column":2},"end":{"line":75,"column":null}},"41":{"start":{"line":73,"column":4},"end":{"line":73,"column":null}},"42":{"start":{"line":74,"column":4},"end":{"line":74,"column":null}},"43":{"start":{"line":74,"column":33},"end":{"line":74,"column":48}},"44":{"start":{"line":80,"column":2},"end":{"line":87,"column":null}},"45":{"start":{"line":81,"column":18},"end":{"line":81,"column":null}},"46":{"start":{"line":82,"column":4},"end":{"line":84,"column":null}},"47":{"start":{"line":83,"column":6},"end":{"line":83,"column":null}},"48":{"start":{"line":85,"column":4},"end":{"line":85,"column":null}},"49":{"start":{"line":86,"column":4},"end":{"line":86,"column":null}},"50":{"start":{"line":92,"column":2},"end":{"line":92,"column":null}},"51":{"start":{"line":92,"column":38},"end":{"line":92,"column":49}},"52":{"start":{"line":97,"column":17},"end":{"line":100,"column":null}},"53":{"start":{"line":101,"column":2},"end":{"line":101,"column":null}},"54":{"start":{"line":106,"column":47},"end":{"line":113,"column":null}},"55":{"start":{"line":114,"column":2},"end":{"line":114,"column":null}},"56":{"start":{"line":119,"column":47},"end":{"line":136,"column":null}},"57":{"start":{"line":137,"column":2},"end":{"line":137,"column":null}},"58":{"start":{"line":142,"column":2},"end":{"line":144,"column":null}},"59":{"start":{"line":143,"column":4},"end":{"line":143,"column":null}},"60":{"start":{"line":145,"column":12},"end":{"line":145,"column":null}},"61":{"start":{"line":146,"column":16},"end":{"line":146,"column":null}},"62":{"start":{"line":147,"column":12},"end":{"line":147,"column":null}},"63":{"start":{"line":148,"column":2},"end":{"line":148,"column":null}},"64":{"start":{"line":153,"column":26},"end":{"line":153,"column":null}},"65":{"start":{"line":154,"column":20},"end":{"line":154,"column":null}},"66":{"start":{"line":155,"column":2},"end":{"line":155,"column":null}},"67":{"start":{"line":160,"column":2},"end":{"line":164,"column":null}},"68":{"start":{"line":161,"column":18},"end":{"line":161,"column":72}},"69":{"start":{"line":162,"column":18},"end":{"line":162,"column":72}},"70":{"start":{"line":163,"column":4},"end":{"line":163,"column":null}},"71":{"start":{"line":169,"column":19},"end":{"line":169,"column":null}},"72":{"start":{"line":170,"column":2},"end":{"line":170,"column":null}},"73":{"start":{"line":175,"column":12},"end":{"line":175,"column":null}},"74":{"start":{"line":176,"column":2},"end":{"line":176,"column":null}},"75":{"start":{"line":181,"column":15},"end":{"line":181,"column":null}},"76":{"start":{"line":182,"column":18},"end":{"line":182,"column":132}},"77":{"start":{"line":183,"column":18},"end":{"line":183,"column":109}},"78":{"start":{"line":184,"column":2},"end":{"line":184,"column":null}}},"fnMap":{"0":{"name":"cn","decl":{"start":{"line":4,"column":16},"end":{"line":4,"column":18}},"loc":{"start":{"line":4,"column":42},"end":{"line":6,"column":null}}},"1":{"name":"formatCurrency","decl":{"start":{"line":9,"column":16},"end":{"line":9,"column":30}},"loc":{"start":{"line":9,"column":45},"end":{"line":16,"column":null}}},"2":{"name":"formatDate","decl":{"start":{"line":19,"column":16},"end":{"line":19,"column":26}},"loc":{"start":{"line":19,"column":46},"end":{"line":26,"column":null}}},"3":{"name":"formatDateForInput","decl":{"start":{"line":29,"column":16},"end":{"line":29,"column":34}},"loc":{"start":{"line":29,"column":54},"end":{"line":35,"column":null}}},"4":{"name":"parseDateFromInput","decl":{"start":{"line":38,"column":16},"end":{"line":38,"column":34}},"loc":{"start":{"line":38,"column":53},"end":{"line":40,"column":null}}},"5":{"name":"getTimestamp","decl":{"start":{"line":43,"column":16},"end":{"line":43,"column":28}},"loc":{"start":{"line":43,"column":16},"end":{"line":45,"column":null}}},"6":{"name":"calculatePercentage","decl":{"start":{"line":48,"column":16},"end":{"line":48,"column":35}},"loc":{"start":{"line":48,"column":64},"end":{"line":53,"column":null}}},"7":{"name":"isValidPhoneNumber","decl":{"start":{"line":56,"column":16},"end":{"line":56,"column":34}},"loc":{"start":{"line":56,"column":48},"end":{"line":59,"column":null}}},"8":{"name":"generateId","decl":{"start":{"line":62,"column":16},"end":{"line":62,"column":26}},"loc":{"start":{"line":62,"column":16},"end":{"line":64,"column":null}}},"9":{"name":"debounce","decl":{"start":{"line":67,"column":16},"end":{"line":67,"column":24}},"loc":{"start":{"line":69,"column":15},"end":{"line":76,"column":null}}},"10":{"name":"(anonymous_32)","decl":{"start":{"line":72,"column":9},"end":{"line":72,"column":10}},"loc":{"start":{"line":72,"column":13},"end":{"line":75,"column":null}}},"11":{"name":"(anonymous_33)","decl":{"start":{"line":74,"column":27},"end":{"line":74,"column":33}},"loc":{"start":{"line":74,"column":33},"end":{"line":74,"column":48}}},"12":{"name":"groupBy","decl":{"start":{"line":79,"column":16},"end":{"line":79,"column":23}},"loc":{"start":{"line":79,"column":51},"end":{"line":88,"column":null}}},"13":{"name":"(anonymous_35)","decl":{"start":{"line":80,"column":22},"end":{"line":80,"column":23}},"loc":{"start":{"line":80,"column":31},"end":{"line":87,"column":5}}},"14":{"name":"sum","decl":{"start":{"line":91,"column":16},"end":{"line":91,"column":19}},"loc":{"start":{"line":91,"column":37},"end":{"line":93,"column":null}}},"15":{"name":"(anonymous_37)","decl":{"start":{"line":92,"column":24},"end":{"line":92,"column":25}},"loc":{"start":{"line":92,"column":38},"end":{"line":92,"column":49}}},"16":{"name":"getArabicMonthName","decl":{"start":{"line":96,"column":16},"end":{"line":96,"column":34}},"loc":{"start":{"line":96,"column":48},"end":{"line":102,"column":null}}},"17":{"name":"getStatusColor","decl":{"start":{"line":105,"column":16},"end":{"line":105,"column":30}},"loc":{"start":{"line":105,"column":45},"end":{"line":115,"column":null}}},"18":{"name":"translateStatus","decl":{"start":{"line":118,"column":16},"end":{"line":118,"column":31}},"loc":{"start":{"line":118,"column":46},"end":{"line":138,"column":null}}},"19":{"name":"formatFileSize","decl":{"start":{"line":141,"column":16},"end":{"line":141,"column":30}},"loc":{"start":{"line":141,"column":44},"end":{"line":149,"column":null}}},"20":{"name":"isImageFile","decl":{"start":{"line":152,"column":16},"end":{"line":152,"column":27}},"loc":{"start":{"line":152,"column":44},"end":{"line":156,"column":null}}},"21":{"name":"sortByDate","decl":{"start":{"line":159,"column":16},"end":{"line":159,"column":26}},"loc":{"start":{"line":159,"column":72},"end":{"line":165,"column":null}}},"22":{"name":"(anonymous_44)","decl":{"start":{"line":160,"column":25},"end":{"line":160,"column":26}},"loc":{"start":{"line":160,"column":29},"end":{"line":164,"column":null}}},"23":{"name":"daysDifference","decl":{"start":{"line":168,"column":16},"end":{"line":168,"column":30}},"loc":{"start":{"line":168,"column":55},"end":{"line":171,"column":null}}},"24":{"name":"isOverdue","decl":{"start":{"line":174,"column":16},"end":{"line":174,"column":25}},"loc":{"start":{"line":174,"column":45},"end":{"line":177,"column":null}}},"25":{"name":"generateExcelFileName","decl":{"start":{"line":180,"column":16},"end":{"line":180,"column":37}},"loc":{"start":{"line":180,"column":52},"end":{"line":185,"column":null}}}},"branchMap":{"0":{"loc":{"start":{"line":20,"column":12},"end":{"line":20,"column":null}},"type":"cond-expr","locations":[{"start":{"line":20,"column":39},"end":{"line":20,"column":56}},{"start":{"line":20,"column":56},"end":{"line":20,"column":null}}]},"1":{"loc":{"start":{"line":30,"column":12},"end":{"line":30,"column":null}},"type":"cond-expr","locations":[{"start":{"line":30,"column":39},"end":{"line":30,"column":56}},{"start":{"line":30,"column":56},"end":{"line":30,"column":null}}]},"2":{"loc":{"start":{"line":49,"column":2},"end":{"line":51,"column":null}},"type":"if","locations":[{"start":{"line":49,"column":2},"end":{"line":51,"column":null}},{"start":{},"end":{}}]},"3":{"loc":{"start":{"line":82,"column":4},"end":{"line":84,"column":null}},"type":"if","locations":[{"start":{"line":82,"column":4},"end":{"line":84,"column":null}},{"start":{},"end":{}}]},"4":{"loc":{"start":{"line":101,"column":9},"end":{"line":101,"column":null}},"type":"binary-expr","locations":[{"start":{"line":101,"column":9},"end":{"line":101,"column":22}},{"start":{"line":101,"column":26},"end":{"line":101,"column":null}}]},"5":{"loc":{"start":{"line":114,"column":9},"end":{"line":114,"column":null}},"type":"binary-expr","locations":[{"start":{"line":114,"column":9},"end":{"line":114,"column":29}},{"start":{"line":114,"column":33},"end":{"line":114,"column":null}}]},"6":{"loc":{"start":{"line":137,"column":9},"end":{"line":137,"column":null}},"type":"binary-expr","locations":[{"start":{"line":137,"column":9},"end":{"line":137,"column":29}},{"start":{"line":137,"column":33},"end":{"line":137,"column":null}}]},"7":{"loc":{"start":{"line":142,"column":2},"end":{"line":144,"column":null}},"type":"if","locations":[{"start":{"line":142,"column":2},"end":{"line":144,"column":null}},{"start":{},"end":{}}]},"8":{"loc":{"start":{"line":155,"column":9},"end":{"line":155,"column":null}},"type":"cond-expr","locations":[{"start":{"line":155,"column":21},"end":{"line":155,"column":59}},{"start":{"line":155,"column":59},"end":{"line":155,"column":null}}]},"9":{"loc":{"start":{"line":161,"column":18},"end":{"line":161,"column":72}},"type":"cond-expr","locations":[{"start":{"line":161,"column":47},"end":{"line":161,"column":66}},{"start":{"line":161,"column":66},"end":{"line":161,"column":72}}]},"10":{"loc":{"start":{"line":162,"column":18},"end":{"line":162,"column":72}},"type":"cond-expr","locations":[{"start":{"line":162,"column":47},"end":{"line":162,"column":66}},{"start":{"line":162,"column":66},"end":{"line":162,"column":72}}]},"11":{"loc":{"start":{"line":175,"column":12},"end":{"line":175,"column":null}},"type":"cond-expr","locations":[{"start":{"line":175,"column":39},"end":{"line":175,"column":56}},{"start":{"line":175,"column":56},"end":{"line":175,"column":null}}]}},"s":{"0":6,"1":2,"2":2,"3":1,"4":4,"5":2,"6":3,"7":3,"8":2,"9":3,"10":5,"11":4,"12":1,"13":2,"14":6,"15":3,"16":7,"17":1,"18":2,"19":4,"20":5,"21":2,"22":2,"23":2,"24":4,"25":2,"26":2,"27":3,"28":3,"29":3,"30":3,"31":3,"32":1,"33":1,"34":6,"35":1,"36":5,"37":7,"38":7,"39":3,"40":1,"41":3,"42":3,"43":1,"44":2,"45":3,"46":3,"47":2,"48":3,"49":3,"50":4,"51":11,"52":5,"53":5,"54":4,"55":4,"56":5,"57":5,"58":3,"59":1,"60":2,"61":2,"62":2,"63":2,"64":6,"65":6,"66":6,"67":2,"68":5,"69":5,"70":5,"71":2,"72":2,"73":3,"74":3,"75":2,"76":2,"77":2,"78":2},"f":{"0":2,"1":4,"2":2,"3":3,"4":1,"5":1,"6":6,"7":7,"8":3,"9":1,"10":3,"11":1,"12":2,"13":3,"14":4,"15":11,"16":5,"17":4,"18":5,"19":3,"20":6,"21":2,"22":5,"23":2,"24":3,"25":2},"b":{"0":[1,1],"1":[1,2],"2":[1,5],"3":[2,1],"4":[5,2],"5":[4,1],"6":[5,1],"7":[1,2],"8":[6,0],"9":[1,4],"10":[1,4],"11":[1,2]}}
,"C:\\Users\\jamil\\FactoryFlow_Complete antigravity\\factory-flow\\src\\lib\\hooks\\use-async-operation.ts": {"path":"C:\\Users\\jamil\\FactoryFlow_Complete antigravity\\factory-flow\\src\\lib\\hooks\\use-async-operation.ts","statementMap":{"0":{"start":{"line":47,"column":16},"end":{"line":47,"column":null}},"1":{"start":{"line":8,"column":38},"end":{"line":8,"column":null}},"2":{"start":{"line":9,"column":59},"end":{"line":9,"column":null}},"3":{"start":{"line":51,"column":61},"end":{"line":51,"column":null}},"4":{"start":{"line":53,"column":28},"end":{"line":57,"column":null}},"5":{"start":{"line":59,"column":18},"end":{"line":85,"column":null}},"6":{"start":{"line":61,"column":6},"end":{"line":61,"column":null}},"7":{"start":{"line":63,"column":6},"end":{"line":83,"column":null}},"8":{"start":{"line":64,"column":23},"end":{"line":64,"column":null}},"9":{"start":{"line":65,"column":8},"end":{"line":65,"column":null}},"10":{"start":{"line":67,"column":8},"end":{"line":69,"column":null}},"11":{"start":{"line":68,"column":10},"end":{"line":68,"column":null}},"12":{"start":{"line":71,"column":8},"end":{"line":71,"column":null}},"13":{"start":{"line":73,"column":28},"end":{"line":73,"column":null}},"14":{"start":{"line":74,"column":8},"end":{"line":74,"column":null}},"15":{"start":{"line":76,"column":8},"end":{"line":76,"column":null}},"16":{"start":{"line":78,"column":8},"end":{"line":80,"column":null}},"17":{"start":{"line":79,"column":10},"end":{"line":79,"column":null}},"18":{"start":{"line":82,"column":8},"end":{"line":82,"column":null}},"19":{"start":{"line":88,"column":16},"end":{"line":90,"column":null}},"20":{"start":{"line":89,"column":4},"end":{"line":89,"column":null}},"21":{"start":{"line":92,"column":2},"end":{"line":98,"column":null}}},"fnMap":{"0":{"name":"useAsyncOperation","decl":{"start":{"line":47,"column":16},"end":{"line":47,"column":null}},"loc":{"start":{"line":49,"column":40},"end":{"line":99,"column":null}}},"1":{"name":"(anonymous_2)","decl":{"start":{"line":60,"column":4},"end":{"line":60,"column":11}},"loc":{"start":{"line":60,"column":14},"end":{"line":84,"column":null}}},"2":{"name":"(anonymous_3)","decl":{"start":{"line":88,"column":28},"end":{"line":88,"column":null}},"loc":{"start":{"line":88,"column":28},"end":{"line":90,"column":5}}}},"branchMap":{"0":{"loc":{"start":{"line":49,"column":2},"end":{"line":49,"column":40}},"type":"default-arg","locations":[{"start":{"line":49,"column":38},"end":{"line":49,"column":40}}]},"1":{"loc":{"start":{"line":51,"column":30},"end":{"line":51,"column":56}},"type":"default-arg","locations":[{"start":{"line":51,"column":40},"end":{"line":51,"column":56}}]},"2":{"loc":{"start":{"line":67,"column":8},"end":{"line":69,"column":null}},"type":"if","locations":[{"start":{"line":67,"column":8},"end":{"line":69,"column":null}},{"start":{},"end":{}}]},"3":{"loc":{"start":{"line":78,"column":8},"end":{"line":80,"column":null}},"type":"if","locations":[{"start":{"line":78,"column":8},"end":{"line":80,"column":null}},{"start":{},"end":{}}]}},"s":{"0":0,"1":0,"2":0,"3":0,"4":0,"5":0,"6":0,"7":0,"8":0,"9":0,"10":0,"11":0,"12":0,"13":0,"14":0,"15":0,"16":0,"17":0,"18":0,"19":0,"20":0,"21":0},"f":{"0":0,"1":0,"2":0},"b":{"0":[0],"1":[0],"2":[0,0],"3":[0,0]}}
}
