TN:
SF:src\app\layout.tsx
FN:14,RootLayout
FNF:1
FNH:0
FNDA:0,RootLayout
DA:2,0
DA:3,0
DA:4,0
DA:5,0
DA:7,0
DA:9,0
DA:14,0
LF:7
LH:0
BRF:0
BRH:0
end_of_record
TN:
SF:src\app\page.tsx
FN:8,Home
FN:12,(anonymous_3)
FNF:2
FNH:0
FNDA:0,Home
FNDA:0,(anonymous_3)
DA:3,0
DA:4,0
DA:5,0
DA:6,0
DA:8,0
DA:9,0
DA:10,0
DA:12,0
DA:13,0
DA:14,0
DA:18,0
DA:29,0
DA:30,0
DA:33,0
LF:14
LH:0
BRDA:13,0,0,0
BRDA:13,0,1,0
BRDA:13,1,0,0
BRDA:13,1,1,0
BRDA:18,2,0,0
BRDA:18,2,1,0
BRDA:29,3,0,0
BRDA:29,3,1,0
BRF:8
BRH:0
end_of_record
TN:
SF:src\app\(main)\layout.tsx
FN:9,MainLayout
FN:17,(anonymous_3)
FNF:2
FNH:0
FNDA:0,MainLayout
FNDA:0,(anonymous_3)
DA:3,0
DA:4,0
DA:5,0
DA:6,0
DA:7,0
DA:9,0
DA:14,0
DA:15,0
DA:17,0
DA:18,0
DA:19,0
DA:23,0
DA:31,0
DA:32,0
LF:14
LH:0
BRDA:18,0,0,0
BRDA:18,0,1,0
BRDA:18,1,0,0
BRDA:18,1,1,0
BRDA:23,2,0,0
BRDA:23,2,1,0
BRDA:31,3,0,0
BRDA:31,3,1,0
BRF:8
BRH:0
end_of_record
TN:
SF:src\app\(main)\cheques\page.tsx
FN:5,Page
FNF:1
FNH:0
FNDA:0,Page
DA:3,0
DA:5,0
DA:6,0
LF:3
LH:0
BRF:0
BRH:0
end_of_record
TN:
SF:src\app\(main)\clients\page.tsx
FN:5,Page
FNF:1
FNH:0
FNDA:0,Page
DA:3,0
DA:5,0
DA:6,0
LF:3
LH:0
BRF:0
BRH:0
end_of_record
TN:
SF:src\app\(main)\clients\[id]\page.tsx
FN:3,ClientDetailRoute
FNF:1
FNH:0
FNDA:0,ClientDetailRoute
DA:1,0
DA:3,0
LF:2
LH:0
BRF:0
BRH:0
end_of_record
TN:
SF:src\app\(main)\dashboard\page.tsx
FN:5,Page
FNF:1
FNH:0
FNDA:0,Page
DA:3,0
DA:5,0
DA:6,0
LF:3
LH:0
BRF:0
BRH:0
end_of_record
TN:
SF:src\app\(main)\employees\page.tsx
FN:5,Page
FNF:1
FNH:0
FNDA:0,Page
DA:3,0
DA:5,0
DA:6,0
LF:3
LH:0
BRF:0
BRH:0
end_of_record
TN:
SF:src\app\(main)\fixed-assets\page.tsx
FN:3,Page
FNF:1
FNH:0
FNDA:0,Page
DA:1,0
DA:3,0
DA:4,0
LF:3
LH:0
BRF:0
BRH:0
end_of_record
TN:
SF:src\app\(main)\incoming-cheques\page.tsx
FN:3,Page
FNF:1
FNH:0
FNDA:0,Page
DA:1,0
DA:3,0
DA:4,0
LF:3
LH:0
BRF:0
BRH:0
end_of_record
TN:
SF:src\app\(main)\inventory\page.tsx
FN:5,Page
FNF:1
FNH:0
FNDA:0,Page
DA:3,0
DA:5,0
DA:6,0
LF:3
LH:0
BRF:0
BRH:0
end_of_record
TN:
SF:src\app\(main)\invoices\page.tsx
FN:3,Page
FNF:1
FNH:0
FNDA:0,Page
DA:1,0
DA:3,0
DA:4,0
LF:3
LH:0
BRF:0
BRH:0
end_of_record
TN:
SF:src\app\(main)\ledger\page.tsx
FN:5,Page
FNF:1
FNH:0
FNDA:0,Page
DA:3,0
DA:5,0
DA:6,0
LF:3
LH:0
BRF:0
BRH:0
end_of_record
TN:
SF:src\app\(main)\outgoing-cheques\page.tsx
FN:3,Page
FNF:1
FNH:0
FNDA:0,Page
DA:1,0
DA:3,0
DA:4,0
LF:3
LH:0
BRF:0
BRH:0
end_of_record
TN:
SF:src\app\(main)\partners\page.tsx
FN:3,Partners
FNF:1
FNH:0
FNDA:0,Partners
DA:1,0
DA:3,0
DA:4,0
LF:3
LH:0
BRF:0
BRH:0
end_of_record
TN:
SF:src\app\(main)\payments\page.tsx
FN:5,Page
FNF:1
FNH:0
FNDA:0,Page
DA:3,0
DA:5,0
DA:6,0
LF:3
LH:0
BRF:0
BRH:0
end_of_record
TN:
SF:src\app\(main)\production\page.tsx
FN:5,Page
FNF:1
FNH:0
FNDA:0,Page
DA:3,0
DA:5,0
DA:6,0
LF:3
LH:0
BRF:0
BRH:0
end_of_record
TN:
SF:src\app\(main)\reports\page.tsx
FN:3,Page
FNF:1
FNH:0
FNDA:0,Page
DA:1,0
DA:3,0
DA:4,0
LF:3
LH:0
BRF:0
BRH:0
end_of_record
TN:
SF:src\app\(main)\search\page.tsx
FN:3,Page
FNF:1
FNH:0
FNDA:0,Page
DA:1,0
DA:3,0
DA:4,0
LF:3
LH:0
BRF:0
BRH:0
end_of_record
TN:
SF:src\components\error-boundary.tsx
FN:31,(anonymous_8)
FN:53,(anonymous_9)
FN:36,(anonymous_10)
FN:40,(anonymous_11)
FN:57,(anonymous_12)
FN:75,DefaultErrorFallback
FN:108,(anonymous_14)
FN:125,PageErrorBoundary
FN:166,ComponentErrorBoundary
FN:203,useErrorHandler
FN:206,(anonymous_20)
FNF:11
FNH:0
FNDA:0,(anonymous_8)
FNDA:0,(anonymous_9)
FNDA:0,(anonymous_10)
FNDA:0,(anonymous_11)
FNDA:0,(anonymous_12)
FNDA:0,DefaultErrorFallback
FNDA:0,(anonymous_14)
FNDA:0,PageErrorBoundary
FNDA:0,ComponentErrorBoundary
FNDA:0,useErrorHandler
FNDA:0,(anonymous_20)
DA:9,0
DA:10,0
DA:11,0
DA:30,0
DA:32,0
DA:33,0
DA:37,0
DA:42,0
DA:45,0
DA:46,0
DA:53,0
DA:54,0
DA:58,0
DA:60,0
DA:61,0
DA:68,0
DA:108,0
DA:125,0
DA:166,0
DA:203,0
DA:204,0
DA:206,0
DA:207,0
DA:208,0
DA:212,0
LF:25
LH:0
BRDA:45,0,0,0
BRDA:45,0,1,0
BRDA:58,1,0,0
BRDA:58,1,1,0
BRDA:58,2,0,0
BRDA:58,2,1,0
BRDA:60,3,0,0
BRDA:60,3,1,0
BRDA:92,4,0,0
BRDA:143,5,0,0
BRDA:180,6,0,0
BRDA:207,7,0,0
BRDA:207,7,1,0
BRF:13
BRH:0
end_of_record
TN:
SF:src\components\auth\login-page.tsx
FN:13,LoginPage
FN:20,(anonymous_2)
FN:74,(anonymous_3)
FN:86,(anonymous_4)
FN:99,(anonymous_5)
FNF:5
FNH:0
FNDA:0,LoginPage
FNDA:0,(anonymous_2)
FNDA:0,(anonymous_3)
FNDA:0,(anonymous_4)
FNDA:0,(anonymous_5)
DA:3,0
DA:4,0
DA:5,0
DA:6,0
DA:7,0
DA:8,0
DA:9,0
DA:10,0
DA:11,0
DA:13,0
DA:14,0
DA:15,0
DA:16,0
DA:17,0
DA:18,0
DA:20,0
DA:21,0
DA:22,0
DA:24,0
DA:25,0
DA:26,0
DA:27,0
DA:32,0
DA:33,0
DA:39,0
DA:45,0
DA:74,0
DA:86,0
DA:99,0
LF:29
LH:0
BRDA:25,0,0,0
BRDA:25,0,1,0
BRDA:41,1,0,0
BRDA:41,1,1,0
BRDA:59,2,0,0
BRDA:59,2,1,0
BRDA:93,3,0,0
BRDA:93,3,1,0
BRDA:93,4,0,0
BRDA:93,4,1,0
BRDA:103,5,0,0
BRDA:103,5,1,0
BRF:12
BRH:0
end_of_record
TN:
SF:src\components\cheques\cheques-page.tsx
FN:61,ChequesPage
FN:87,(anonymous_3)
FN:93,(anonymous_4)
FN:95,(anonymous_5)
FN:108,(anonymous_6)
FN:111,(anonymous_7)
FN:211,(anonymous_8)
FN:228,(anonymous_9)
FN:234,(anonymous_10)
FN:292,(anonymous_11)
FN:308,(anonymous_12)
FN:313,(anonymous_13)
FN:328,(anonymous_14)
FN:333,(anonymous_15)
FN:339,(anonymous_16)
FN:447,(anonymous_17)
FN:499,(anonymous_18)
FN:517,(anonymous_19)
FN:526,(anonymous_20)
FN:533,(anonymous_21)
FN:567,(anonymous_22)
FN:578,(anonymous_23)
FN:593,(anonymous_24)
FN:604,(anonymous_25)
FN:617,(anonymous_26)
FN:632,(anonymous_27)
FN:651,(anonymous_28)
FN:663,(anonymous_29)
FN:675,(anonymous_30)
FN:686,(anonymous_31)
FN:696,(anonymous_32)
FN:731,(anonymous_33)
FN:738,(anonymous_34)
FN:771,(anonymous_35)
FN:781,(anonymous_36)
FNF:35
FNH:0
FNDA:0,ChequesPage
FNDA:0,(anonymous_3)
FNDA:0,(anonymous_4)
FNDA:0,(anonymous_5)
FNDA:0,(anonymous_6)
FNDA:0,(anonymous_7)
FNDA:0,(anonymous_8)
FNDA:0,(anonymous_9)
FNDA:0,(anonymous_10)
FNDA:0,(anonymous_11)
FNDA:0,(anonymous_12)
FNDA:0,(anonymous_13)
FNDA:0,(anonymous_14)
FNDA:0,(anonymous_15)
FNDA:0,(anonymous_16)
FNDA:0,(anonymous_17)
FNDA:0,(anonymous_18)
FNDA:0,(anonymous_19)
FNDA:0,(anonymous_20)
FNDA:0,(anonymous_21)
FNDA:0,(anonymous_22)
FNDA:0,(anonymous_23)
FNDA:0,(anonymous_24)
FNDA:0,(anonymous_25)
FNDA:0,(anonymous_26)
FNDA:0,(anonymous_27)
FNDA:0,(anonymous_28)
FNDA:0,(anonymous_29)
FNDA:0,(anonymous_30)
FNDA:0,(anonymous_31)
FNDA:0,(anonymous_32)
FNDA:0,(anonymous_33)
FNDA:0,(anonymous_34)
FNDA:0,(anonymous_35)
FNDA:0,(anonymous_36)
DA:3,0
DA:4,0
DA:5,0
DA:6,0
DA:7,0
DA:8,0
DA:16,0
DA:24,0
DA:25,0
DA:26,0
DA:27,0
DA:39,0
DA:40,0
DA:61,0
DA:62,0
DA:63,0
DA:64,0
DA:65,0
DA:66,0
DA:67,0
DA:68,0
DA:69,0
DA:70,0
DA:71,0
DA:72,0
DA:74,0
DA:87,0
DA:88,0
DA:90,0
DA:91,0
DA:93,0
DA:94,0
DA:95,0
DA:96,0
DA:97,0
DA:105,0
DA:108,0
DA:111,0
DA:112,0
DA:113,0
DA:115,0
DA:116,0
DA:117,0
DA:118,0
DA:119,0
DA:131,0
DA:136,0
DA:137,0
DA:139,0
DA:154,0
DA:155,0
DA:156,0
DA:160,0
DA:162,0
DA:163,0
DA:164,0
DA:167,0
DA:168,0
DA:169,0
DA:170,0
DA:171,0
DA:173,0
DA:174,0
DA:175,0
DA:176,0
DA:177,0
DA:181,0
DA:190,0
DA:198,0
DA:199,0
DA:201,0
DA:207,0
DA:211,0
DA:212,0
DA:213,0
DA:225,0
DA:228,0
DA:229,0
DA:230,0
DA:232,0
DA:234,0
DA:236,0
DA:238,0
DA:239,0
DA:243,0
DA:245,0
DA:246,0
DA:247,0
DA:249,0
DA:250,0
DA:251,0
DA:252,0
DA:253,0
DA:255,0
DA:256,0
DA:257,0
DA:258,0
DA:259,0
DA:263,0
DA:273,0
DA:274,0
DA:276,0
DA:283,0
DA:284,0
DA:292,0
DA:293,0
DA:305,0
DA:308,0
DA:309,0
DA:310,0
DA:313,0
DA:314,0
DA:316,0
DA:318,0
DA:320,0
DA:322,0
DA:324,0
DA:328,0
DA:329,0
DA:330,0
DA:333,0
DA:334,0
DA:335,0
DA:336,0
DA:339,0
DA:340,0
DA:341,0
DA:346,0
DA:349,0
DA:350,0
DA:352,0
DA:353,0
DA:361,0
DA:362,0
DA:375,0
DA:387,0
DA:392,0
DA:393,0
DA:394,0
DA:396,0
DA:397,0
DA:403,0
DA:448,0
DA:499,0
DA:517,0
DA:526,0
DA:533,0
DA:568,0
DA:579,0
DA:594,0
DA:605,0
DA:618,0
DA:633,0
DA:652,0
DA:664,0
DA:676,0
DA:687,0
DA:696,0
DA:731,0
DA:738,0
DA:771,0
DA:781,0
LF:162
LH:0
BRDA:88,0,0,0
BRDA:88,0,1,0
BRDA:100,1,0,0
BRDA:100,1,1,0
BRDA:101,2,0,0
BRDA:101,2,1,0
BRDA:102,3,0,0
BRDA:102,3,1,0
BRDA:113,4,0,0
BRDA:113,4,1,0
BRDA:117,5,0,0
BRDA:117,5,1,0
BRDA:154,6,0,0
BRDA:154,6,1,0
BRDA:162,7,0,0
BRDA:162,7,1,0
BRDA:167,8,0,0
BRDA:167,8,1,0
BRDA:168,9,0,0
BRDA:168,9,1,0
BRDA:169,10,0,0
BRDA:169,10,1,0
BRDA:174,11,0,0
BRDA:174,11,1,0
BRDA:176,12,0,0
BRDA:176,12,1,0
BRDA:192,13,0,0
BRDA:192,13,1,0
BRDA:214,14,0,0
BRDA:214,14,1,0
BRDA:215,15,0,0
BRDA:215,15,1,0
BRDA:216,16,0,0
BRDA:216,16,1,0
BRDA:217,17,0,0
BRDA:217,17,1,0
BRDA:218,18,0,0
BRDA:218,18,1,0
BRDA:219,19,0,0
BRDA:219,19,1,0
BRDA:220,20,0,0
BRDA:220,20,1,0
BRDA:221,21,0,0
BRDA:221,21,1,0
BRDA:222,22,0,0
BRDA:222,22,1,0
BRDA:223,23,0,0
BRDA:223,23,1,0
BRDA:229,24,0,0
BRDA:229,24,1,0
BRDA:230,25,0,0
BRDA:230,25,1,0
BRDA:236,26,0,0
BRDA:236,26,1,0
BRDA:236,27,0,0
BRDA:236,27,1,0
BRDA:245,28,0,0
BRDA:245,28,1,0
BRDA:249,29,0,0
BRDA:249,29,1,0
BRDA:250,30,0,0
BRDA:250,30,1,0
BRDA:251,31,0,0
BRDA:251,31,1,0
BRDA:256,32,0,0
BRDA:256,32,1,0
BRDA:258,33,0,0
BRDA:258,33,1,0
BRDA:278,34,0,0
BRDA:278,34,1,0
BRDA:314,35,0,0
BRDA:314,35,1,0
BRDA:314,35,2,0
BRDA:314,35,3,0
BRDA:314,35,4,0
BRDA:340,36,0,0
BRDA:340,36,1,0
BRDA:340,37,0,0
BRDA:340,37,1,0
BRDA:340,37,2,0
BRDA:366,38,0,0
BRDA:366,38,1,0
BRDA:379,39,0,0
BRDA:379,39,1,0
BRDA:426,40,0,0
BRDA:455,41,0,0
BRDA:463,42,0,0
BRDA:463,42,1,0
BRDA:466,43,0,0
BRDA:466,43,1,0
BRDA:476,44,0,0
BRDA:476,44,1,0
BRDA:492,45,0,0
BRDA:492,45,1,0
BRDA:496,46,0,0
BRDA:511,47,0,0
BRDA:511,47,1,0
BRDA:511,47,2,0
BRDA:551,48,0,0
BRDA:551,48,1,0
BRDA:554,49,0,0
BRDA:554,49,1,0
BRDA:701,50,0,0
BRDA:701,50,1,0
BRDA:701,51,0,0
BRDA:701,51,1,0
BRDA:715,52,0,0
BRDA:735,53,0,0
BRDA:753,54,0,0
BRDA:789,55,0,0
BRDA:789,55,1,0
BRDA:791,56,0,0
BRDA:791,56,1,0
BRF:113
BRH:0
end_of_record
TN:
SF:src\components\cheques\incoming-cheques-page.tsx
FN:61,IncomingChequesPage
FN:87,(anonymous_3)
FN:94,(anonymous_4)
FN:96,(anonymous_5)
FN:112,(anonymous_6)
FN:115,(anonymous_7)
FN:172,(anonymous_8)
FN:188,(anonymous_9)
FN:208,(anonymous_10)
FN:223,(anonymous_11)
FN:228,(anonymous_12)
FN:243,(anonymous_13)
FN:248,(anonymous_14)
FN:255,(anonymous_15)
FN:351,(anonymous_16)
FN:386,(anonymous_17)
FN:408,(anonymous_18)
FN:409,(anonymous_19)
FN:410,(anonymous_20)
FN:411,(anonymous_21)
FN:413,(anonymous_22)
FN:414,(anonymous_23)
FN:495,(anonymous_24)
FN:539,(anonymous_25)
FN:556,(anonymous_26)
FN:568,(anonymous_27)
FN:578,(anonymous_28)
FN:585,(anonymous_29)
FN:619,(anonymous_30)
FN:630,(anonymous_31)
FN:645,(anonymous_32)
FN:656,(anonymous_33)
FN:668,(anonymous_34)
FN:686,(anonymous_35)
FN:698,(anonymous_36)
FN:710,(anonymous_37)
FN:721,(anonymous_38)
FN:731,(anonymous_39)
FN:766,(anonymous_40)
FN:773,(anonymous_41)
FN:806,(anonymous_42)
FN:821,(anonymous_43)
FN:830,(anonymous_44)
FNF:43
FNH:0
FNDA:0,IncomingChequesPage
FNDA:0,(anonymous_3)
FNDA:0,(anonymous_4)
FNDA:0,(anonymous_5)
FNDA:0,(anonymous_6)
FNDA:0,(anonymous_7)
FNDA:0,(anonymous_8)
FNDA:0,(anonymous_9)
FNDA:0,(anonymous_10)
FNDA:0,(anonymous_11)
FNDA:0,(anonymous_12)
FNDA:0,(anonymous_13)
FNDA:0,(anonymous_14)
FNDA:0,(anonymous_15)
FNDA:0,(anonymous_16)
FNDA:0,(anonymous_17)
FNDA:0,(anonymous_18)
FNDA:0,(anonymous_19)
FNDA:0,(anonymous_20)
FNDA:0,(anonymous_21)
FNDA:0,(anonymous_22)
FNDA:0,(anonymous_23)
FNDA:0,(anonymous_24)
FNDA:0,(anonymous_25)
FNDA:0,(anonymous_26)
FNDA:0,(anonymous_27)
FNDA:0,(anonymous_28)
FNDA:0,(anonymous_29)
FNDA:0,(anonymous_30)
FNDA:0,(anonymous_31)
FNDA:0,(anonymous_32)
FNDA:0,(anonymous_33)
FNDA:0,(anonymous_34)
FNDA:0,(anonymous_35)
FNDA:0,(anonymous_36)
FNDA:0,(anonymous_37)
FNDA:0,(anonymous_38)
FNDA:0,(anonymous_39)
FNDA:0,(anonymous_40)
FNDA:0,(anonymous_41)
FNDA:0,(anonymous_42)
FNDA:0,(anonymous_43)
FNDA:0,(anonymous_44)
DA:3,0
DA:4,0
DA:5,0
DA:6,0
DA:7,0
DA:8,0
DA:16,0
DA:24,0
DA:25,0
DA:26,0
DA:27,0
DA:39,0
DA:40,0
DA:61,0
DA:62,0
DA:63,0
DA:64,0
DA:65,0
DA:66,0
DA:67,0
DA:68,0
DA:69,0
DA:70,0
DA:71,0
DA:72,0
DA:73,0
DA:75,0
DA:87,0
DA:88,0
DA:90,0
DA:92,0
DA:94,0
DA:95,0
DA:96,0
DA:97,0
DA:99,0
DA:100,0
DA:109,0
DA:112,0
DA:115,0
DA:116,0
DA:117,0
DA:119,0
DA:120,0
DA:121,0
DA:122,0
DA:123,0
DA:134,0
DA:139,0
DA:140,0
DA:153,0
DA:159,0
DA:160,0
DA:162,0
DA:168,0
DA:172,0
DA:173,0
DA:174,0
DA:185,0
DA:188,0
DA:189,0
DA:190,0
DA:192,0
DA:193,0
DA:194,0
DA:195,0
DA:200,0
DA:208,0
DA:209,0
DA:220,0
DA:223,0
DA:224,0
DA:225,0
DA:228,0
DA:229,0
DA:231,0
DA:233,0
DA:235,0
DA:237,0
DA:239,0
DA:243,0
DA:244,0
DA:245,0
DA:248,0
DA:249,0
DA:250,0
DA:251,0
DA:252,0
DA:255,0
DA:256,0
DA:257,0
DA:262,0
DA:265,0
DA:266,0
DA:267,0
DA:270,0
DA:271,0
DA:279,0
DA:297,0
DA:302,0
DA:303,0
DA:317,0
DA:330,0
DA:335,0
DA:336,0
DA:337,0
DA:338,0
DA:340,0
DA:341,0
DA:347,0
DA:351,0
DA:352,0
DA:354,0
DA:355,0
DA:358,0
DA:359,0
DA:361,0
DA:362,0
DA:367,0
DA:371,0
DA:372,0
DA:381,0
DA:382,0
DA:386,0
DA:387,0
DA:389,0
DA:391,0
DA:396,0
DA:397,0
DA:403,0
DA:408,0
DA:409,0
DA:410,0
DA:411,0
DA:413,0
DA:414,0
DA:496,0
DA:539,0
DA:556,0
DA:568,0
DA:578,0
DA:585,0
DA:620,0
DA:631,0
DA:646,0
DA:657,0
DA:669,0
DA:687,0
DA:699,0
DA:711,0
DA:722,0
DA:731,0
DA:766,0
DA:773,0
DA:806,0
DA:821,0
DA:830,0
LF:157
LH:0
BRDA:88,0,0,0
BRDA:88,0,1,0
BRDA:99,1,0,0
BRDA:99,1,1,0
BRDA:103,2,0,0
BRDA:103,2,1,0
BRDA:104,3,0,0
BRDA:104,3,1,0
BRDA:105,4,0,0
BRDA:105,4,1,0
BRDA:117,5,0,0
BRDA:117,5,1,0
BRDA:121,6,0,0
BRDA:121,6,1,0
BRDA:175,7,0,0
BRDA:175,7,1,0
BRDA:176,8,0,0
BRDA:176,8,1,0
BRDA:177,9,0,0
BRDA:177,9,1,0
BRDA:178,10,0,0
BRDA:178,10,1,0
BRDA:179,11,0,0
BRDA:179,11,1,0
BRDA:180,12,0,0
BRDA:180,12,1,0
BRDA:181,13,0,0
BRDA:181,13,1,0
BRDA:182,14,0,0
BRDA:182,14,1,0
BRDA:183,15,0,0
BRDA:183,15,1,0
BRDA:189,16,0,0
BRDA:189,16,1,0
BRDA:190,17,0,0
BRDA:190,17,1,0
BRDA:229,18,0,0
BRDA:229,18,1,0
BRDA:229,18,2,0
BRDA:229,18,3,0
BRDA:229,18,4,0
BRDA:256,19,0,0
BRDA:256,19,1,0
BRDA:256,20,0,0
BRDA:256,20,1,0
BRDA:256,20,2,0
BRDA:286,21,0,0
BRDA:286,21,1,0
BRDA:307,22,0,0
BRDA:307,22,1,0
BRDA:321,23,0,0
BRDA:321,23,1,0
BRDA:321,23,2,0
BRDA:352,24,0,0
BRDA:352,24,1,0
BRDA:354,25,0,0
BRDA:354,25,1,0
BRDA:361,26,0,0
BRDA:361,26,1,0
BRDA:475,27,0,0
BRDA:503,28,0,0
BRDA:513,29,0,0
BRDA:513,29,1,0
BRDA:516,30,0,0
BRDA:516,30,1,0
BRDA:532,31,0,0
BRDA:532,31,1,0
BRDA:536,32,0,0
BRDA:551,33,0,0
BRDA:551,33,1,0
BRDA:563,34,0,0
BRDA:563,34,1,0
BRDA:603,35,0,0
BRDA:603,35,1,0
BRDA:606,36,0,0
BRDA:606,36,1,0
BRDA:736,37,0,0
BRDA:736,37,1,0
BRDA:736,38,0,0
BRDA:736,38,1,0
BRDA:750,39,0,0
BRDA:770,40,0,0
BRDA:788,41,0,0
BRDA:838,42,0,0
BRDA:838,42,1,0
BRDA:840,43,0,0
BRDA:840,43,1,0
BRF:87
BRH:0
end_of_record
TN:
SF:src\components\cheques\outgoing-cheques-page.tsx
FN:59,OutgoingChequesPage
FN:84,(anonymous_3)
FN:91,(anonymous_4)
FN:93,(anonymous_5)
FN:109,(anonymous_6)
FN:112,(anonymous_7)
FN:169,(anonymous_8)
FN:185,(anonymous_9)
FN:205,(anonymous_10)
FN:220,(anonymous_11)
FN:225,(anonymous_12)
FN:238,(anonymous_13)
FN:243,(anonymous_14)
FN:249,(anonymous_15)
FN:282,(anonymous_16)
FN:283,(anonymous_17)
FN:284,(anonymous_18)
FN:285,(anonymous_19)
FN:287,(anonymous_20)
FN:288,(anonymous_21)
FN:289,(anonymous_22)
FN:369,(anonymous_23)
FN:417,(anonymous_24)
FN:433,(anonymous_25)
FN:440,(anonymous_26)
FN:449,(anonymous_27)
FN:486,(anonymous_28)
FN:497,(anonymous_29)
FN:512,(anonymous_30)
FN:523,(anonymous_31)
FN:535,(anonymous_32)
FN:553,(anonymous_33)
FN:565,(anonymous_34)
FN:577,(anonymous_35)
FN:588,(anonymous_36)
FN:598,(anonymous_37)
FN:633,(anonymous_38)
FN:640,(anonymous_39)
FN:678,(anonymous_40)
FN:687,(anonymous_41)
FNF:40
FNH:0
FNDA:0,OutgoingChequesPage
FNDA:0,(anonymous_3)
FNDA:0,(anonymous_4)
FNDA:0,(anonymous_5)
FNDA:0,(anonymous_6)
FNDA:0,(anonymous_7)
FNDA:0,(anonymous_8)
FNDA:0,(anonymous_9)
FNDA:0,(anonymous_10)
FNDA:0,(anonymous_11)
FNDA:0,(anonymous_12)
FNDA:0,(anonymous_13)
FNDA:0,(anonymous_14)
FNDA:0,(anonymous_15)
FNDA:0,(anonymous_16)
FNDA:0,(anonymous_17)
FNDA:0,(anonymous_18)
FNDA:0,(anonymous_19)
FNDA:0,(anonymous_20)
FNDA:0,(anonymous_21)
FNDA:0,(anonymous_22)
FNDA:0,(anonymous_23)
FNDA:0,(anonymous_24)
FNDA:0,(anonymous_25)
FNDA:0,(anonymous_26)
FNDA:0,(anonymous_27)
FNDA:0,(anonymous_28)
FNDA:0,(anonymous_29)
FNDA:0,(anonymous_30)
FNDA:0,(anonymous_31)
FNDA:0,(anonymous_32)
FNDA:0,(anonymous_33)
FNDA:0,(anonymous_34)
FNDA:0,(anonymous_35)
FNDA:0,(anonymous_36)
FNDA:0,(anonymous_37)
FNDA:0,(anonymous_38)
FNDA:0,(anonymous_39)
FNDA:0,(anonymous_40)
FNDA:0,(anonymous_41)
DA:3,0
DA:4,0
DA:5,0
DA:6,0
DA:7,0
DA:8,0
DA:16,0
DA:24,0
DA:25,0
DA:26,0
DA:27,0
DA:37,0
DA:38,0
DA:59,0
DA:60,0
DA:61,0
DA:62,0
DA:63,0
DA:64,0
DA:65,0
DA:66,0
DA:67,0
DA:68,0
DA:69,0
DA:70,0
DA:72,0
DA:84,0
DA:85,0
DA:87,0
DA:89,0
DA:91,0
DA:92,0
DA:93,0
DA:94,0
DA:96,0
DA:97,0
DA:106,0
DA:109,0
DA:112,0
DA:113,0
DA:114,0
DA:116,0
DA:117,0
DA:118,0
DA:119,0
DA:120,0
DA:131,0
DA:136,0
DA:137,0
DA:150,0
DA:156,0
DA:157,0
DA:159,0
DA:165,0
DA:169,0
DA:170,0
DA:171,0
DA:182,0
DA:185,0
DA:186,0
DA:187,0
DA:189,0
DA:190,0
DA:191,0
DA:192,0
DA:197,0
DA:205,0
DA:206,0
DA:217,0
DA:220,0
DA:221,0
DA:222,0
DA:225,0
DA:226,0
DA:228,0
DA:230,0
DA:232,0
DA:234,0
DA:238,0
DA:239,0
DA:240,0
DA:243,0
DA:244,0
DA:245,0
DA:246,0
DA:249,0
DA:250,0
DA:252,0
DA:253,0
DA:254,0
DA:255,0
DA:259,0
DA:266,0
DA:267,0
DA:268,0
DA:270,0
DA:271,0
DA:277,0
DA:282,0
DA:283,0
DA:284,0
DA:285,0
DA:287,0
DA:288,0
DA:289,0
DA:370,0
DA:417,0
DA:433,0
DA:440,0
DA:449,0
DA:487,0
DA:498,0
DA:513,0
DA:524,0
DA:536,0
DA:554,0
DA:566,0
DA:578,0
DA:589,0
DA:598,0
DA:633,0
DA:640,0
DA:678,0
DA:687,0
LF:124
LH:0
BRDA:85,0,0,0
BRDA:85,0,1,0
BRDA:96,1,0,0
BRDA:96,1,1,0
BRDA:100,2,0,0
BRDA:100,2,1,0
BRDA:101,3,0,0
BRDA:101,3,1,0
BRDA:102,4,0,0
BRDA:102,4,1,0
BRDA:114,5,0,0
BRDA:114,5,1,0
BRDA:118,6,0,0
BRDA:118,6,1,0
BRDA:172,7,0,0
BRDA:172,7,1,0
BRDA:173,8,0,0
BRDA:173,8,1,0
BRDA:174,9,0,0
BRDA:174,9,1,0
BRDA:175,10,0,0
BRDA:175,10,1,0
BRDA:176,11,0,0
BRDA:176,11,1,0
BRDA:177,12,0,0
BRDA:177,12,1,0
BRDA:178,13,0,0
BRDA:178,13,1,0
BRDA:179,14,0,0
BRDA:179,14,1,0
BRDA:180,15,0,0
BRDA:180,15,1,0
BRDA:186,16,0,0
BRDA:186,16,1,0
BRDA:187,17,0,0
BRDA:187,17,1,0
BRDA:226,18,0,0
BRDA:226,18,1,0
BRDA:226,18,2,0
BRDA:226,18,3,0
BRDA:245,19,0,0
BRDA:245,19,1,0
BRDA:250,20,0,0
BRDA:250,20,1,0
BRDA:250,21,0,0
BRDA:250,21,1,0
BRDA:261,22,0,0
BRDA:261,22,1,0
BRDA:350,23,0,0
BRDA:374,24,0,0
BRDA:384,25,0,0
BRDA:384,25,1,0
BRDA:390,26,0,0
BRDA:390,26,1,0
BRDA:405,27,0,0
BRDA:414,28,0,0
BRDA:429,29,0,0
BRDA:470,30,0,0
BRDA:470,30,1,0
BRDA:473,31,0,0
BRDA:473,31,1,0
BRDA:603,32,0,0
BRDA:603,32,1,0
BRDA:603,33,0,0
BRDA:603,33,1,0
BRDA:617,34,0,0
BRDA:637,35,0,0
BRDA:655,36,0,0
BRDA:697,37,0,0
BRDA:697,37,1,0
BRF:70
BRH:0
end_of_record
TN:
SF:src\components\clients\client-detail-page.tsx
FN:85,ClientDetailPage
FN:104,(anonymous_2)
FN:109,(anonymous_3)
FN:127,(anonymous_4)
FN:139,(anonymous_5)
FN:150,(anonymous_6)
FN:155,(anonymous_7)
FN:173,(anonymous_8)
FN:179,(anonymous_9)
FN:184,(anonymous_10)
FN:188,(anonymous_11)
FN:199,(anonymous_12)
FN:204,(anonymous_13)
FN:222,(anonymous_14)
FN:228,(anonymous_15)
FN:233,(anonymous_16)
FN:237,(anonymous_17)
FN:248,(anonymous_18)
FN:250,(anonymous_19)
FN:259,(anonymous_20)
FN:262,(anonymous_21)
FN:267,(anonymous_22)
FN:271,(anonymous_23)
FN:277,(anonymous_24)
FN:282,(anonymous_25)
FN:289,(anonymous_26)
FN:296,(anonymous_27)
FN:300,(anonymous_28)
FN:314,(anonymous_29)
FN:344,(anonymous_30)
FN:372,(anonymous_31)
FN:389,(anonymous_32)
FN:494,(anonymous_33)
FN:547,(anonymous_34)
FN:601,(anonymous_35)
FN:651,(anonymous_36)
FN:654,(anonymous_37)
FN:661,(anonymous_38)
FN:668,(anonymous_39)
FN:681,(anonymous_40)
FNF:40
FNH:0
FNDA:0,ClientDetailPage
FNDA:0,(anonymous_2)
FNDA:0,(anonymous_3)
FNDA:0,(anonymous_4)
FNDA:0,(anonymous_5)
FNDA:0,(anonymous_6)
FNDA:0,(anonymous_7)
FNDA:0,(anonymous_8)
FNDA:0,(anonymous_9)
FNDA:0,(anonymous_10)
FNDA:0,(anonymous_11)
FNDA:0,(anonymous_12)
FNDA:0,(anonymous_13)
FNDA:0,(anonymous_14)
FNDA:0,(anonymous_15)
FNDA:0,(anonymous_16)
FNDA:0,(anonymous_17)
FNDA:0,(anonymous_18)
FNDA:0,(anonymous_19)
FNDA:0,(anonymous_20)
FNDA:0,(anonymous_21)
FNDA:0,(anonymous_22)
FNDA:0,(anonymous_23)
FNDA:0,(anonymous_24)
FNDA:0,(anonymous_25)
FNDA:0,(anonymous_26)
FNDA:0,(anonymous_27)
FNDA:0,(anonymous_28)
FNDA:0,(anonymous_29)
FNDA:0,(anonymous_30)
FNDA:0,(anonymous_31)
FNDA:0,(anonymous_32)
FNDA:0,(anonymous_33)
FNDA:0,(anonymous_34)
FNDA:0,(anonymous_35)
FNDA:0,(anonymous_36)
FNDA:0,(anonymous_37)
FNDA:0,(anonymous_38)
FNDA:0,(anonymous_39)
FNDA:0,(anonymous_40)
DA:3,0
DA:4,0
DA:5,0
DA:6,0
DA:7,0
DA:15,0
DA:24,0
DA:25,0
DA:26,0
DA:35,0
DA:36,0
DA:85,0
DA:86,0
DA:87,0
DA:88,0
DA:90,0
DA:91,0
DA:92,0
DA:93,0
DA:94,0
DA:97,0
DA:98,0
DA:99,0
DA:100,0
DA:101,0
DA:104,0
DA:105,0
DA:107,0
DA:108,0
DA:110,0
DA:111,0
DA:112,0
DA:118,0
DA:123,0
DA:125,0
DA:128,0
DA:129,0
DA:134,0
DA:139,0
DA:140,0
DA:142,0
DA:143,0
DA:148,0
DA:151,0
DA:152,0
DA:153,0
DA:155,0
DA:156,0
DA:157,0
DA:162,0
DA:165,0
DA:166,0
DA:167,0
DA:168,0
DA:173,0
DA:175,0
DA:176,0
DA:177,0
DA:180,0
DA:184,0
DA:188,0
DA:189,0
DA:191,0
DA:192,0
DA:197,0
DA:200,0
DA:201,0
DA:202,0
DA:204,0
DA:205,0
DA:206,0
DA:211,0
DA:214,0
DA:215,0
DA:216,0
DA:217,0
DA:222,0
DA:224,0
DA:225,0
DA:226,0
DA:229,0
DA:233,0
DA:237,0
DA:238,0
DA:240,0
DA:241,0
DA:246,0
DA:249,0
DA:250,0
DA:251,0
DA:252,0
DA:259,0
DA:260,0
DA:263,0
DA:267,0
DA:271,0
DA:272,0
DA:273,0
DA:277,0
DA:278,0
DA:281,0
DA:282,0
DA:289,0
DA:296,0
DA:299,0
DA:300,0
DA:301,0
DA:302,0
DA:313,0
DA:314,0
DA:315,0
DA:318,0
DA:319,0
DA:320,0
DA:321,0
DA:322,0
DA:325,0
DA:335,0
DA:336,0
DA:344,0
DA:372,0
DA:389,0
DA:495,0
DA:548,0
DA:602,0
DA:653,0
DA:654,0
DA:661,0
DA:668,0
DA:670,0
DA:680,0
DA:681,0
DA:682,0
DA:683,0
LF:134
LH:0
BRDA:105,0,0,0
BRDA:105,0,1,0
BRDA:105,1,0,0
BRDA:105,1,1,0
BRDA:110,2,0,0
BRDA:110,2,1,0
BRDA:115,3,0,0
BRDA:115,3,1,0
BRDA:140,4,0,0
BRDA:140,4,1,0
BRDA:140,5,0,0
BRDA:140,5,1,0
BRDA:160,6,0,0
BRDA:160,6,1,0
BRDA:165,7,0,0
BRDA:165,7,1,0
BRDA:165,8,0,0
BRDA:165,8,1,0
BRDA:167,9,0,0
BRDA:167,9,1,0
BRDA:189,10,0,0
BRDA:189,10,1,0
BRDA:189,11,0,0
BRDA:189,11,1,0
BRDA:209,12,0,0
BRDA:209,12,1,0
BRDA:214,13,0,0
BRDA:214,13,1,0
BRDA:216,14,0,0
BRDA:216,14,1,0
BRDA:238,15,0,0
BRDA:238,15,1,0
BRDA:238,16,0,0
BRDA:238,16,1,0
BRDA:255,17,0,0
BRDA:255,17,1,0
BRDA:278,18,0,0
BRDA:278,18,1,0
BRDA:286,19,0,0
BRDA:286,19,1,0
BRDA:286,20,0,0
BRDA:286,20,1,0
BRDA:287,21,0,0
BRDA:287,21,1,0
BRDA:293,22,0,0
BRDA:293,22,1,0
BRDA:294,23,0,0
BRDA:294,23,1,0
BRDA:313,24,0,0
BRDA:313,24,1,0
BRDA:325,25,0,0
BRDA:325,25,1,0
BRDA:335,26,0,0
BRDA:335,26,1,0
BRDA:372,27,0,0
BRDA:372,27,1,0
BRDA:421,28,0,0
BRDA:421,28,1,0
BRDA:427,29,0,0
BRDA:427,29,1,0
BRDA:446,30,0,0
BRDA:446,30,1,0
BRDA:450,31,0,0
BRDA:450,31,1,0
BRDA:487,32,0,0
BRDA:487,32,1,0
BRDA:500,33,0,0
BRDA:500,33,1,0
BRDA:500,34,0,0
BRDA:500,34,1,0
BRDA:540,35,0,0
BRDA:540,35,1,0
BRDA:553,36,0,0
BRDA:553,36,1,0
BRDA:594,37,0,0
BRDA:594,37,1,0
BRDA:610,38,0,0
BRDA:610,38,1,0
BRDA:612,39,0,0
BRDA:612,39,1,0
BRDA:658,40,0,0
BRDA:658,40,1,0
BRDA:658,41,0,0
BRDA:658,41,1,0
BRDA:659,42,0,0
BRDA:659,42,1,0
BRDA:665,43,0,0
BRDA:665,43,1,0
BRDA:666,44,0,0
BRDA:666,44,1,0
BRDA:670,45,0,0
BRDA:670,45,1,0
BRDA:691,46,0,0
BRDA:691,46,1,0
BRDA:694,47,0,0
BRDA:694,47,1,0
BRDA:698,48,0,0
BRDA:698,48,1,0
BRF:98
BRH:0
end_of_record
TN:
SF:src\components\clients\clients-page.tsx
FN:50,ClientsPage
FN:68,(anonymous_2)
FN:74,(anonymous_3)
FN:76,(anonymous_4)
FN:87,(anonymous_5)
FN:90,(anonymous_6)
FN:140,(anonymous_7)
FN:152,(anonymous_8)
FN:172,(anonymous_9)
FN:183,(anonymous_10)
FN:223,(anonymous_11)
FN:235,(anonymous_12)
FN:242,(anonymous_13)
FN:249,(anonymous_14)
FN:282,(anonymous_15)
FN:293,(anonymous_16)
FN:305,(anonymous_17)
FN:315,(anonymous_18)
FN:327,(anonymous_19)
FN:337,(anonymous_20)
FNF:20
FNH:0
FNDA:0,ClientsPage
FNDA:0,(anonymous_2)
FNDA:0,(anonymous_3)
FNDA:0,(anonymous_4)
FNDA:0,(anonymous_5)
FNDA:0,(anonymous_6)
FNDA:0,(anonymous_7)
FNDA:0,(anonymous_8)
FNDA:0,(anonymous_9)
FNDA:0,(anonymous_10)
FNDA:0,(anonymous_11)
FNDA:0,(anonymous_12)
FNDA:0,(anonymous_13)
FNDA:0,(anonymous_14)
FNDA:0,(anonymous_15)
FNDA:0,(anonymous_16)
FNDA:0,(anonymous_17)
FNDA:0,(anonymous_18)
FNDA:0,(anonymous_19)
FNDA:0,(anonymous_20)
DA:3,0
DA:4,0
DA:5,0
DA:6,0
DA:7,0
DA:8,0
DA:16,0
DA:24,0
DA:25,0
DA:26,0
DA:27,0
DA:37,0
DA:38,0
DA:50,0
DA:51,0
DA:52,0
DA:53,0
DA:54,0
DA:55,0
DA:56,0
DA:57,0
DA:59,0
DA:68,0
DA:69,0
DA:71,0
DA:72,0
DA:74,0
DA:75,0
DA:76,0
DA:77,0
DA:78,0
DA:84,0
DA:87,0
DA:90,0
DA:91,0
DA:92,0
DA:94,0
DA:95,0
DA:96,0
DA:98,0
DA:99,0
DA:106,0
DA:112,0
DA:113,0
DA:121,0
DA:127,0
DA:128,0
DA:130,0
DA:136,0
DA:140,0
DA:141,0
DA:142,0
DA:149,0
DA:152,0
DA:153,0
DA:154,0
DA:156,0
DA:157,0
DA:158,0
DA:159,0
DA:164,0
DA:172,0
DA:173,0
DA:180,0
DA:183,0
DA:184,0
DA:185,0
DA:224,0
DA:235,0
DA:242,0
DA:249,0
DA:283,0
DA:294,0
DA:306,0
DA:316,0
DA:328,0
DA:337,0
LF:77
LH:0
BRDA:69,0,0,0
BRDA:69,0,1,0
BRDA:81,1,0,0
BRDA:81,1,1,0
BRDA:92,2,0,0
BRDA:92,2,1,0
BRDA:96,3,0,0
BRDA:96,3,1,0
BRDA:143,4,0,0
BRDA:143,4,1,0
BRDA:144,5,0,0
BRDA:144,5,1,0
BRDA:145,6,0,0
BRDA:145,6,1,0
BRDA:146,7,0,0
BRDA:146,7,1,0
BRDA:147,8,0,0
BRDA:147,8,1,0
BRDA:153,9,0,0
BRDA:153,9,1,0
BRDA:154,10,0,0
BRDA:154,10,1,0
BRDA:207,11,0,0
BRDA:229,12,0,0
BRDA:229,12,1,0
BRDA:267,13,0,0
BRDA:267,13,1,0
BRDA:270,14,0,0
BRDA:270,14,1,0
BRDA:342,15,0,0
BRDA:342,15,1,0
BRDA:342,16,0,0
BRDA:342,16,1,0
BRF:33
BRH:0
end_of_record
TN:
SF:src\components\dashboard\dashboard-page.tsx
FN:43,DashboardPage
FN:62,(anonymous_2)
FN:66,(anonymous_3)
FN:71,(anonymous_4)
FN:77,(anonymous_5)
FN:81,(anonymous_6)
FN:85,(anonymous_7)
FN:100,(anonymous_8)
FN:151,(anonymous_9)
FN:160,(anonymous_10)
FN:165,(anonymous_11)
FN:166,(anonymous_12)
FN:168,(anonymous_13)
FN:183,(anonymous_14)
FN:185,(anonymous_15)
FN:190,(anonymous_16)
FN:192,(anonymous_17)
FN:196,(anonymous_18)
FN:200,(anonymous_19)
FN:204,(anonymous_20)
FN:209,(anonymous_21)
FN:238,(anonymous_22)
FN:239,(anonymous_23)
FN:241,(anonymous_24)
FN:255,(anonymous_25)
FN:259,(anonymous_26)
FN:263,(anonymous_27)
FN:267,(anonymous_28)
FN:321,(anonymous_29)
FN:426,(anonymous_30)
FN:431,(anonymous_31)
FN:454,(anonymous_32)
FN:491,(anonymous_33)
FNF:33
FNH:0
FNDA:0,DashboardPage
FNDA:0,(anonymous_2)
FNDA:0,(anonymous_3)
FNDA:0,(anonymous_4)
FNDA:0,(anonymous_5)
FNDA:0,(anonymous_6)
FNDA:0,(anonymous_7)
FNDA:0,(anonymous_8)
FNDA:0,(anonymous_9)
FNDA:0,(anonymous_10)
FNDA:0,(anonymous_11)
FNDA:0,(anonymous_12)
FNDA:0,(anonymous_13)
FNDA:0,(anonymous_14)
FNDA:0,(anonymous_15)
FNDA:0,(anonymous_16)
FNDA:0,(anonymous_17)
FNDA:0,(anonymous_18)
FNDA:0,(anonymous_19)
FNDA:0,(anonymous_20)
FNDA:0,(anonymous_21)
FNDA:0,(anonymous_22)
FNDA:0,(anonymous_23)
FNDA:0,(anonymous_24)
FNDA:0,(anonymous_25)
FNDA:0,(anonymous_26)
FNDA:0,(anonymous_27)
FNDA:0,(anonymous_28)
FNDA:0,(anonymous_29)
FNDA:0,(anonymous_30)
FNDA:0,(anonymous_31)
FNDA:0,(anonymous_32)
FNDA:0,(anonymous_33)
DA:3,0
DA:4,0
DA:5,0
DA:6,0
DA:7,0
DA:8,0
DA:24,0
DA:43,0
DA:44,0
DA:45,0
DA:46,0
DA:47,0
DA:48,0
DA:49,0
DA:50,0
DA:51,0
DA:52,0
DA:53,0
DA:56,0
DA:57,0
DA:58,0
DA:59,0
DA:62,0
DA:63,0
DA:65,0
DA:66,0
DA:67,0
DA:70,0
DA:71,0
DA:72,0
DA:74,0
DA:77,0
DA:81,0
DA:82,0
DA:84,0
DA:85,0
DA:86,0
DA:87,0
DA:88,0
DA:89,0
DA:92,0
DA:95,0
DA:98,0
DA:100,0
DA:101,0
DA:102,0
DA:113,0
DA:115,0
DA:116,0
DA:117,0
DA:118,0
DA:121,0
DA:122,0
DA:124,0
DA:125,0
DA:128,0
DA:129,0
DA:135,0
DA:136,0
DA:137,0
DA:140,0
DA:141,0
DA:142,0
DA:143,0
DA:147,0
DA:151,0
DA:152,0
DA:155,0
DA:156,0
DA:157,0
DA:160,0
DA:161,0
DA:164,0
DA:165,0
DA:166,0
DA:170,0
DA:171,0
DA:172,0
DA:179,0
DA:182,0
DA:183,0
DA:185,0
DA:186,0
DA:189,0
DA:190,0
DA:192,0
DA:193,0
DA:196,0
DA:200,0
DA:201,0
DA:203,0
DA:204,0
DA:205,0
DA:206,0
DA:207,0
DA:209,0
DA:210,0
DA:211,0
DA:213,0
DA:215,0
DA:216,0
DA:220,0
DA:221,0
DA:224,0
DA:225,0
DA:226,0
DA:227,0
DA:228,0
DA:229,0
DA:233,0
DA:234,0
DA:237,0
DA:238,0
DA:239,0
DA:243,0
DA:244,0
DA:245,0
DA:252,0
DA:255,0
DA:259,0
DA:260,0
DA:262,0
DA:263,0
DA:264,0
DA:267,0
DA:270,0
DA:272,0
DA:310,0
DA:322,0
DA:323,0
DA:426,0
DA:432,0
DA:455,0
DA:492,0
LF:134
LH:0
BRDA:63,0,0,0
BRDA:63,0,1,0
BRDA:82,1,0,0
BRDA:82,1,1,0
BRDA:104,2,0,0
BRDA:104,2,1,0
BRDA:105,3,0,0
BRDA:105,3,1,0
BRDA:106,4,0,0
BRDA:106,4,1,0
BRDA:107,5,0,0
BRDA:107,5,1,0
BRDA:113,6,0,0
BRDA:113,6,1,0
BRDA:115,7,0,0
BRDA:115,7,1,0
BRDA:116,8,0,0
BRDA:116,8,1,0
BRDA:116,9,0,0
BRDA:116,9,1,0
BRDA:121,10,0,0
BRDA:121,10,1,0
BRDA:122,11,0,0
BRDA:122,11,1,0
BRDA:124,12,0,0
BRDA:124,12,1,0
BRDA:128,13,0,0
BRDA:128,13,1,0
BRDA:129,14,0,0
BRDA:129,14,1,0
BRDA:136,15,0,0
BRDA:136,15,1,0
BRDA:140,16,0,0
BRDA:140,16,1,0
BRDA:140,17,0,0
BRDA:140,17,1,0
BRDA:142,18,0,0
BRDA:142,18,1,0
BRDA:165,19,0,0
BRDA:165,19,1,0
BRDA:201,20,0,0
BRDA:201,20,1,0
BRDA:211,21,0,0
BRDA:211,21,1,0
BRDA:215,22,0,0
BRDA:215,22,1,0
BRDA:220,23,0,0
BRDA:220,23,1,0
BRDA:220,24,0,0
BRDA:220,24,1,0
BRDA:224,25,0,0
BRDA:224,25,1,0
BRDA:225,26,0,0
BRDA:225,26,1,0
BRDA:226,27,0,0
BRDA:226,27,1,0
BRDA:227,28,0,0
BRDA:227,28,1,0
BRDA:228,29,0,0
BRDA:228,29,1,0
BRDA:229,30,0,0
BRDA:229,30,1,0
BRDA:238,31,0,0
BRDA:238,31,1,0
BRDA:260,32,0,0
BRDA:260,32,1,0
BRDA:298,33,0,0
BRDA:298,33,1,0
BRDA:299,34,0,0
BRDA:299,34,1,0
BRDA:305,35,0,0
BRDA:305,35,1,0
BRDA:306,36,0,0
BRDA:306,36,1,0
BRDA:395,37,0,0
BRDA:417,38,0,0
BRDA:451,39,0,0
BRDA:460,40,0,0
BRDA:460,40,1,0
BRDA:467,41,0,0
BRDA:467,41,1,0
BRDA:467,42,0,0
BRDA:467,42,1,0
BRDA:472,43,0,0
BRDA:472,43,1,0
BRDA:472,44,0,0
BRDA:472,44,1,0
BRDA:488,45,0,0
BRDA:499,46,0,0
BRDA:499,46,1,0
BRDA:503,47,0,0
BRDA:503,47,1,0
BRF:92
BRH:0
end_of_record
TN:
SF:src\components\employees\employees-page.tsx
FN:78,EmployeesPage
FN:107,(anonymous_2)
FN:113,(anonymous_3)
FN:115,(anonymous_4)
FN:127,(anonymous_5)
FN:131,(anonymous_6)
FN:137,(anonymous_7)
FN:139,(anonymous_8)
FN:151,(anonymous_9)
FN:155,(anonymous_10)
FN:161,(anonymous_11)
FN:163,(anonymous_12)
FN:175,(anonymous_13)
FN:178,(anonymous_14)
FN:248,(anonymous_15)
FN:268,(anonymous_16)
FN:280,(anonymous_17)
FN:281,(anonymous_18)
FN:286,(anonymous_19)
FN:297,(anonymous_20)
FN:303,(anonymous_21)
FN:310,(anonymous_22)
FN:359,(anonymous_23)
FN:425,(anonymous_24)
FN:427,(anonymous_25)
FN:463,(anonymous_26)
FN:473,(anonymous_27)
FN:513,(anonymous_28)
FN:537,(anonymous_29)
FN:544,(anonymous_30)
FN:551,(anonymous_31)
FN:579,(anonymous_32)
FN:604,(anonymous_33)
FN:628,(anonymous_34)
FN:658,(anonymous_35)
FN:675,(anonymous_36)
FN:698,(anonymous_37)
FN:758,(anonymous_38)
FN:769,(anonymous_39)
FN:782,(anonymous_40)
FN:803,(anonymous_41)
FN:821,(anonymous_42)
FN:832,(anonymous_43)
FN:856,(anonymous_44)
FN:887,(anonymous_45)
FNF:45
FNH:0
FNDA:0,EmployeesPage
FNDA:0,(anonymous_2)
FNDA:0,(anonymous_3)
FNDA:0,(anonymous_4)
FNDA:0,(anonymous_5)
FNDA:0,(anonymous_6)
FNDA:0,(anonymous_7)
FNDA:0,(anonymous_8)
FNDA:0,(anonymous_9)
FNDA:0,(anonymous_10)
FNDA:0,(anonymous_11)
FNDA:0,(anonymous_12)
FNDA:0,(anonymous_13)
FNDA:0,(anonymous_14)
FNDA:0,(anonymous_15)
FNDA:0,(anonymous_16)
FNDA:0,(anonymous_17)
FNDA:0,(anonymous_18)
FNDA:0,(anonymous_19)
FNDA:0,(anonymous_20)
FNDA:0,(anonymous_21)
FNDA:0,(anonymous_22)
FNDA:0,(anonymous_23)
FNDA:0,(anonymous_24)
FNDA:0,(anonymous_25)
FNDA:0,(anonymous_26)
FNDA:0,(anonymous_27)
FNDA:0,(anonymous_28)
FNDA:0,(anonymous_29)
FNDA:0,(anonymous_30)
FNDA:0,(anonymous_31)
FNDA:0,(anonymous_32)
FNDA:0,(anonymous_33)
FNDA:0,(anonymous_34)
FNDA:0,(anonymous_35)
FNDA:0,(anonymous_36)
FNDA:0,(anonymous_37)
FNDA:0,(anonymous_38)
FNDA:0,(anonymous_39)
FNDA:0,(anonymous_40)
FNDA:0,(anonymous_41)
FNDA:0,(anonymous_42)
FNDA:0,(anonymous_43)
FNDA:0,(anonymous_44)
FNDA:0,(anonymous_45)
DA:3,0
DA:4,0
DA:5,0
DA:6,0
DA:7,0
DA:15,0
DA:23,0
DA:24,0
DA:25,0
DA:26,0
DA:37,0
DA:38,0
DA:78,0
DA:79,0
DA:80,0
DA:81,0
DA:82,0
DA:83,0
DA:84,0
DA:86,0
DA:87,0
DA:88,0
DA:89,0
DA:90,0
DA:96,0
DA:98,0
DA:107,0
DA:108,0
DA:110,0
DA:111,0
DA:113,0
DA:114,0
DA:115,0
DA:116,0
DA:117,0
DA:124,0
DA:127,0
DA:131,0
DA:132,0
DA:134,0
DA:135,0
DA:137,0
DA:138,0
DA:139,0
DA:140,0
DA:141,0
DA:148,0
DA:151,0
DA:155,0
DA:156,0
DA:158,0
DA:159,0
DA:161,0
DA:162,0
DA:163,0
DA:164,0
DA:165,0
DA:172,0
DA:175,0
DA:178,0
DA:179,0
DA:180,0
DA:182,0
DA:183,0
DA:184,0
DA:185,0
DA:186,0
DA:189,0
DA:190,0
DA:199,0
DA:200,0
DA:201,0
DA:202,0
DA:214,0
DA:219,0
DA:220,0
DA:229,0
DA:235,0
DA:236,0
DA:238,0
DA:244,0
DA:248,0
DA:249,0
DA:250,0
DA:252,0
DA:253,0
DA:254,0
DA:255,0
DA:260,0
DA:268,0
DA:269,0
DA:270,0
DA:277,0
DA:280,0
DA:281,0
DA:282,0
DA:283,0
DA:286,0
DA:287,0
DA:294,0
DA:297,0
DA:298,0
DA:299,0
DA:303,0
DA:305,0
DA:307,0
DA:310,0
DA:311,0
DA:312,0
DA:314,0
DA:315,0
DA:316,0
DA:317,0
DA:319,0
DA:320,0
DA:321,0
DA:322,0
DA:324,0
DA:325,0
DA:339,0
DA:341,0
DA:347,0
DA:349,0
DA:355,0
DA:359,0
DA:360,0
DA:362,0
DA:363,0
DA:364,0
DA:367,0
DA:368,0
DA:371,0
DA:372,0
DA:379,0
DA:380,0
DA:381,0
DA:396,0
DA:397,0
DA:398,0
DA:408,0
DA:410,0
DA:415,0
DA:421,0
DA:425,0
DA:426,0
DA:427,0
DA:463,0
DA:473,0
DA:514,0
DA:537,0
DA:544,0
DA:551,0
DA:579,0
DA:605,0
DA:628,0
DA:659,0
DA:660,0
DA:663,0
DA:665,0
DA:676,0
DA:699,0
DA:759,0
DA:770,0
DA:783,0
DA:804,0
DA:822,0
DA:832,0
DA:857,0
DA:887,0
LF:169
LH:0
BRDA:108,0,0,0
BRDA:108,0,1,0
BRDA:120,1,0,0
BRDA:120,1,1,0
BRDA:121,2,0,0
BRDA:121,2,1,0
BRDA:132,3,0,0
BRDA:132,3,1,0
BRDA:144,4,0,0
BRDA:144,4,1,0
BRDA:145,5,0,0
BRDA:145,5,1,0
BRDA:156,6,0,0
BRDA:156,6,1,0
BRDA:168,7,0,0
BRDA:168,7,1,0
BRDA:169,8,0,0
BRDA:169,8,1,0
BRDA:180,9,0,0
BRDA:180,9,1,0
BRDA:184,10,0,0
BRDA:184,10,1,0
BRDA:199,11,0,0
BRDA:199,11,1,0
BRDA:209,12,0,0
BRDA:209,12,1,0
BRDA:249,13,0,0
BRDA:249,13,1,0
BRDA:250,14,0,0
BRDA:250,14,1,0
BRDA:274,15,0,0
BRDA:274,15,1,0
BRDA:311,16,0,0
BRDA:311,16,1,0
BRDA:312,17,0,0
BRDA:312,17,1,0
BRDA:320,18,0,0
BRDA:320,18,1,0
BRDA:321,19,0,0
BRDA:321,19,1,0
BRDA:334,20,0,0
BRDA:334,20,1,0
BRDA:360,21,0,0
BRDA:360,21,1,0
BRDA:391,22,0,0
BRDA:391,22,1,0
BRDA:465,23,0,0
BRDA:465,23,1,0
BRDA:475,24,0,0
BRDA:475,24,1,0
BRDA:486,25,0,0
BRDA:497,26,0,0
BRDA:516,27,0,0
BRDA:516,27,1,0
BRDA:520,28,0,0
BRDA:567,29,0,0
BRDA:587,30,0,0
BRDA:615,31,0,0
BRDA:625,32,0,0
BRDA:642,33,0,0
BRDA:659,34,0,0
BRDA:659,34,1,0
BRDA:660,35,0,0
BRDA:660,35,1,0
BRDA:671,36,0,0
BRDA:674,37,0,0
BRDA:674,37,1,0
BRDA:692,38,0,0
BRDA:692,38,1,0
BRDA:697,39,0,0
BRDA:697,39,1,0
BRDA:743,40,0,0
BRDA:743,40,1,0
BRDA:746,41,0,0
BRDA:746,41,1,0
BRDA:790,42,0,0
BRDA:790,42,1,0
BRDA:837,43,0,0
BRDA:837,43,1,0
BRDA:837,44,0,0
BRDA:837,44,1,0
BRDA:853,45,0,0
BRDA:869,46,0,0
BRDA:869,46,1,0
BRDA:874,47,0,0
BRDA:874,47,1,0
BRDA:878,48,0,0
BRF:87
BRH:0
end_of_record
TN:
SF:src\components\fixed-assets\fixed-assets-page.tsx
FN:92,(anonymous_1)
FN:100,(anonymous_2)
FN:112,FixedAssetsPage
FN:139,(anonymous_4)
FN:145,(anonymous_5)
FN:147,(anonymous_6)
FN:160,(anonymous_7)
FN:163,(anonymous_8)
FN:249,(anonymous_9)
FN:274,(anonymous_10)
FN:382,(anonymous_11)
FN:399,(anonymous_12)
FN:419,(anonymous_13)
FN:435,(anonymous_14)
FN:441,(anonymous_15)
FN:442,(anonymous_16)
FN:443,(anonymous_17)
FN:444,(anonymous_18)
FN:457,(anonymous_19)
FN:537,(anonymous_20)
FN:568,(anonymous_21)
FN:575,(anonymous_22)
FN:605,(anonymous_23)
FN:618,(anonymous_24)
FN:625,(anonymous_25)
FN:640,(anonymous_26)
FN:653,(anonymous_27)
FN:670,(anonymous_28)
FN:684,(anonymous_29)
FN:714,(anonymous_30)
FN:725,(anonymous_31)
FN:738,(anonymous_32)
FN:750,(anonymous_33)
FN:761,(anonymous_34)
FN:793,(anonymous_35)
FN:798,(anonymous_36)
FN:798,(anonymous_37)
FN:811,(anonymous_38)
FN:824,(anonymous_39)
FN:835,(anonymous_40)
FNF:40
FNH:0
FNDA:0,(anonymous_1)
FNDA:0,(anonymous_2)
FNDA:0,FixedAssetsPage
FNDA:0,(anonymous_4)
FNDA:0,(anonymous_5)
FNDA:0,(anonymous_6)
FNDA:0,(anonymous_7)
FNDA:0,(anonymous_8)
FNDA:0,(anonymous_9)
FNDA:0,(anonymous_10)
FNDA:0,(anonymous_11)
FNDA:0,(anonymous_12)
FNDA:0,(anonymous_13)
FNDA:0,(anonymous_14)
FNDA:0,(anonymous_15)
FNDA:0,(anonymous_16)
FNDA:0,(anonymous_17)
FNDA:0,(anonymous_18)
FNDA:0,(anonymous_19)
FNDA:0,(anonymous_20)
FNDA:0,(anonymous_21)
FNDA:0,(anonymous_22)
FNDA:0,(anonymous_23)
FNDA:0,(anonymous_24)
FNDA:0,(anonymous_25)
FNDA:0,(anonymous_26)
FNDA:0,(anonymous_27)
FNDA:0,(anonymous_28)
FNDA:0,(anonymous_29)
FNDA:0,(anonymous_30)
FNDA:0,(anonymous_31)
FNDA:0,(anonymous_32)
FNDA:0,(anonymous_33)
FNDA:0,(anonymous_34)
FNDA:0,(anonymous_35)
FNDA:0,(anonymous_36)
FNDA:0,(anonymous_37)
FNDA:0,(anonymous_38)
FNDA:0,(anonymous_39)
FNDA:0,(anonymous_40)
DA:3,0
DA:4,0
DA:5,0
DA:6,0
DA:7,0
DA:15,0
DA:23,0
DA:24,0
DA:25,0
DA:26,0
DA:39,0
DA:40,0
DA:80,0
DA:92,0
DA:93,0
DA:94,0
DA:95,0
DA:96,0
DA:100,0
DA:101,0
DA:102,0
DA:103,0
DA:104,0
DA:105,0
DA:106,0
DA:107,0
DA:108,0
DA:109,0
DA:112,0
DA:113,0
DA:114,0
DA:115,0
DA:116,0
DA:117,0
DA:118,0
DA:119,0
DA:121,0
DA:134,0
DA:139,0
DA:140,0
DA:142,0
DA:143,0
DA:145,0
DA:146,0
DA:147,0
DA:148,0
DA:149,0
DA:157,0
DA:160,0
DA:163,0
DA:164,0
DA:165,0
DA:167,0
DA:168,0
DA:169,0
DA:170,0
DA:171,0
DA:172,0
DA:175,0
DA:176,0
DA:181,0
DA:182,0
DA:186,0
DA:187,0
DA:189,0
DA:191,0
DA:192,0
DA:193,0
DA:206,0
DA:211,0
DA:212,0
DA:230,0
DA:236,0
DA:237,0
DA:239,0
DA:245,0
DA:249,0
DA:250,0
DA:251,0
DA:253,0
DA:254,0
DA:255,0
DA:256,0
DA:259,0
DA:260,0
DA:261,0
DA:263,0
DA:264,0
DA:269,0
DA:270,0
DA:274,0
DA:276,0
DA:277,0
DA:282,0
DA:283,0
DA:286,0
DA:287,0
DA:290,0
DA:292,0
DA:293,0
DA:296,0
DA:301,0
DA:302,0
DA:305,0
DA:306,0
DA:307,0
DA:324,0
DA:325,0
DA:331,0
DA:335,0
DA:336,0
DA:337,0
DA:353,0
DA:354,0
DA:363,0
DA:365,0
DA:369,0
DA:371,0
DA:372,0
DA:378,0
DA:382,0
DA:383,0
DA:384,0
DA:396,0
DA:399,0
DA:400,0
DA:401,0
DA:403,0
DA:404,0
DA:405,0
DA:406,0
DA:411,0
DA:419,0
DA:420,0
DA:432,0
DA:435,0
DA:436,0
DA:437,0
DA:441,0
DA:442,0
DA:443,0
DA:444,0
DA:457,0
DA:538,0
DA:568,0
DA:575,0
DA:606,0
DA:619,0
DA:626,0
DA:641,0
DA:654,0
DA:671,0
DA:685,0
DA:715,0
DA:726,0
DA:739,0
DA:751,0
DA:761,0
DA:794,0
DA:798,0
DA:799,0
DA:812,0
DA:824,0
DA:835,0
LF:164
LH:0
BRDA:140,0,0,0
BRDA:140,0,1,0
BRDA:152,1,0,0
BRDA:152,1,1,0
BRDA:153,2,0,0
BRDA:153,2,1,0
BRDA:154,3,0,0
BRDA:154,3,1,0
BRDA:165,4,0,0
BRDA:165,4,1,0
BRDA:175,5,0,0
BRDA:175,5,1,0
BRDA:191,6,0,0
BRDA:191,6,1,0
BRDA:250,7,0,0
BRDA:250,7,1,0
BRDA:251,8,0,0
BRDA:251,8,1,0
BRDA:263,9,0,0
BRDA:263,9,1,0
BRDA:276,10,0,0
BRDA:276,10,1,0
BRDA:292,11,0,0
BRDA:292,11,1,0
BRDA:385,12,0,0
BRDA:385,12,1,0
BRDA:386,13,0,0
BRDA:386,13,1,0
BRDA:387,14,0,0
BRDA:387,14,1,0
BRDA:388,15,0,0
BRDA:388,15,1,0
BRDA:389,16,0,0
BRDA:389,16,1,0
BRDA:390,17,0,0
BRDA:390,17,1,0
BRDA:391,18,0,0
BRDA:391,18,1,0
BRDA:392,19,0,0
BRDA:392,19,1,0
BRDA:393,20,0,0
BRDA:393,20,1,0
BRDA:394,21,0,0
BRDA:394,21,1,0
BRDA:400,22,0,0
BRDA:400,22,1,0
BRDA:401,23,0,0
BRDA:401,23,1,0
BRDA:442,24,0,0
BRDA:442,24,1,0
BRDA:443,25,0,0
BRDA:443,25,1,0
BRDA:444,26,0,0
BRDA:444,26,1,0
BRDA:518,27,0,0
BRDA:555,28,0,0
BRDA:555,28,1,0
BRDA:560,29,0,0
BRDA:560,29,1,0
BRDA:593,30,0,0
BRDA:593,30,1,0
BRDA:693,31,0,0
BRDA:693,31,1,0
BRDA:693,31,2,0
BRDA:766,32,0,0
BRDA:766,32,1,0
BRDA:768,33,0,0
BRDA:768,33,1,0
BRDA:840,34,0,0
BRDA:840,34,1,0
BRF:70
BRH:0
end_of_record
TN:
SF:src\components\inventory\inventory-page.tsx
FN:59,InventoryPage
FN:90,(anonymous_2)
FN:96,(anonymous_3)
FN:98,(anonymous_4)
FN:109,(anonymous_5)
FN:112,(anonymous_6)
FN:172,(anonymous_7)
FN:229,(anonymous_8)
FN:247,(anonymous_9)
FN:253,(anonymous_10)
FN:273,(anonymous_11)
FN:290,(anonymous_12)
FN:296,(anonymous_13)
FN:300,(anonymous_14)
FN:379,(anonymous_15)
FN:406,(anonymous_16)
FN:413,(anonymous_17)
FN:420,(anonymous_18)
FN:454,(anonymous_19)
FN:466,(anonymous_20)
FN:477,(anonymous_21)
FN:492,(anonymous_22)
FN:503,(anonymous_23)
FN:524,(anonymous_24)
FN:537,(anonymous_25)
FN:553,(anonymous_26)
FN:566,(anonymous_27)
FN:579,(anonymous_28)
FN:592,(anonymous_29)
FN:602,(anonymous_30)
FN:630,(anonymous_31)
FN:647,(anonymous_32)
FN:658,(anonymous_33)
FN:669,(anonymous_34)
FN:679,(anonymous_35)
FNF:35
FNH:0
FNDA:0,InventoryPage
FNDA:0,(anonymous_2)
FNDA:0,(anonymous_3)
FNDA:0,(anonymous_4)
FNDA:0,(anonymous_5)
FNDA:0,(anonymous_6)
FNDA:0,(anonymous_7)
FNDA:0,(anonymous_8)
FNDA:0,(anonymous_9)
FNDA:0,(anonymous_10)
FNDA:0,(anonymous_11)
FNDA:0,(anonymous_12)
FNDA:0,(anonymous_13)
FNDA:0,(anonymous_14)
FNDA:0,(anonymous_15)
FNDA:0,(anonymous_16)
FNDA:0,(anonymous_17)
FNDA:0,(anonymous_18)
FNDA:0,(anonymous_19)
FNDA:0,(anonymous_20)
FNDA:0,(anonymous_21)
FNDA:0,(anonymous_22)
FNDA:0,(anonymous_23)
FNDA:0,(anonymous_24)
FNDA:0,(anonymous_25)
FNDA:0,(anonymous_26)
FNDA:0,(anonymous_27)
FNDA:0,(anonymous_28)
FNDA:0,(anonymous_29)
FNDA:0,(anonymous_30)
FNDA:0,(anonymous_31)
FNDA:0,(anonymous_32)
FNDA:0,(anonymous_33)
FNDA:0,(anonymous_34)
FNDA:0,(anonymous_35)
DA:3,0
DA:4,0
DA:5,0
DA:6,0
DA:7,0
DA:15,0
DA:23,0
DA:24,0
DA:25,0
DA:26,0
DA:36,0
DA:37,0
DA:59,0
DA:60,0
DA:61,0
DA:62,0
DA:63,0
DA:64,0
DA:65,0
DA:66,0
DA:67,0
DA:69,0
DA:83,0
DA:90,0
DA:91,0
DA:93,0
DA:94,0
DA:96,0
DA:97,0
DA:98,0
DA:99,0
DA:100,0
DA:106,0
DA:109,0
DA:112,0
DA:113,0
DA:114,0
DA:116,0
DA:117,0
DA:118,0
DA:119,0
DA:120,0
DA:133,0
DA:138,0
DA:139,0
DA:153,0
DA:159,0
DA:160,0
DA:162,0
DA:168,0
DA:172,0
DA:173,0
DA:174,0
DA:176,0
DA:177,0
DA:178,0
DA:179,0
DA:180,0
DA:184,0
DA:185,0
DA:190,0
DA:191,0
DA:194,0
DA:199,0
DA:200,0
DA:210,0
DA:215,0
DA:216,0
DA:217,0
DA:219,0
DA:225,0
DA:229,0
DA:230,0
DA:231,0
DA:244,0
DA:247,0
DA:248,0
DA:249,0
DA:250,0
DA:253,0
DA:254,0
DA:255,0
DA:257,0
DA:258,0
DA:259,0
DA:260,0
DA:265,0
DA:273,0
DA:274,0
DA:287,0
DA:290,0
DA:291,0
DA:292,0
DA:295,0
DA:296,0
DA:297,0
DA:298,0
DA:300,0
DA:301,0
DA:302,0
DA:303,0
DA:380,0
DA:406,0
DA:413,0
DA:420,0
DA:455,0
DA:467,0
DA:478,0
DA:493,0
DA:504,0
DA:525,0
DA:538,0
DA:554,0
DA:567,0
DA:580,0
DA:593,0
DA:602,0
DA:631,0
DA:648,0
DA:659,0
DA:670,0
DA:679,0
LF:122
LH:0
BRDA:91,0,0,0
BRDA:91,0,1,0
BRDA:103,1,0,0
BRDA:103,1,1,0
BRDA:114,2,0,0
BRDA:114,2,1,0
BRDA:118,3,0,0
BRDA:118,3,1,0
BRDA:129,4,0,0
BRDA:129,4,1,0
BRDA:130,5,0,0
BRDA:130,5,1,0
BRDA:131,6,0,0
BRDA:131,6,1,0
BRDA:148,7,0,0
BRDA:148,7,1,0
BRDA:149,8,0,0
BRDA:149,8,1,0
BRDA:150,9,0,0
BRDA:150,9,1,0
BRDA:174,10,0,0
BRDA:174,10,1,0
BRDA:174,11,0,0
BRDA:174,11,1,0
BRDA:180,12,0,0
BRDA:180,12,1,0
BRDA:184,13,0,0
BRDA:184,13,1,0
BRDA:232,14,0,0
BRDA:232,14,1,0
BRDA:233,15,0,0
BRDA:233,15,1,0
BRDA:234,16,0,0
BRDA:234,16,1,0
BRDA:235,17,0,0
BRDA:235,17,1,0
BRDA:236,18,0,0
BRDA:236,18,1,0
BRDA:237,19,0,0
BRDA:237,19,1,0
BRDA:238,20,0,0
BRDA:238,20,1,0
BRDA:239,21,0,0
BRDA:239,21,1,0
BRDA:240,22,0,0
BRDA:240,22,1,0
BRDA:241,23,0,0
BRDA:241,23,1,0
BRDA:242,24,0,0
BRDA:242,24,1,0
BRDA:254,25,0,0
BRDA:254,25,1,0
BRDA:255,26,0,0
BRDA:255,26,1,0
BRDA:297,27,0,0
BRDA:297,27,1,0
BRDA:298,28,0,0
BRDA:298,28,1,0
BRDA:301,29,0,0
BRDA:301,29,1,0
BRDA:302,30,0,0
BRDA:302,30,1,0
BRDA:358,31,0,0
BRDA:383,32,0,0
BRDA:383,32,1,0
BRDA:385,33,0,0
BRDA:385,33,1,0
BRDA:386,34,0,0
BRDA:386,34,1,0
BRDA:387,35,0,0
BRDA:387,35,1,0
BRDA:388,36,0,0
BRDA:388,36,1,0
BRDA:392,37,0,0
BRDA:439,38,0,0
BRDA:439,38,1,0
BRDA:442,39,0,0
BRDA:442,39,1,0
BRDA:607,40,0,0
BRDA:607,40,1,0
BRDA:607,41,0,0
BRDA:607,41,1,0
BRDA:620,42,0,0
BRDA:620,42,1,0
BRDA:684,43,0,0
BRDA:684,43,1,0
BRF:86
BRH:0
end_of_record
TN:
SF:src\components\invoices\invoices-page.tsx
FN:67,InvoicesPage
FN:90,(anonymous_2)
FN:96,(anonymous_3)
FN:98,(anonymous_4)
FN:112,(anonymous_5)
FN:120,(anonymous_6)
FN:123,(anonymous_7)
FN:129,(anonymous_8)
FN:130,(anonymous_9)
FN:136,(anonymous_10)
FN:140,(anonymous_11)
FN:142,(anonymous_12)
FN:146,(anonymous_13)
FN:157,(anonymous_14)
FN:227,(anonymous_15)
FN:242,(anonymous_16)
FN:261,(anonymous_17)
FN:273,(anonymous_18)
FN:305,(anonymous_19)
FN:368,(anonymous_20)
FN:418,(anonymous_21)
FN:428,(anonymous_22)
FN:438,(anonymous_23)
FN:452,(anonymous_24)
FN:489,(anonymous_25)
FN:499,(anonymous_26)
FN:509,(anonymous_27)
FN:541,(anonymous_28)
FN:558,(anonymous_29)
FN:565,(anonymous_30)
FN:573,(anonymous_31)
FN:586,(anonymous_32)
FN:618,(anonymous_33)
FN:627,(anonymous_34)
FN:637,(anonymous_35)
FN:648,(anonymous_36)
FN:658,(anonymous_37)
FN:669,(anonymous_38)
FN:683,(anonymous_39)
FN:689,(anonymous_40)
FN:700,(anonymous_41)
FN:712,(anonymous_42)
FN:727,(anonymous_43)
FN:758,(anonymous_44)
FN:764,(anonymous_45)
FNF:45
FNH:0
FNDA:0,InvoicesPage
FNDA:0,(anonymous_2)
FNDA:0,(anonymous_3)
FNDA:0,(anonymous_4)
FNDA:0,(anonymous_5)
FNDA:0,(anonymous_6)
FNDA:0,(anonymous_7)
FNDA:0,(anonymous_8)
FNDA:0,(anonymous_9)
FNDA:0,(anonymous_10)
FNDA:0,(anonymous_11)
FNDA:0,(anonymous_12)
FNDA:0,(anonymous_13)
FNDA:0,(anonymous_14)
FNDA:0,(anonymous_15)
FNDA:0,(anonymous_16)
FNDA:0,(anonymous_17)
FNDA:0,(anonymous_18)
FNDA:0,(anonymous_19)
FNDA:0,(anonymous_20)
FNDA:0,(anonymous_21)
FNDA:0,(anonymous_22)
FNDA:0,(anonymous_23)
FNDA:0,(anonymous_24)
FNDA:0,(anonymous_25)
FNDA:0,(anonymous_26)
FNDA:0,(anonymous_27)
FNDA:0,(anonymous_28)
FNDA:0,(anonymous_29)
FNDA:0,(anonymous_30)
FNDA:0,(anonymous_31)
FNDA:0,(anonymous_32)
FNDA:0,(anonymous_33)
FNDA:0,(anonymous_34)
FNDA:0,(anonymous_35)
FNDA:0,(anonymous_36)
FNDA:0,(anonymous_37)
FNDA:0,(anonymous_38)
FNDA:0,(anonymous_39)
FNDA:0,(anonymous_40)
FNDA:0,(anonymous_41)
FNDA:0,(anonymous_42)
FNDA:0,(anonymous_43)
FNDA:0,(anonymous_44)
FNDA:0,(anonymous_45)
DA:3,0
DA:4,0
DA:5,0
DA:6,0
DA:7,0
DA:15,0
DA:23,0
DA:24,0
DA:25,0
DA:26,0
DA:37,0
DA:38,0
DA:67,0
DA:68,0
DA:69,0
DA:70,0
DA:71,0
DA:72,0
DA:73,0
DA:74,0
DA:76,0
DA:86,0
DA:90,0
DA:91,0
DA:93,0
DA:94,0
DA:96,0
DA:97,0
DA:98,0
DA:99,0
DA:100,0
DA:109,0
DA:112,0
DA:113,0
DA:114,0
DA:115,0
DA:120,0
DA:123,0
DA:124,0
DA:125,0
DA:126,0
DA:129,0
DA:130,0
DA:131,0
DA:132,0
DA:133,0
DA:136,0
DA:137,0
DA:140,0
DA:141,0
DA:142,0
DA:146,0
DA:147,0
DA:148,0
DA:150,0
DA:151,0
DA:154,0
DA:157,0
DA:158,0
DA:159,0
DA:161,0
DA:162,0
DA:163,0
DA:165,0
DA:166,0
DA:167,0
DA:182,0
DA:187,0
DA:189,0
DA:207,0
DA:213,0
DA:214,0
DA:216,0
DA:217,0
DA:223,0
DA:227,0
DA:228,0
DA:229,0
DA:238,0
DA:239,0
DA:242,0
DA:243,0
DA:244,0
DA:246,0
DA:247,0
DA:248,0
DA:253,0
DA:261,0
DA:262,0
DA:264,0
DA:265,0
DA:266,0
DA:272,0
DA:273,0
DA:274,0
DA:275,0
DA:276,0
DA:292,0
DA:297,0
DA:305,0
DA:307,0
DA:308,0
DA:310,0
DA:368,0
DA:415,0
DA:418,0
DA:419,0
DA:425,0
DA:428,0
DA:429,0
DA:435,0
DA:438,0
DA:439,0
DA:448,0
DA:449,0
DA:452,0
DA:453,0
DA:454,0
DA:457,0
DA:489,0
DA:499,0
DA:509,0
DA:542,0
DA:558,0
DA:565,0
DA:574,0
DA:586,0
DA:618,0
DA:627,0
DA:637,0
DA:648,0
DA:658,0
DA:669,0
DA:684,0
DA:689,0
DA:701,0
DA:713,0
DA:727,0
DA:758,0
DA:764,0
LF:140
LH:0
BRDA:91,0,0,0
BRDA:91,0,1,0
BRDA:103,1,0,0
BRDA:103,1,1,0
BRDA:104,2,0,0
BRDA:104,2,1,0
BRDA:105,3,0,0
BRDA:105,3,1,0
BRDA:106,4,0,0
BRDA:106,4,1,0
BRDA:113,5,0,0
BRDA:113,5,1,0
BRDA:113,6,0,0
BRDA:113,6,1,0
BRDA:141,7,0,0
BRDA:141,7,1,0
BRDA:150,8,0,0
BRDA:150,8,1,0
BRDA:150,9,0,0
BRDA:150,9,1,0
BRDA:159,10,0,0
BRDA:159,10,1,0
BRDA:165,11,0,0
BRDA:165,11,1,0
BRDA:231,12,0,0
BRDA:231,12,1,0
BRDA:232,13,0,0
BRDA:232,13,1,0
BRDA:236,14,0,0
BRDA:236,14,1,0
BRDA:243,15,0,0
BRDA:243,15,1,0
BRDA:244,16,0,0
BRDA:244,16,1,0
BRDA:262,17,0,0
BRDA:262,17,1,0
BRDA:272,18,0,0
BRDA:272,18,1,0
BRDA:274,19,0,0
BRDA:274,19,1,0
BRDA:308,20,0,0
BRDA:308,20,1,0
BRDA:347,21,0,0
BRDA:347,21,1,0
BRDA:348,22,0,0
BRDA:348,22,1,0
BRDA:396,23,0,0
BRDA:396,23,1,0
BRDA:534,24,0,0
BRDA:534,24,1,0
BRDA:569,25,0,0
BRDA:605,26,0,0
BRDA:605,26,1,0
BRDA:701,27,0,0
BRDA:701,27,1,0
BRDA:713,28,0,0
BRDA:713,28,1,0
BRDA:768,29,0,0
BRDA:768,29,1,0
BRDA:768,30,0,0
BRDA:768,30,1,0
BRF:61
BRH:0
end_of_record
TN:
SF:src\components\layout\header.tsx
FN:10,Header
FN:14,(anonymous_2)
FNF:2
FNH:0
FNDA:0,Header
FNDA:0,(anonymous_2)
DA:3,0
DA:4,0
DA:5,0
DA:6,0
DA:7,0
DA:8,0
DA:10,0
DA:11,0
DA:12,0
DA:14,0
DA:15,0
DA:16,0
DA:17,0
DA:22,0
LF:14
LH:0
BRF:0
BRH:0
end_of_record
TN:
SF:src\components\layout\sidebar.tsx
FN:98,Sidebar
FN:117,(anonymous_3)
FNF:2
FNH:0
FNDA:0,Sidebar
FNDA:0,(anonymous_3)
DA:3,0
DA:4,0
DA:5,0
DA:23,0
DA:25,0
DA:98,0
DA:99,0
DA:118,0
DA:119,0
DA:121,0
LF:10
LH:0
BRDA:127,0,0,0
BRDA:127,0,1,0
BRF:2
BRH:0
end_of_record
TN:
SF:src\components\ledger\ledger-page.tsx
FN:48,LedgerPage
FN:143,(anonymous_2)
FN:620,(anonymous_3)
FN:638,(anonymous_4)
FN:644,(anonymous_5)
FN:664,(anonymous_6)
FN:672,(anonymous_7)
FN:680,(anonymous_8)
FN:688,(anonymous_9)
FN:712,(anonymous_10)
FN:755,(anonymous_11)
FN:760,(anonymous_12)
FN:765,(anonymous_13)
FN:771,(anonymous_14)
FN:845,(anonymous_15)
FN:918,(anonymous_16)
FN:1011,(anonymous_17)
FN:1057,(anonymous_18)
FN:1058,(anonymous_19)
FN:1061,(anonymous_20)
FN:1062,(anonymous_21)
FN:1138,(anonymous_22)
FN:1212,(anonymous_23)
FN:1222,(anonymous_24)
FN:1230,(anonymous_25)
FN:1237,(anonymous_26)
FN:1270,(anonymous_27)
FN:1282,(anonymous_28)
FN:1289,(anonymous_29)
FN:1299,(anonymous_30)
FN:1308,(anonymous_31)
FN:1309,(anonymous_32)
FN:1321,(anonymous_33)
FN:1327,(anonymous_34)
FN:1340,(anonymous_35)
FN:1347,(anonymous_36)
FN:1369,(anonymous_37)
FN:1381,(anonymous_38)
FN:1393,(anonymous_39)
FN:1404,(anonymous_40)
FN:1416,(anonymous_41)
FN:1434,(anonymous_42)
FN:1455,(anonymous_43)
FN:1474,(anonymous_44)
FN:1490,(anonymous_45)
FN:1510,(anonymous_46)
FN:1523,(anonymous_47)
FN:1536,(anonymous_48)
FN:1548,(anonymous_49)
FN:1569,(anonymous_50)
FN:1587,(anonymous_51)
FN:1600,(anonymous_52)
FN:1612,(anonymous_53)
FN:1632,(anonymous_54)
FN:1645,(anonymous_55)
FN:1658,(anonymous_56)
FN:1673,(anonymous_57)
FN:1686,(anonymous_58)
FN:1704,(anonymous_59)
FN:1721,(anonymous_60)
FN:1737,(anonymous_61)
FN:1752,(anonymous_62)
FN:1778,(anonymous_63)
FN:1810,(anonymous_64)
FN:1819,(anonymous_65)
FN:1828,(anonymous_66)
FN:1853,(anonymous_67)
FN:1864,(anonymous_68)
FN:1889,(anonymous_69)
FN:1902,(anonymous_70)
FN:1915,(anonymous_71)
FN:1927,(anonymous_72)
FN:1940,(anonymous_73)
FN:1955,(anonymous_74)
FN:1973,(anonymous_75)
FN:2000,(anonymous_76)
FN:2014,(anonymous_77)
FN:2025,(anonymous_78)
FN:2043,(anonymous_79)
FN:2056,(anonymous_80)
FN:2069,(anonymous_81)
FN:2082,(anonymous_82)
FN:2136,(anonymous_83)
FN:2149,(anonymous_84)
FNF:84
FNH:0
FNDA:0,LedgerPage
FNDA:0,(anonymous_2)
FNDA:0,(anonymous_3)
FNDA:0,(anonymous_4)
FNDA:0,(anonymous_5)
FNDA:0,(anonymous_6)
FNDA:0,(anonymous_7)
FNDA:0,(anonymous_8)
FNDA:0,(anonymous_9)
FNDA:0,(anonymous_10)
FNDA:0,(anonymous_11)
FNDA:0,(anonymous_12)
FNDA:0,(anonymous_13)
FNDA:0,(anonymous_14)
FNDA:0,(anonymous_15)
FNDA:0,(anonymous_16)
FNDA:0,(anonymous_17)
FNDA:0,(anonymous_18)
FNDA:0,(anonymous_19)
FNDA:0,(anonymous_20)
FNDA:0,(anonymous_21)
FNDA:0,(anonymous_22)
FNDA:0,(anonymous_23)
FNDA:0,(anonymous_24)
FNDA:0,(anonymous_25)
FNDA:0,(anonymous_26)
FNDA:0,(anonymous_27)
FNDA:0,(anonymous_28)
FNDA:0,(anonymous_29)
FNDA:0,(anonymous_30)
FNDA:0,(anonymous_31)
FNDA:0,(anonymous_32)
FNDA:0,(anonymous_33)
FNDA:0,(anonymous_34)
FNDA:0,(anonymous_35)
FNDA:0,(anonymous_36)
FNDA:0,(anonymous_37)
FNDA:0,(anonymous_38)
FNDA:0,(anonymous_39)
FNDA:0,(anonymous_40)
FNDA:0,(anonymous_41)
FNDA:0,(anonymous_42)
FNDA:0,(anonymous_43)
FNDA:0,(anonymous_44)
FNDA:0,(anonymous_45)
FNDA:0,(anonymous_46)
FNDA:0,(anonymous_47)
FNDA:0,(anonymous_48)
FNDA:0,(anonymous_49)
FNDA:0,(anonymous_50)
FNDA:0,(anonymous_51)
FNDA:0,(anonymous_52)
FNDA:0,(anonymous_53)
FNDA:0,(anonymous_54)
FNDA:0,(anonymous_55)
FNDA:0,(anonymous_56)
FNDA:0,(anonymous_57)
FNDA:0,(anonymous_58)
FNDA:0,(anonymous_59)
FNDA:0,(anonymous_60)
FNDA:0,(anonymous_61)
FNDA:0,(anonymous_62)
FNDA:0,(anonymous_63)
FNDA:0,(anonymous_64)
FNDA:0,(anonymous_65)
FNDA:0,(anonymous_66)
FNDA:0,(anonymous_67)
FNDA:0,(anonymous_68)
FNDA:0,(anonymous_69)
FNDA:0,(anonymous_70)
FNDA:0,(anonymous_71)
FNDA:0,(anonymous_72)
FNDA:0,(anonymous_73)
FNDA:0,(anonymous_74)
FNDA:0,(anonymous_75)
FNDA:0,(anonymous_76)
FNDA:0,(anonymous_77)
FNDA:0,(anonymous_78)
FNDA:0,(anonymous_79)
FNDA:0,(anonymous_80)
FNDA:0,(anonymous_81)
FNDA:0,(anonymous_82)
FNDA:0,(anonymous_83)
FNDA:0,(anonymous_84)
DA:3,0
DA:4,0
DA:5,0
DA:6,0
DA:7,0
DA:15,0
DA:23,0
DA:24,0
DA:25,0
DA:26,0
DA:27,0
DA:37,0
DA:38,0
DA:39,0
DA:42,0
DA:43,0
DA:44,0
DA:48,0
DA:49,0
DA:50,0
DA:53,0
DA:54,0
DA:55,0
DA:56,0
DA:59,0
DA:60,0
DA:61,0
DA:64,0
DA:65,0
DA:66,0
DA:69,0
DA:74,0
DA:84,0
DA:94,0
DA:109,0
DA:110,0
DA:111,0
DA:112,0
DA:113,0
DA:115,0
DA:122,0
DA:133,0
DA:140,0
DA:143,0
DA:144,0
DA:145,0
DA:148,0
DA:150,0
DA:151,0
DA:152,0
DA:153,0
DA:154,0
DA:166,0
DA:171,0
DA:172,0
DA:175,0
DA:176,0
DA:177,0
DA:178,0
DA:179,0
DA:184,0
DA:185,0
DA:190,0
DA:191,0
DA:192,0
DA:193,0
DA:194,0
DA:199,0
DA:200,0
DA:202,0
DA:203,0
DA:208,0
DA:209,0
DA:214,0
DA:215,0
DA:218,0
DA:219,0
DA:222,0
DA:223,0
DA:225,0
DA:227,0
DA:228,0
DA:231,0
DA:232,0
DA:233,0
DA:235,0
DA:236,0
DA:238,0
DA:240,0
DA:241,0
DA:244,0
DA:267,0
DA:268,0
DA:269,0
DA:270,0
DA:286,0
DA:287,0
DA:288,0
DA:301,0
DA:302,0
DA:303,0
DA:304,0
DA:308,0
DA:309,0
DA:324,0
DA:325,0
DA:326,0
DA:327,0
DA:329,0
DA:330,0
DA:345,0
DA:348,0
DA:349,0
DA:352,0
DA:353,0
DA:354,0
DA:356,0
DA:358,0
DA:360,0
DA:361,0
DA:362,0
DA:363,0
DA:364,0
DA:369,0
DA:370,0
DA:375,0
DA:376,0
DA:379,0
DA:382,0
DA:384,0
DA:388,0
DA:389,0
DA:390,0
DA:392,0
DA:401,0
DA:407,0
DA:408,0
DA:413,0
DA:414,0
DA:418,0
DA:419,0
DA:420,0
DA:421,0
DA:424,0
DA:426,0
DA:427,0
DA:428,0
DA:448,0
DA:449,0
DA:450,0
DA:465,0
DA:466,0
DA:467,0
DA:468,0
DA:471,0
DA:472,0
DA:489,0
DA:490,0
DA:491,0
DA:494,0
DA:495,0
DA:496,0
DA:497,0
DA:500,0
DA:501,0
DA:502,0
DA:503,0
DA:505,0
DA:527,0
DA:530,0
DA:531,0
DA:532,0
DA:533,0
DA:534,0
DA:536,0
DA:542,0
DA:545,0
DA:546,0
DA:548,0
DA:549,0
DA:550,0
DA:551,0
DA:553,0
DA:554,0
DA:555,0
DA:558,0
DA:581,0
DA:582,0
DA:583,0
DA:584,0
DA:597,0
DA:606,0
DA:607,0
DA:609,0
DA:610,0
DA:616,0
DA:620,0
DA:621,0
DA:622,0
DA:635,0
DA:638,0
DA:639,0
DA:640,0
DA:642,0
DA:644,0
DA:645,0
DA:646,0
DA:651,0
DA:654,0
DA:657,0
DA:658,0
DA:661,0
DA:662,0
DA:663,0
DA:664,0
DA:665,0
DA:669,0
DA:670,0
DA:671,0
DA:672,0
DA:673,0
DA:677,0
DA:678,0
DA:679,0
DA:680,0
DA:681,0
DA:685,0
DA:686,0
DA:687,0
DA:688,0
DA:689,0
DA:693,0
DA:695,0
DA:696,0
DA:703,0
DA:704,0
DA:712,0
DA:713,0
DA:726,0
DA:727,0
DA:728,0
DA:729,0
DA:730,0
DA:731,0
DA:732,0
DA:738,0
DA:748,0
DA:755,0
DA:756,0
DA:757,0
DA:760,0
DA:761,0
DA:762,0
DA:765,0
DA:766,0
DA:767,0
DA:768,0
DA:771,0
DA:772,0
DA:773,0
DA:775,0
DA:776,0
DA:777,0
DA:782,0
DA:786,0
DA:787,0
DA:792,0
DA:795,0
DA:796,0
DA:797,0
DA:800,0
DA:801,0
DA:814,0
DA:815,0
DA:816,0
DA:818,0
DA:819,0
DA:825,0
DA:830,0
DA:831,0
DA:832,0
DA:834,0
DA:835,0
DA:841,0
DA:845,0
DA:846,0
DA:847,0
DA:849,0
DA:850,0
DA:851,0
DA:854,0
DA:855,0
DA:856,0
DA:861,0
DA:862,0
DA:866,0
DA:867,0
DA:869,0
DA:880,0
DA:881,0
DA:882,0
DA:883,0
DA:885,0
DA:886,0
DA:887,0
DA:888,0
DA:891,0
DA:892,0
DA:899,0
DA:905,0
DA:906,0
DA:908,0
DA:914,0
DA:918,0
DA:919,0
DA:920,0
DA:922,0
DA:923,0
DA:924,0
DA:927,0
DA:928,0
DA:932,0
DA:933,0
DA:936,0
DA:937,0
DA:938,0
DA:940,0
DA:957,0
DA:959,0
DA:960,0
DA:966,0
DA:967,0
DA:968,0
DA:970,0
DA:971,0
DA:972,0
DA:973,0
DA:976,0
DA:977,0
DA:985,0
DA:991,0
DA:1001,0
DA:1007,0
DA:1011,0
DA:1012,0
DA:1013,0
DA:1015,0
DA:1016,0
DA:1017,0
DA:1018,0
DA:1019,0
DA:1032,0
DA:1036,0
DA:1046,0
DA:1052,0
DA:1056,0
DA:1057,0
DA:1058,0
DA:1060,0
DA:1061,0
DA:1062,0
DA:1064,0
DA:1139,0
DA:1212,0
DA:1222,0
DA:1230,0
DA:1237,0
DA:1271,0
DA:1283,0
DA:1290,0
DA:1300,0
DA:1308,0
DA:1310,0
DA:1322,0
DA:1328,0
DA:1341,0
DA:1348,0
DA:1370,0
DA:1382,0
DA:1394,0
DA:1405,0
DA:1417,0
DA:1434,0
DA:1455,0
DA:1475,0
DA:1490,0
DA:1511,0
DA:1524,0
DA:1537,0
DA:1549,0
DA:1569,0
DA:1588,0
DA:1601,0
DA:1613,0
DA:1633,0
DA:1646,0
DA:1659,0
DA:1674,0
DA:1687,0
DA:1704,0
DA:1722,0
DA:1738,0
DA:1753,0
DA:1778,0
DA:1810,0
DA:1819,0
DA:1828,0
DA:1854,0
DA:1865,0
DA:1890,0
DA:1903,0
DA:1916,0
DA:1928,0
DA:1941,0
DA:1956,0
DA:1974,0
DA:1975,0
DA:2001,0
DA:2015,0
DA:2026,0
DA:2044,0
DA:2057,0
DA:2070,0
DA:2083,0
DA:2136,0
DA:2149,0
LF:426
LH:0
BRDA:145,0,0,0
BRDA:145,0,1,0
BRDA:152,1,0,0
BRDA:152,1,1,0
BRDA:161,2,0,0
BRDA:161,2,1,0
BRDA:175,3,0,0
BRDA:175,3,1,0
BRDA:175,4,0,0
BRDA:175,4,1,0
BRDA:178,5,0,0
BRDA:178,5,1,0
BRDA:190,6,0,0
BRDA:190,6,1,0
BRDA:190,7,0,0
BRDA:190,7,1,0
BRDA:193,8,0,0
BRDA:193,8,1,0
BRDA:202,9,0,0
BRDA:202,9,1,0
BRDA:214,10,0,0
BRDA:214,10,1,0
BRDA:214,11,0,0
BRDA:214,11,1,0
BRDA:214,11,2,0
BRDA:214,11,3,0
BRDA:225,12,0,0
BRDA:225,12,1,0
BRDA:227,13,0,0
BRDA:227,13,1,0
BRDA:228,14,0,0
BRDA:228,14,1,0
BRDA:229,15,0,0
BRDA:229,15,1,0
BRDA:232,16,0,0
BRDA:232,16,1,0
BRDA:233,17,0,0
BRDA:233,17,1,0
BRDA:233,18,0,0
BRDA:233,18,1,0
BRDA:236,19,0,0
BRDA:236,19,1,0
BRDA:238,20,0,0
BRDA:238,20,1,0
BRDA:252,21,0,0
BRDA:252,21,1,0
BRDA:258,22,0,0
BRDA:258,22,1,0
BRDA:267,23,0,0
BRDA:267,23,1,0
BRDA:272,24,0,0
BRDA:272,24,1,0
BRDA:289,25,0,0
BRDA:289,25,1,0
BRDA:291,26,0,0
BRDA:291,26,1,0
BRDA:294,27,0,0
BRDA:294,27,1,0
BRDA:301,28,0,0
BRDA:301,28,1,0
BRDA:304,29,0,0
BRDA:304,29,1,0
BRDA:308,30,0,0
BRDA:308,30,1,0
BRDA:310,31,0,0
BRDA:310,31,1,0
BRDA:312,32,0,0
BRDA:312,32,1,0
BRDA:324,33,0,0
BRDA:324,33,1,0
BRDA:324,34,0,0
BRDA:324,34,1,0
BRDA:324,34,2,0
BRDA:329,35,0,0
BRDA:329,35,1,0
BRDA:331,36,0,0
BRDA:331,36,1,0
BRDA:333,37,0,0
BRDA:333,37,1,0
BRDA:345,38,0,0
BRDA:345,38,1,0
BRDA:348,39,0,0
BRDA:348,39,1,0
BRDA:358,40,0,0
BRDA:358,40,1,0
BRDA:362,41,0,0
BRDA:362,41,1,0
BRDA:363,42,0,0
BRDA:363,42,1,0
BRDA:364,43,0,0
BRDA:364,43,1,0
BRDA:369,44,0,0
BRDA:369,44,1,0
BRDA:382,45,0,0
BRDA:382,45,1,0
BRDA:382,46,0,0
BRDA:382,46,1,0
BRDA:407,47,0,0
BRDA:407,47,1,0
BRDA:418,48,0,0
BRDA:418,48,1,0
BRDA:419,49,0,0
BRDA:419,49,1,0
BRDA:420,50,0,0
BRDA:420,50,1,0
BRDA:424,51,0,0
BRDA:424,51,1,0
BRDA:430,52,0,0
BRDA:430,52,1,0
BRDA:434,53,0,0
BRDA:434,53,1,0
BRDA:435,54,0,0
BRDA:435,54,1,0
BRDA:436,55,0,0
BRDA:436,55,1,0
BRDA:456,56,0,0
BRDA:456,56,1,0
BRDA:457,57,0,0
BRDA:457,57,1,0
BRDA:458,58,0,0
BRDA:458,58,1,0
BRDA:465,59,0,0
BRDA:465,59,1,0
BRDA:465,60,0,0
BRDA:465,60,1,0
BRDA:465,60,2,0
BRDA:467,61,0,0
BRDA:467,61,1,0
BRDA:489,62,0,0
BRDA:489,62,1,0
BRDA:508,63,0,0
BRDA:508,63,1,0
BRDA:519,64,0,0
BRDA:519,64,1,0
BRDA:520,65,0,0
BRDA:520,65,1,0
BRDA:531,66,0,0
BRDA:531,66,1,0
BRDA:531,67,0,0
BRDA:531,67,1,0
BRDA:532,68,0,0
BRDA:532,68,1,0
BRDA:533,69,0,0
BRDA:533,69,1,0
BRDA:534,70,0,0
BRDA:534,70,1,0
BRDA:548,71,0,0
BRDA:548,71,1,0
BRDA:549,72,0,0
BRDA:549,72,1,0
BRDA:553,73,0,0
BRDA:553,73,1,0
BRDA:566,74,0,0
BRDA:566,74,1,0
BRDA:572,75,0,0
BRDA:572,75,1,0
BRDA:581,76,0,0
BRDA:581,76,1,0
BRDA:583,77,0,0
BRDA:583,77,1,0
BRDA:585,78,0,0
BRDA:585,78,1,0
BRDA:591,79,0,0
BRDA:591,79,1,0
BRDA:592,80,0,0
BRDA:592,80,1,0
BRDA:599,81,0,0
BRDA:599,81,1,0
BRDA:612,82,0,0
BRDA:612,82,1,0
BRDA:623,83,0,0
BRDA:623,83,1,0
BRDA:624,84,0,0
BRDA:624,84,1,0
BRDA:625,85,0,0
BRDA:625,85,1,0
BRDA:626,86,0,0
BRDA:626,86,1,0
BRDA:627,87,0,0
BRDA:627,87,1,0
BRDA:628,88,0,0
BRDA:628,88,1,0
BRDA:629,89,0,0
BRDA:629,89,1,0
BRDA:630,90,0,0
BRDA:630,90,1,0
BRDA:631,91,0,0
BRDA:631,91,1,0
BRDA:639,92,0,0
BRDA:639,92,1,0
BRDA:640,93,0,0
BRDA:640,93,1,0
BRDA:645,94,0,0
BRDA:645,94,1,0
BRDA:698,95,0,0
BRDA:698,95,1,0
BRDA:773,96,0,0
BRDA:773,96,1,0
BRDA:773,97,0,0
BRDA:773,97,1,0
BRDA:776,98,0,0
BRDA:776,98,1,0
BRDA:776,99,0,0
BRDA:776,99,1,0
BRDA:786,100,0,0
BRDA:786,100,1,0
BRDA:786,101,0,0
BRDA:786,101,1,0
BRDA:797,102,0,0
BRDA:797,102,1,0
BRDA:802,103,0,0
BRDA:802,103,1,0
BRDA:814,104,0,0
BRDA:814,104,1,0
BRDA:816,105,0,0
BRDA:816,105,1,0
BRDA:816,106,0,0
BRDA:816,106,1,0
BRDA:847,107,0,0
BRDA:847,107,1,0
BRDA:847,108,0,0
BRDA:847,108,1,0
BRDA:854,109,0,0
BRDA:854,109,1,0
BRDA:854,110,0,0
BRDA:854,110,1,0
BRDA:855,111,0,0
BRDA:855,111,1,0
BRDA:867,112,0,0
BRDA:867,112,1,0
BRDA:870,113,0,0
BRDA:870,113,1,0
BRDA:880,114,0,0
BRDA:880,114,1,0
BRDA:881,115,0,0
BRDA:881,115,1,0
BRDA:885,116,0,0
BRDA:885,116,1,0
BRDA:887,117,0,0
BRDA:887,117,1,0
BRDA:901,118,0,0
BRDA:901,118,1,0
BRDA:920,119,0,0
BRDA:920,119,1,0
BRDA:920,120,0,0
BRDA:920,120,1,0
BRDA:927,121,0,0
BRDA:927,121,1,0
BRDA:937,122,0,0
BRDA:937,122,1,0
BRDA:942,123,0,0
BRDA:942,123,1,0
BRDA:957,124,0,0
BRDA:957,124,1,0
BRDA:957,125,0,0
BRDA:957,125,1,0
BRDA:959,126,0,0
BRDA:959,126,1,0
BRDA:966,127,0,0
BRDA:966,127,1,0
BRDA:970,128,0,0
BRDA:970,128,1,0
BRDA:972,129,0,0
BRDA:972,129,1,0
BRDA:987,130,0,0
BRDA:987,130,1,0
BRDA:1013,131,0,0
BRDA:1013,131,1,0
BRDA:1013,132,0,0
BRDA:1013,132,1,0
BRDA:1018,133,0,0
BRDA:1018,133,1,0
BRDA:1025,134,0,0
BRDA:1025,134,1,0
BRDA:1026,135,0,0
BRDA:1026,135,1,0
BRDA:1027,136,0,0
BRDA:1027,136,1,0
BRDA:1029,137,0,0
BRDA:1029,137,1,0
BRDA:1058,138,0,0
BRDA:1058,138,1,0
BRDA:1062,139,0,0
BRDA:1062,139,1,0
BRDA:1105,140,0,0
BRDA:1105,140,1,0
BRDA:1118,141,0,0
BRDA:1142,142,0,0
BRDA:1160,143,0,0
BRDA:1160,143,1,0
BRDA:1170,144,0,0
BRDA:1170,144,1,0
BRDA:1171,145,0,0
BRDA:1171,145,1,0
BRDA:1174,146,0,0
BRDA:1177,147,0,0
BRDA:1177,147,1,0
BRDA:1179,148,0,0
BRDA:1179,148,1,0
BRDA:1184,149,0,0
BRDA:1184,149,1,0
BRDA:1186,150,0,0
BRDA:1186,150,1,0
BRDA:1191,151,0,0
BRDA:1196,152,0,0
BRDA:1196,152,1,0
BRDA:1208,153,0,0
BRDA:1208,153,1,0
BRDA:1255,154,0,0
BRDA:1255,154,1,0
BRDA:1258,155,0,0
BRDA:1258,155,1,0
BRDA:1307,156,0,0
BRDA:1307,156,1,0
BRDA:1334,157,0,0
BRDA:1353,158,0,0
BRDA:1409,159,0,0
BRDA:1427,160,0,0
BRDA:1427,160,1,0
BRDA:1442,161,0,0
BRDA:1458,162,0,0
BRDA:1458,162,1,0
BRDA:1494,163,0,0
BRDA:1494,163,1,0
BRDA:1499,164,0,0
BRDA:1502,165,0,0
BRDA:1502,165,1,0
BRDA:1555,166,0,0
BRDA:1557,167,0,0
BRDA:1557,167,1,0
BRDA:1557,168,0,0
BRDA:1557,168,1,0
BRDA:1578,169,0,0
BRDA:1697,170,0,0
BRDA:1713,171,0,0
BRDA:1762,172,0,0
BRDA:1762,172,1,0
BRDA:1762,173,0,0
BRDA:1762,173,1,0
BRDA:1763,174,0,0
BRDA:1763,174,1,0
BRDA:1783,175,0,0
BRDA:1783,175,1,0
BRDA:1783,176,0,0
BRDA:1783,176,1,0
BRDA:1796,177,0,0
BRDA:1811,178,0,0
BRDA:1811,178,1,0
BRDA:1820,179,0,0
BRDA:1820,179,1,0
BRDA:1829,180,0,0
BRDA:1829,180,1,0
BRDA:1841,181,0,0
BRDA:1871,182,0,0
BRDA:1871,182,1,0
BRDA:1878,183,0,0
BRDA:1974,184,0,0
BRDA:1974,184,1,0
BRDA:1983,185,0,0
BRDA:1983,185,1,0
BRDA:1990,186,0,0
BRDA:2089,187,0,0
BRDA:2089,187,1,0
BRDA:2104,188,0,0
BRDA:2118,189,0,0
BRDA:2118,189,1,0
BRDA:2139,190,0,0
BRDA:2139,190,1,0
BRDA:2154,191,0,0
BRDA:2154,191,1,0
BRF:370
BRH:0
end_of_record
TN:
SF:src\components\ledger\hooks\useLedgerData.ts
FN:16,useLedgerData
FN:23,(anonymous_2)
FN:29,(anonymous_3)
FN:31,(anonymous_4)
FN:43,(anonymous_5)
FN:47,(anonymous_6)
FN:53,(anonymous_7)
FN:55,(anonymous_8)
FN:65,(anonymous_9)
FN:69,(anonymous_10)
FN:75,(anonymous_11)
FN:77,(anonymous_12)
FN:89,(anonymous_13)
FNF:13
FNH:0
FNDA:0,useLedgerData
FNDA:0,(anonymous_2)
FNDA:0,(anonymous_3)
FNDA:0,(anonymous_4)
FNDA:0,(anonymous_5)
FNDA:0,(anonymous_6)
FNDA:0,(anonymous_7)
FNDA:0,(anonymous_8)
FNDA:0,(anonymous_9)
FNDA:0,(anonymous_10)
FNDA:0,(anonymous_11)
FNDA:0,(anonymous_12)
FNDA:0,(anonymous_13)
DA:1,0
DA:2,0
DA:3,0
DA:9,0
DA:16,0
DA:17,0
DA:18,0
DA:19,0
DA:20,0
DA:23,0
DA:24,0
DA:26,0
DA:27,0
DA:29,0
DA:30,0
DA:31,0
DA:32,0
DA:33,0
DA:40,0
DA:43,0
DA:47,0
DA:48,0
DA:50,0
DA:51,0
DA:53,0
DA:54,0
DA:55,0
DA:56,0
DA:57,0
DA:62,0
DA:65,0
DA:69,0
DA:70,0
DA:72,0
DA:73,0
DA:75,0
DA:76,0
DA:77,0
DA:78,0
DA:79,0
DA:80,0
DA:86,0
DA:89,0
DA:92,0
LF:44
LH:0
BRDA:24,0,0,0
BRDA:24,0,1,0
BRDA:36,1,0,0
BRDA:36,1,1,0
BRDA:37,2,0,0
BRDA:37,2,1,0
BRDA:48,3,0,0
BRDA:48,3,1,0
BRDA:59,4,0,0
BRDA:59,4,1,0
BRDA:70,5,0,0
BRDA:70,5,1,0
BRDA:79,6,0,0
BRDA:79,6,1,0
BRDA:82,7,0,0
BRDA:82,7,1,0
BRF:16
BRH:0
end_of_record
TN:
SF:src\components\ledger\utils\ledger-constants.ts
FNF:0
FNH:0
DA:36,0
LF:1
LH:0
BRF:0
BRH:0
end_of_record
TN:
SF:src\components\ledger\utils\ledger-helpers.ts
FN:5,getCategoryType
FN:23,(anonymous_4)
FN:31,generateTransactionId
FNF:3
FNH:0
FNDA:0,getCategoryType
FNDA:0,(anonymous_4)
FNDA:0,generateTransactionId
DA:5,0
DA:7,0
DA:8,0
DA:12,0
DA:23,0
DA:24,0
DA:31,0
DA:32,0
DA:33,0
DA:34,0
DA:35,0
DA:36,0
DA:37,0
DA:38,0
DA:39,0
DA:41,0
LF:16
LH:0
BRDA:7,0,0,0
BRDA:7,0,1,0
BRDA:24,1,0,0
BRDA:24,1,1,0
BRF:4
BRH:0
end_of_record
TN:
SF:src\components\partners\partners-equity-report.tsx
FN:41,PartnersEquityReport
FN:46,(anonymous_2)
FN:55,(anonymous_3)
FN:58,(anonymous_4)
FN:62,(anonymous_5)
FN:77,(anonymous_6)
FN:97,(anonymous_7)
FN:126,(anonymous_8)
FN:167,(anonymous_9)
FN:169,(anonymous_10)
FN:177,(anonymous_11)
FN:186,(anonymous_12)
FN:187,(anonymous_13)
FN:188,(anonymous_14)
FN:189,(anonymous_15)
FN:208,(anonymous_16)
FN:217,(anonymous_17)
FN:318,(anonymous_18)
FNF:18
FNH:0
FNDA:0,PartnersEquityReport
FNDA:0,(anonymous_2)
FNDA:0,(anonymous_3)
FNDA:0,(anonymous_4)
FNDA:0,(anonymous_5)
FNDA:0,(anonymous_6)
FNDA:0,(anonymous_7)
FNDA:0,(anonymous_8)
FNDA:0,(anonymous_9)
FNDA:0,(anonymous_10)
FNDA:0,(anonymous_11)
FNDA:0,(anonymous_12)
FNDA:0,(anonymous_13)
FNDA:0,(anonymous_14)
FNDA:0,(anonymous_15)
FNDA:0,(anonymous_16)
FNDA:0,(anonymous_17)
FNDA:0,(anonymous_18)
DA:3,0
DA:4,0
DA:5,0
DA:6,0
DA:7,0
DA:15,0
DA:16,0
DA:17,0
DA:23,0
DA:24,0
DA:41,0
DA:42,0
DA:43,0
DA:44,0
DA:45,0
DA:46,0
DA:47,0
DA:48,0
DA:49,0
DA:51,0
DA:52,0
DA:55,0
DA:56,0
DA:58,0
DA:59,0
DA:60,0
DA:61,0
DA:62,0
DA:63,0
DA:64,0
DA:65,0
DA:71,0
DA:74,0
DA:77,0
DA:78,0
DA:80,0
DA:81,0
DA:82,0
DA:85,0
DA:90,0
DA:93,0
DA:94,0
DA:97,0
DA:98,0
DA:99,0
DA:102,0
DA:103,0
DA:107,0
DA:108,0
DA:109,0
DA:110,0
DA:111,0
DA:116,0
DA:119,0
DA:121,0
DA:122,0
DA:123,0
DA:126,0
DA:127,0
DA:128,0
DA:131,0
DA:132,0
DA:136,0
DA:137,0
DA:138,0
DA:139,0
DA:140,0
DA:141,0
DA:147,0
DA:148,0
DA:150,0
DA:159,0
DA:160,0
DA:162,0
DA:164,0
DA:167,0
DA:168,0
DA:169,0
DA:177,0
DA:179,0
DA:180,0
DA:181,0
DA:182,0
DA:183,0
DA:186,0
DA:187,0
DA:188,0
DA:189,0
DA:208,0
DA:217,0
DA:319,0
LF:91
LH:0
BRDA:56,0,0,0
BRDA:56,0,1,0
BRDA:64,1,0,0
BRDA:64,1,1,0
BRDA:78,2,0,0
BRDA:78,2,1,0
BRDA:78,3,0,0
BRDA:78,3,1,0
BRDA:99,4,0,0
BRDA:99,4,1,0
BRDA:102,5,0,0
BRDA:102,5,1,0
BRDA:102,6,0,0
BRDA:102,6,1,0
BRDA:107,7,0,0
BRDA:107,7,1,0
BRDA:108,8,0,0
BRDA:108,8,1,0
BRDA:108,9,0,0
BRDA:108,9,1,0
BRDA:109,10,0,0
BRDA:109,10,1,0
BRDA:110,11,0,0
BRDA:110,11,1,0
BRDA:111,12,0,0
BRDA:111,12,1,0
BRDA:122,13,0,0
BRDA:122,13,1,0
BRDA:128,14,0,0
BRDA:128,14,1,0
BRDA:131,15,0,0
BRDA:131,15,1,0
BRDA:131,16,0,0
BRDA:131,16,1,0
BRDA:136,17,0,0
BRDA:136,17,1,0
BRDA:137,18,0,0
BRDA:137,18,1,0
BRDA:138,19,0,0
BRDA:138,19,1,0
BRDA:138,20,0,0
BRDA:138,20,1,0
BRDA:139,21,0,0
BRDA:139,21,1,0
BRDA:140,22,0,0
BRDA:140,22,1,0
BRDA:141,23,0,0
BRDA:141,23,1,0
BRDA:224,24,0,0
BRDA:224,24,1,0
BRDA:228,25,0,0
BRDA:228,25,1,0
BRDA:233,26,0,0
BRDA:241,27,0,0
BRDA:277,28,0,0
BRDA:277,28,1,0
BRF:56
BRH:0
end_of_record
TN:
SF:src\components\partners\partners-page.tsx
FN:51,PartnersPage
FN:69,(anonymous_3)
FN:75,(anonymous_4)
FN:77,(anonymous_5)
FN:88,(anonymous_6)
FN:91,(anonymous_7)
FN:98,(anonymous_8)
FN:99,(anonymous_9)
FN:158,(anonymous_10)
FN:171,(anonymous_11)
FN:191,(anonymous_12)
FN:203,(anonymous_13)
FN:209,(anonymous_14)
FN:210,(anonymous_15)
FN:237,(anonymous_16)
FN:281,(anonymous_17)
FN:282,(anonymous_18)
FN:295,(anonymous_19)
FN:316,(anonymous_20)
FN:343,(anonymous_21)
FN:350,(anonymous_22)
FN:383,(anonymous_23)
FN:398,(anonymous_24)
FN:411,(anonymous_25)
FN:421,(anonymous_26)
FN:432,(anonymous_27)
FN:443,(anonymous_28)
FN:456,(anonymous_29)
FNF:28
FNH:0
FNDA:0,PartnersPage
FNDA:0,(anonymous_3)
FNDA:0,(anonymous_4)
FNDA:0,(anonymous_5)
FNDA:0,(anonymous_6)
FNDA:0,(anonymous_7)
FNDA:0,(anonymous_8)
FNDA:0,(anonymous_9)
FNDA:0,(anonymous_10)
FNDA:0,(anonymous_11)
FNDA:0,(anonymous_12)
FNDA:0,(anonymous_13)
FNDA:0,(anonymous_14)
FNDA:0,(anonymous_15)
FNDA:0,(anonymous_16)
FNDA:0,(anonymous_17)
FNDA:0,(anonymous_18)
FNDA:0,(anonymous_19)
FNDA:0,(anonymous_20)
FNDA:0,(anonymous_21)
FNDA:0,(anonymous_22)
FNDA:0,(anonymous_23)
FNDA:0,(anonymous_24)
FNDA:0,(anonymous_25)
FNDA:0,(anonymous_26)
FNDA:0,(anonymous_27)
FNDA:0,(anonymous_28)
FNDA:0,(anonymous_29)
DA:3,0
DA:4,0
DA:5,0
DA:6,0
DA:7,0
DA:15,0
DA:23,0
DA:24,0
DA:25,0
DA:26,0
DA:36,0
DA:37,0
DA:38,0
DA:51,0
DA:52,0
DA:53,0
DA:54,0
DA:55,0
DA:56,0
DA:57,0
DA:59,0
DA:69,0
DA:70,0
DA:72,0
DA:73,0
DA:75,0
DA:76,0
DA:77,0
DA:78,0
DA:79,0
DA:85,0
DA:88,0
DA:91,0
DA:92,0
DA:93,0
DA:96,0
DA:97,0
DA:98,0
DA:99,0
DA:101,0
DA:102,0
DA:107,0
DA:110,0
DA:111,0
DA:112,0
DA:114,0
DA:115,0
DA:123,0
DA:129,0
DA:130,0
DA:139,0
DA:145,0
DA:146,0
DA:148,0
DA:154,0
DA:158,0
DA:159,0
DA:160,0
DA:168,0
DA:171,0
DA:172,0
DA:173,0
DA:175,0
DA:176,0
DA:177,0
DA:178,0
DA:183,0
DA:191,0
DA:192,0
DA:200,0
DA:203,0
DA:204,0
DA:205,0
DA:208,0
DA:209,0
DA:210,0
DA:237,0
DA:281,0
DA:282,0
DA:295,0
DA:317,0
DA:343,0
DA:350,0
DA:384,0
DA:399,0
DA:412,0
DA:422,0
DA:433,0
DA:444,0
DA:456,0
LF:90
LH:0
BRDA:70,0,0,0
BRDA:70,0,1,0
BRDA:82,1,0,0
BRDA:82,1,1,0
BRDA:93,2,0,0
BRDA:93,2,1,0
BRDA:98,3,0,0
BRDA:98,3,1,0
BRDA:98,3,2,0
BRDA:101,4,0,0
BRDA:101,4,1,0
BRDA:112,5,0,0
BRDA:112,5,1,0
BRDA:161,6,0,0
BRDA:161,6,1,0
BRDA:162,7,0,0
BRDA:162,7,1,0
BRDA:163,8,0,0
BRDA:163,8,1,0
BRDA:164,9,0,0
BRDA:164,9,1,0
BRDA:165,10,0,0
BRDA:165,10,1,0
BRDA:172,11,0,0
BRDA:172,11,1,0
BRDA:173,12,0,0
BRDA:173,12,1,0
BRDA:253,13,0,0
BRDA:253,13,1,0
BRDA:255,14,0,0
BRDA:255,14,1,0
BRDA:263,15,0,0
BRDA:265,16,0,0
BRDA:265,16,1,0
BRDA:282,17,0,0
BRDA:282,17,1,0
BRDA:299,18,0,0
BRDA:330,19,0,0
BRDA:330,19,1,0
BRDA:335,20,0,0
BRDA:335,20,1,0
BRDA:368,21,0,0
BRDA:368,21,1,0
BRDA:371,22,0,0
BRDA:371,22,1,0
BRDA:437,23,0,0
BRDA:461,24,0,0
BRDA:461,24,1,0
BRDA:461,25,0,0
BRDA:461,25,1,0
BRF:50
BRH:0
end_of_record
TN:
SF:src\components\payments\payments-page.tsx
FN:111,PaymentsPage
FN:130,(anonymous_2)
FN:136,(anonymous_3)
FN:138,(anonymous_4)
FN:150,(anonymous_5)
FN:153,(anonymous_6)
FN:257,(anonymous_7)
FN:272,(anonymous_8)
FN:278,(anonymous_9)
FN:336,(anonymous_10)
FN:350,(anonymous_11)
FN:356,(anonymous_12)
FN:357,(anonymous_13)
FN:360,(anonymous_14)
FN:361,(anonymous_15)
FN:423,(anonymous_16)
FN:481,(anonymous_17)
FN:488,(anonymous_18)
FN:521,(anonymous_19)
FN:532,(anonymous_20)
FN:547,(anonymous_21)
FN:553,(anonymous_22)
FN:566,(anonymous_23)
FN:572,(anonymous_24)
FN:572,(anonymous_25)
FN:587,(anonymous_26)
FN:599,(anonymous_27)
FN:610,(anonymous_28)
FN:621,(anonymous_29)
FN:631,(anonymous_30)
FNF:30
FNH:0
FNDA:0,PaymentsPage
FNDA:0,(anonymous_2)
FNDA:0,(anonymous_3)
FNDA:0,(anonymous_4)
FNDA:0,(anonymous_5)
FNDA:0,(anonymous_6)
FNDA:0,(anonymous_7)
FNDA:0,(anonymous_8)
FNDA:0,(anonymous_9)
FNDA:0,(anonymous_10)
FNDA:0,(anonymous_11)
FNDA:0,(anonymous_12)
FNDA:0,(anonymous_13)
FNDA:0,(anonymous_14)
FNDA:0,(anonymous_15)
FNDA:0,(anonymous_16)
FNDA:0,(anonymous_17)
FNDA:0,(anonymous_18)
FNDA:0,(anonymous_19)
FNDA:0,(anonymous_20)
FNDA:0,(anonymous_21)
FNDA:0,(anonymous_22)
FNDA:0,(anonymous_23)
FNDA:0,(anonymous_24)
FNDA:0,(anonymous_25)
FNDA:0,(anonymous_26)
FNDA:0,(anonymous_27)
FNDA:0,(anonymous_28)
FNDA:0,(anonymous_29)
FNDA:0,(anonymous_30)
DA:3,0
DA:4,0
DA:5,0
DA:6,0
DA:7,0
DA:15,0
DA:23,0
DA:24,0
DA:25,0
DA:26,0
DA:38,0
DA:39,0
DA:40,0
DA:43,0
DA:111,0
DA:112,0
DA:113,0
DA:114,0
DA:115,0
DA:116,0
DA:117,0
DA:119,0
DA:130,0
DA:131,0
DA:133,0
DA:134,0
DA:136,0
DA:137,0
DA:138,0
DA:139,0
DA:140,0
DA:147,0
DA:150,0
DA:153,0
DA:154,0
DA:155,0
DA:157,0
DA:158,0
DA:159,0
DA:160,0
DA:161,0
DA:171,0
DA:176,0
DA:177,0
DA:179,0
DA:192,0
DA:193,0
DA:195,0
DA:196,0
DA:197,0
DA:201,0
DA:203,0
DA:204,0
DA:205,0
DA:208,0
DA:209,0
DA:210,0
DA:211,0
DA:212,0
DA:214,0
DA:215,0
DA:216,0
DA:217,0
DA:218,0
DA:222,0
DA:228,0
DA:229,0
DA:231,0
DA:234,0
DA:238,0
DA:244,0
DA:245,0
DA:247,0
DA:253,0
DA:257,0
DA:258,0
DA:259,0
DA:269,0
DA:272,0
DA:273,0
DA:274,0
DA:276,0
DA:278,0
DA:280,0
DA:282,0
DA:283,0
DA:287,0
DA:289,0
DA:290,0
DA:291,0
DA:293,0
DA:294,0
DA:295,0
DA:296,0
DA:297,0
DA:299,0
DA:300,0
DA:301,0
DA:302,0
DA:303,0
DA:307,0
DA:317,0
DA:318,0
DA:320,0
DA:327,0
DA:328,0
DA:336,0
DA:337,0
DA:347,0
DA:350,0
DA:351,0
DA:352,0
DA:355,0
DA:356,0
DA:357,0
DA:359,0
DA:360,0
DA:361,0
DA:424,0
DA:481,0
DA:488,0
DA:522,0
DA:533,0
DA:548,0
DA:554,0
DA:567,0
DA:572,0
DA:573,0
DA:588,0
DA:600,0
DA:611,0
DA:622,0
DA:631,0
LF:133
LH:0
BRDA:131,0,0,0
BRDA:131,0,1,0
BRDA:143,1,0,0
BRDA:143,1,1,0
BRDA:144,2,0,0
BRDA:144,2,1,0
BRDA:155,3,0,0
BRDA:155,3,1,0
BRDA:159,4,0,0
BRDA:159,4,1,0
BRDA:168,5,0,0
BRDA:168,5,1,0
BRDA:169,6,0,0
BRDA:169,6,1,0
BRDA:186,7,0,0
BRDA:186,7,1,0
BRDA:187,8,0,0
BRDA:187,8,1,0
BRDA:195,9,0,0
BRDA:195,9,1,0
BRDA:203,10,0,0
BRDA:203,10,1,0
BRDA:208,11,0,0
BRDA:208,11,1,0
BRDA:209,12,0,0
BRDA:209,12,1,0
BRDA:210,13,0,0
BRDA:210,13,1,0
BRDA:215,14,0,0
BRDA:215,14,1,0
BRDA:217,15,0,0
BRDA:217,15,1,0
BRDA:240,16,0,0
BRDA:240,16,1,0
BRDA:260,17,0,0
BRDA:260,17,1,0
BRDA:261,18,0,0
BRDA:261,18,1,0
BRDA:262,19,0,0
BRDA:262,19,1,0
BRDA:263,20,0,0
BRDA:263,20,1,0
BRDA:264,21,0,0
BRDA:264,21,1,0
BRDA:265,22,0,0
BRDA:265,22,1,0
BRDA:266,23,0,0
BRDA:266,23,1,0
BRDA:267,24,0,0
BRDA:267,24,1,0
BRDA:273,25,0,0
BRDA:273,25,1,0
BRDA:274,26,0,0
BRDA:274,26,1,0
BRDA:280,27,0,0
BRDA:280,27,1,0
BRDA:280,28,0,0
BRDA:280,28,1,0
BRDA:289,29,0,0
BRDA:289,29,1,0
BRDA:293,30,0,0
BRDA:293,30,1,0
BRDA:294,31,0,0
BRDA:294,31,1,0
BRDA:295,32,0,0
BRDA:295,32,1,0
BRDA:300,33,0,0
BRDA:300,33,1,0
BRDA:302,34,0,0
BRDA:302,34,1,0
BRDA:322,35,0,0
BRDA:322,35,1,0
BRDA:356,36,0,0
BRDA:356,36,1,0
BRDA:357,37,0,0
BRDA:357,37,1,0
BRDA:360,38,0,0
BRDA:360,38,1,0
BRDA:361,39,0,0
BRDA:361,39,1,0
BRDA:405,40,0,0
BRDA:435,41,0,0
BRDA:435,41,1,0
BRDA:442,42,0,0
BRDA:451,43,0,0
BRDA:454,44,0,0
BRDA:459,45,0,0
BRDA:462,46,0,0
BRDA:462,46,1,0
BRDA:465,47,0,0
BRDA:506,48,0,0
BRDA:506,48,1,0
BRDA:509,49,0,0
BRDA:509,49,1,0
BRDA:560,50,0,0
BRDA:636,51,0,0
BRDA:636,51,1,0
BRDA:636,52,0,0
BRDA:636,52,1,0
BRF:99
BRH:0
end_of_record
TN:
SF:src\components\production\production-page.tsx
FN:76,(anonymous_1)
FN:85,ProductionPage
FN:111,(anonymous_3)
FN:117,(anonymous_4)
FN:119,(anonymous_5)
FN:129,(anonymous_6)
FN:133,(anonymous_7)
FN:139,(anonymous_8)
FN:141,(anonymous_9)
FN:154,(anonymous_10)
FN:157,(anonymous_11)
FN:163,(anonymous_12)
FN:192,(anonymous_13)
FN:430,(anonymous_14)
FN:550,(anonymous_15)
FN:573,(anonymous_16)
FN:576,(anonymous_17)
FN:681,(anonymous_18)
FN:696,(anonymous_19)
FN:703,(anonymous_20)
FN:721,(anonymous_21)
FN:726,(anonymous_22)
FN:729,(anonymous_23)
FN:730,(anonymous_24)
FN:802,(anonymous_25)
FN:849,(anonymous_26)
FN:860,(anonymous_27)
FN:868,(anonymous_28)
FN:877,(anonymous_29)
FN:890,(anonymous_30)
FN:902,(anonymous_31)
FN:935,(anonymous_32)
FN:950,(anonymous_33)
FN:957,(anonymous_34)
FN:989,(anonymous_35)
FN:1007,(anonymous_36)
FN:1022,(anonymous_37)
FN:1040,(anonymous_38)
FN:1053,(anonymous_39)
FN:1065,(anonymous_40)
FN:1094,(anonymous_41)
FN:1110,(anonymous_42)
FN:1121,(anonymous_43)
FN:1216,(anonymous_44)
FNF:44
FNH:0
FNDA:0,(anonymous_1)
FNDA:0,ProductionPage
FNDA:0,(anonymous_3)
FNDA:0,(anonymous_4)
FNDA:0,(anonymous_5)
FNDA:0,(anonymous_6)
FNDA:0,(anonymous_7)
FNDA:0,(anonymous_8)
FNDA:0,(anonymous_9)
FNDA:0,(anonymous_10)
FNDA:0,(anonymous_11)
FNDA:0,(anonymous_12)
FNDA:0,(anonymous_13)
FNDA:0,(anonymous_14)
FNDA:0,(anonymous_15)
FNDA:0,(anonymous_16)
FNDA:0,(anonymous_17)
FNDA:0,(anonymous_18)
FNDA:0,(anonymous_19)
FNDA:0,(anonymous_20)
FNDA:0,(anonymous_21)
FNDA:0,(anonymous_22)
FNDA:0,(anonymous_23)
FNDA:0,(anonymous_24)
FNDA:0,(anonymous_25)
FNDA:0,(anonymous_26)
FNDA:0,(anonymous_27)
FNDA:0,(anonymous_28)
FNDA:0,(anonymous_29)
FNDA:0,(anonymous_30)
FNDA:0,(anonymous_31)
FNDA:0,(anonymous_32)
FNDA:0,(anonymous_33)
FNDA:0,(anonymous_34)
FNDA:0,(anonymous_35)
FNDA:0,(anonymous_36)
FNDA:0,(anonymous_37)
FNDA:0,(anonymous_38)
FNDA:0,(anonymous_39)
FNDA:0,(anonymous_40)
FNDA:0,(anonymous_41)
FNDA:0,(anonymous_42)
FNDA:0,(anonymous_43)
FNDA:0,(anonymous_44)
DA:3,0
DA:4,0
DA:5,0
DA:6,0
DA:7,0
DA:15,0
DA:23,0
DA:24,0
DA:25,0
DA:26,0
DA:39,0
DA:40,0
DA:76,0
DA:77,0
DA:78,0
DA:79,0
DA:80,0
DA:81,0
DA:82,0
DA:85,0
DA:86,0
DA:87,0
DA:88,0
DA:89,0
DA:90,0
DA:91,0
DA:92,0
DA:93,0
DA:94,0
DA:95,0
DA:97,0
DA:111,0
DA:112,0
DA:114,0
DA:115,0
DA:117,0
DA:118,0
DA:119,0
DA:120,0
DA:121,0
DA:126,0
DA:129,0
DA:133,0
DA:134,0
DA:136,0
DA:137,0
DA:139,0
DA:140,0
DA:141,0
DA:142,0
DA:143,0
DA:151,0
DA:154,0
DA:157,0
DA:158,0
DA:159,0
DA:161,0
DA:162,0
DA:163,0
DA:164,0
DA:165,0
DA:170,0
DA:171,0
DA:174,0
DA:175,0
DA:178,0
DA:179,0
DA:184,0
DA:185,0
DA:188,0
DA:190,0
DA:192,0
DA:193,0
DA:194,0
DA:199,0
DA:200,0
DA:203,0
DA:204,0
DA:207,0
DA:210,0
DA:211,0
DA:216,0
DA:217,0
DA:218,0
DA:224,0
DA:228,0
DA:230,0
DA:231,0
DA:232,0
DA:233,0
DA:235,0
DA:236,0
DA:238,0
DA:246,0
DA:247,0
DA:252,0
DA:253,0
DA:254,0
DA:255,0
DA:257,0
DA:258,0
DA:261,0
DA:262,0
DA:267,0
DA:268,0
DA:271,0
DA:277,0
DA:281,0
DA:283,0
DA:284,0
DA:285,0
DA:286,0
DA:291,0
DA:292,0
DA:309,0
DA:312,0
DA:323,0
DA:335,0
DA:346,0
DA:359,0
DA:377,0
DA:379,0
DA:387,0
DA:388,0
DA:409,0
DA:415,0
DA:416,0
DA:417,0
DA:418,0
DA:420,0
DA:426,0
DA:430,0
DA:431,0
DA:432,0
DA:434,0
DA:435,0
DA:436,0
DA:439,0
DA:440,0
DA:446,0
DA:447,0
DA:454,0
DA:455,0
DA:456,0
DA:457,0
DA:459,0
DA:460,0
DA:461,0
DA:467,0
DA:471,0
DA:473,0
DA:475,0
DA:476,0
DA:477,0
DA:483,0
DA:484,0
DA:501,0
DA:504,0
DA:505,0
DA:517,0
DA:518,0
DA:532,0
DA:534,0
DA:539,0
DA:540,0
DA:546,0
DA:550,0
DA:551,0
DA:552,0
DA:554,0
DA:555,0
DA:556,0
DA:560,0
DA:565,0
DA:573,0
DA:574,0
DA:576,0
DA:577,0
DA:579,0
DA:583,0
DA:585,0
DA:586,0
DA:587,0
DA:590,0
DA:592,0
DA:593,0
DA:598,0
DA:599,0
DA:600,0
DA:606,0
DA:610,0
DA:612,0
DA:613,0
DA:614,0
DA:615,0
DA:617,0
DA:619,0
DA:621,0
DA:628,0
DA:631,0
DA:632,0
DA:644,0
DA:645,0
DA:658,0
DA:659,0
DA:661,0
DA:663,0
DA:670,0
DA:671,0
DA:677,0
DA:681,0
DA:682,0
DA:696,0
DA:697,0
DA:698,0
DA:699,0
DA:700,0
DA:703,0
DA:704,0
DA:716,0
DA:717,0
DA:718,0
DA:721,0
DA:722,0
DA:723,0
DA:726,0
DA:728,0
DA:729,0
DA:730,0
DA:803,0
DA:849,0
DA:860,0
DA:868,0
DA:877,0
DA:890,0
DA:902,0
DA:936,0
DA:951,0
DA:958,0
DA:990,0
DA:1008,0
DA:1023,0
DA:1041,0
DA:1054,0
DA:1066,0
DA:1095,0
DA:1111,0
DA:1121,0
DA:1216,0
LF:249
LH:0
BRDA:112,0,0,0
BRDA:112,0,1,0
BRDA:134,1,0,0
BRDA:134,1,1,0
BRDA:146,2,0,0
BRDA:146,2,1,0
BRDA:147,3,0,0
BRDA:147,3,1,0
BRDA:148,4,0,0
BRDA:148,4,1,0
BRDA:159,5,0,0
BRDA:159,5,1,0
BRDA:164,6,0,0
BRDA:164,6,1,0
BRDA:178,7,0,0
BRDA:178,7,1,0
BRDA:178,8,0,0
BRDA:178,8,1,0
BRDA:190,9,0,0
BRDA:190,9,1,0
BRDA:190,10,0,0
BRDA:190,10,1,0
BRDA:193,11,0,0
BRDA:193,11,1,0
BRDA:207,12,0,0
BRDA:207,12,1,0
BRDA:216,13,0,0
BRDA:216,13,1,0
BRDA:217,14,0,0
BRDA:217,14,1,0
BRDA:230,15,0,0
BRDA:230,15,1,0
BRDA:232,16,0,0
BRDA:232,16,1,0
BRDA:235,17,0,0
BRDA:235,17,1,0
BRDA:252,18,0,0
BRDA:252,18,1,0
BRDA:252,19,0,0
BRDA:252,19,1,0
BRDA:254,20,0,0
BRDA:254,20,1,0
BRDA:257,21,0,0
BRDA:257,21,1,0
BRDA:258,22,0,0
BRDA:258,22,1,0
BRDA:261,23,0,0
BRDA:261,23,1,0
BRDA:283,24,0,0
BRDA:283,24,1,0
BRDA:285,25,0,0
BRDA:285,25,1,0
BRDA:300,26,0,0
BRDA:300,26,1,0
BRDA:301,27,0,0
BRDA:301,27,1,0
BRDA:302,28,0,0
BRDA:302,28,1,0
BRDA:364,29,0,0
BRDA:364,29,1,0
BRDA:365,30,0,0
BRDA:365,30,1,0
BRDA:366,31,0,0
BRDA:366,31,1,0
BRDA:369,32,0,0
BRDA:369,32,1,0
BRDA:370,33,0,0
BRDA:370,33,1,0
BRDA:371,34,0,0
BRDA:371,34,1,0
BRDA:373,35,0,0
BRDA:373,35,1,0
BRDA:381,36,0,0
BRDA:381,36,1,0
BRDA:394,37,0,0
BRDA:394,37,1,0
BRDA:395,38,0,0
BRDA:395,38,1,0
BRDA:396,39,0,0
BRDA:396,39,1,0
BRDA:399,40,0,0
BRDA:399,40,1,0
BRDA:400,41,0,0
BRDA:400,41,1,0
BRDA:401,42,0,0
BRDA:401,42,1,0
BRDA:403,43,0,0
BRDA:403,43,1,0
BRDA:422,44,0,0
BRDA:422,44,1,0
BRDA:431,45,0,0
BRDA:431,45,1,0
BRDA:432,46,0,0
BRDA:432,46,1,0
BRDA:454,47,0,0
BRDA:454,47,1,0
BRDA:454,48,0,0
BRDA:454,48,1,0
BRDA:459,49,0,0
BRDA:459,49,1,0
BRDA:460,50,0,0
BRDA:460,50,1,0
BRDA:473,51,0,0
BRDA:473,51,1,0
BRDA:476,52,0,0
BRDA:476,52,1,0
BRDA:492,53,0,0
BRDA:492,53,1,0
BRDA:493,54,0,0
BRDA:493,54,1,0
BRDA:494,55,0,0
BRDA:494,55,1,0
BRDA:524,56,0,0
BRDA:524,56,1,0
BRDA:525,57,0,0
BRDA:525,57,1,0
BRDA:526,58,0,0
BRDA:526,58,1,0
BRDA:551,59,0,0
BRDA:551,59,1,0
BRDA:552,60,0,0
BRDA:552,60,1,0
BRDA:574,61,0,0
BRDA:574,61,1,0
BRDA:577,62,0,0
BRDA:577,62,1,0
BRDA:579,63,0,0
BRDA:579,63,1,0
BRDA:583,64,0,0
BRDA:583,64,1,0
BRDA:590,65,0,0
BRDA:590,65,1,0
BRDA:598,66,0,0
BRDA:598,66,1,0
BRDA:599,67,0,0
BRDA:599,67,1,0
BRDA:612,68,0,0
BRDA:612,68,1,0
BRDA:614,69,0,0
BRDA:614,69,1,0
BRDA:617,70,0,0
BRDA:617,70,1,0
BRDA:665,71,0,0
BRDA:665,71,1,0
BRDA:709,72,0,0
BRDA:709,72,1,0
BRDA:710,73,0,0
BRDA:710,73,1,0
BRDA:711,74,0,0
BRDA:711,74,1,0
BRDA:713,75,0,0
BRDA:713,75,1,0
BRDA:784,76,0,0
BRDA:812,77,0,0
BRDA:814,78,0,0
BRDA:814,78,1,0
BRDA:814,79,0,0
BRDA:814,79,1,0
BRDA:823,80,0,0
BRDA:825,81,0,0
BRDA:825,81,1,0
BRDA:825,82,0,0
BRDA:825,82,1,0
BRDA:834,83,0,0
BRDA:834,83,1,0
BRDA:836,84,0,0
BRDA:836,84,1,0
BRDA:855,85,0,0
BRDA:885,86,0,0
BRDA:898,87,0,0
BRDA:903,88,0,0
BRDA:903,88,1,0
BRDA:922,89,0,0
BRDA:922,89,1,0
BRDA:960,90,0,0
BRDA:960,90,1,0
BRDA:966,91,0,0
BRDA:974,92,0,0
BRDA:976,93,0,0
BRDA:976,93,1,0
BRDA:976,94,0,0
BRDA:976,94,1,0
BRDA:1075,95,0,0
BRDA:1075,95,1,0
BRDA:1126,96,0,0
BRDA:1126,96,1,0
BRDA:1127,97,0,0
BRDA:1127,97,1,0
BRDA:1128,98,0,0
BRDA:1128,98,1,0
BRDA:1142,99,0,0
BRDA:1153,100,0,0
BRDA:1153,100,1,0
BRDA:1155,101,0,0
BRDA:1155,101,1,0
BRDA:1170,102,0,0
BRDA:1172,103,0,0
BRDA:1172,103,1,0
BRDA:1172,104,0,0
BRDA:1172,104,1,0
BRDA:1184,105,0,0
BRDA:1186,106,0,0
BRDA:1186,106,1,0
BRDA:1186,107,0,0
BRDA:1186,107,1,0
BRDA:1191,108,0,0
BRDA:1199,109,0,0
BRDA:1205,110,0,0
BRF:208
BRH:0
end_of_record
TN:
[...]
DA:11,1
DA:12,1
DA:13,1
DA:28,0
DA:40,0
DA:41,0
DA:43,0
DA:44,0
DA:45,0
DA:46,0
DA:47,0
DA:48,0
DA:49,0
DA:53,0
DA:54,0
DA:55,0
DA:56,0
DA:57,0
DA:58,0
DA:59,0
DA:60,0
DA:62,0
DA:67,0
DA:82,0
DA:124,57
DA:126,9
DA:130,10
DA:131,9
DA:135,8
DA:136,7
DA:137,7
DA:141,8
DA:142,7
DA:143,7
DA:147,8
DA:148,7
DA:149,7
DA:152,4
DA:153,4
DA:154,3
DA:157,3
DA:158,4
DA:159,3
DA:163,6
DA:164,5
DA:165,5
DA:169,4
DA:170,6
DA:171,10
DA:172,10
DA:174,2
LF:53
LH:32
BRDA:33,0,0,0
BRDA:35,1,0,0
BRDA:45,2,0,0
BRDA:45,2,1,0
BRDA:48,3,0,0
BRDA:48,3,1,0
BRDA:48,4,0,0
BRDA:48,4,1,0
BRDA:55,5,0,0
BRDA:55,5,1,0
BRDA:56,6,0,0
BRDA:56,6,1,0
BRDA:59,7,0,0
BRDA:59,7,1,0
BRDA:59,8,0,0
BRDA:59,8,1,0
BRDA:67,9,0,0
BRDA:67,9,1,0
BRDA:67,9,2,0
BRDA:73,10,0,0
BRDA:86,11,0,0
BRDA:86,11,1,0
BRDA:86,11,2,0
BRDA:87,12,0,0
BRDA:87,12,1,0
BRDA:91,13,0,0
BRDA:94,14,0,0
BRDA:95,15,0,0
BRDA:102,16,0,0
BRDA:102,16,1,0
BRDA:102,16,2,0
BRDA:106,17,0,0
BRDA:106,17,1,0
BRDA:113,18,0,0
BRDA:126,19,0,5
BRDA:126,19,1,4
BRDA:130,20,0,1
BRDA:130,20,1,9
BRDA:131,21,0,6
BRDA:131,21,1,3
BRDA:135,22,0,1
BRDA:135,22,1,7
BRDA:137,23,0,4
BRDA:137,23,1,3
BRDA:141,24,0,1
BRDA:141,24,1,7
BRDA:143,25,0,3
BRDA:143,25,1,4
BRDA:147,26,0,1
BRDA:147,26,1,7
BRDA:149,27,0,3
BRDA:149,27,1,4
BRDA:153,28,0,1
BRDA:153,28,1,3
BRDA:154,29,0,2
BRDA:154,29,1,1
BRDA:158,30,0,1
BRDA:158,30,1,3
BRDA:159,31,0,2
BRDA:159,31,1,1
BRDA:163,32,0,1
BRDA:163,32,1,5
BRDA:165,33,0,2
BRDA:165,33,1,3
BRDA:172,34,0,4
BRDA:172,34,1,6
BRF:66
BRH:32
end_of_record
TN:
SF:src\components\ui\input.tsx
FN:8,(anonymous_4)
FNF:1
FNH:0
FNDA:0,(anonymous_4)
DA:1,1
DA:2,1
DA:7,1
DA:22,1
DA:24,0
LF:5
LH:4
BRF:0
BRH:0
end_of_record
TN:
SF:src\components\ui\label.tsx
FNF:0
FNH:0
DA:3,1
DA:4,1
DA:5,1
DA:6,1
DA:8,1
DA:23,1
DA:25,0
LF:7
LH:6
BRF:0
BRH:0
end_of_record
TN:
SF:src\components\ui\loading-skeleton.tsx
FN:13,Skeleton
FN:24,TableSkeleton
FN:37,(anonymous_10)
FN:50,CardSkeleton
FN:64,StatCardSkeleton
FN:77,FormSkeleton
FN:100,ListSkeleton
FN:103,(anonymous_15)
FN:117,PageSkeleton
FNF:9
FNH:0
FNDA:0,Skeleton
FNDA:0,TableSkeleton
FNDA:0,(anonymous_10)
FNDA:0,CardSkeleton
FNDA:0,StatCardSkeleton
FNDA:0,FormSkeleton
FNDA:0,ListSkeleton
FNDA:0,(anonymous_15)
FNDA:0,PageSkeleton
DA:7,0
DA:13,0
DA:24,0
DA:38,0
DA:50,0
DA:64,0
DA:77,0
DA:100,0
DA:104,0
DA:117,0
LF:10
LH:0
BRDA:24,0,0,0
BRDA:100,1,0,0
BRF:2
BRH:0
end_of_record
TN:
SF:src\components\ui\table.tsx
FNF:0
FNH:0
DA:1,0
DA:2,0
DA:16,0
DA:24,0
DA:36,0
DA:51,0
DA:66,0
DA:81,0
DA:93,0
DA:105,0
DA:108,0
DA:109,0
DA:110,0
DA:111,0
DA:112,0
DA:113,0
DA:114,0
DA:115,0
LF:18
LH:0
BRF:0
BRH:0
end_of_record
TN:
SF:src\components\ui\tabs.tsx
FNF:0
FNH:0
DA:3,0
DA:4,0
DA:6,0
DA:8,0
DA:23,0
DA:38,0
DA:53,0
DA:55,0
LF:8
LH:0
BRF:0
BRH:0
end_of_record
TN:
SF:src\components\ui\toast.tsx
FN:46,(anonymous_12)
FNF:1
FNH:0
FNDA:0,(anonymous_12)
DA:3,0
DA:4,0
DA:5,0
DA:6,0
DA:7,0
DA:9,0
DA:24,0
DA:26,0
DA:42,0
DA:55,0
DA:70,0
DA:88,0
DA:100,0
DA:112,0
DA:121,0
DA:122,0
DA:123,0
DA:124,0
DA:125,0
DA:126,0
DA:127,0
LF:21
LH:0
BRF:0
BRH:0
end_of_record
TN:
SF:src\components\ui\toaster.tsx
FN:13,Toaster
FN:18,(anonymous_2)
FNF:2
FNH:0
FNDA:0,Toaster
FNDA:0,(anonymous_2)
DA:10,0
DA:11,0
DA:13,0
DA:14,0
DA:19,0
LF:5
LH:0
BRDA:22,0,0,0
BRDA:23,1,0,0
BRF:2
BRH:0
end_of_record
TN:
SF:src\firebase\config.ts
FNF:0
FNH:0
DA:1,0
DA:2,0
DA:3,0
DA:4,0
DA:8,0
DA:18,0
DA:21,0
DA:22,0
DA:23,0
DA:25,0
LF:10
LH:0
BRDA:9,0,0,0
BRDA:9,0,1,0
BRDA:10,1,0,0
BRDA:10,1,1,0
BRDA:11,2,0,0
BRDA:11,2,1,0
BRDA:12,3,0,0
BRDA:12,3,1,0
BRDA:13,4,0,0
BRDA:13,4,1,0
BRDA:14,5,0,0
BRDA:14,5,1,0
BRDA:18,6,0,0
BRDA:18,6,1,0
BRF:14
BRH:0
end_of_record
TN:
SF:src\firebase\index.ts
FN:17,useCollection
FN:28,(anonymous_11)
FN:39,(anonymous_12)
FN:41,(anonymous_13)
FN:47,(anonymous_14)
FN:54,(anonymous_15)
FN:61,useDoc
FN:72,(anonymous_17)
FN:83,(anonymous_18)
FN:91,(anonymous_19)
FN:98,(anonymous_20)
FN:105,useMemoFirebase
FN:115,(anonymous_22)
FN:129,usePaginatedCollection
FN:146,(anonymous_24)
FN:157,(anonymous_25)
FN:159,(anonymous_26)
FN:169,(anonymous_27)
FN:175,(anonymous_28)
FN:178,(anonymous_29)
FNF:20
FNH:0
FNDA:0,useCollection
FNDA:0,(anonymous_11)
FNDA:0,(anonymous_12)
FNDA:0,(anonymous_13)
FNDA:0,(anonymous_14)
FNDA:0,(anonymous_15)
FNDA:0,useDoc
FNDA:0,(anonymous_17)
FNDA:0,(anonymous_18)
FNDA:0,(anonymous_19)
FNDA:0,(anonymous_20)
FNDA:0,useMemoFirebase
FNDA:0,(anonymous_22)
FNDA:0,usePaginatedCollection
FNDA:0,(anonymous_24)
FNDA:0,(anonymous_25)
FNDA:0,(anonymous_26)
FNDA:0,(anonymous_27)
FNDA:0,(anonymous_28)
FNDA:0,(anonymous_29)
DA:3,0
DA:14,0
DA:17,0
DA:24,0
DA:25,0
DA:26,0
DA:28,0
DA:29,0
DA:30,0
DA:31,0
DA:34,0
DA:35,0
DA:37,0
DA:40,0
DA:41,0
DA:42,0
DA:44,0
DA:45,0
DA:48,0
DA:49,0
DA:50,0
DA:54,0
DA:57,0
DA:61,0
DA:68,0
DA:69,0
DA:70,0
DA:72,0
DA:73,0
DA:74,0
DA:75,0
DA:78,0
DA:79,0
DA:81,0
DA:84,0
DA:85,0
DA:87,0
DA:89,0
DA:92,0
DA:93,0
DA:94,0
DA:98,0
DA:101,0
DA:105,0
DA:109,0
DA:110,0
DA:113,0
DA:116,0
DA:117,0
DA:120,0
DA:121,0
DA:122,0
DA:125,0
DA:129,0
DA:139,0
DA:140,0
DA:141,0
DA:142,0
DA:143,0
DA:146,0
DA:147,0
DA:148,0
DA:149,0
DA:154,0
DA:155,0
DA:158,0
DA:159,0
DA:160,0
DA:162,0
DA:163,0
DA:164,0
DA:165,0
DA:166,0
DA:170,0
DA:171,0
DA:175,0
DA:178,0
DA:183,0
DA:187,0
DA:188,0
LF:80
LH:0
BRDA:29,0,0,0
BRDA:29,0,1,0
BRDA:73,1,0,0
BRDA:73,1,1,0
BRDA:84,2,0,0
BRDA:84,2,1,0
BRDA:113,3,0,0
BRDA:113,3,1,0
BRDA:113,3,2,0
BRDA:113,3,3,0
BRDA:116,4,0,0
BRDA:116,4,1,0
BRDA:120,5,0,0
BRDA:120,5,1,0
BRDA:120,6,0,0
BRDA:120,6,1,0
BRDA:131,7,0,0
BRDA:147,8,0,0
BRDA:147,8,1,0
BRDA:165,9,0,0
BRDA:165,9,1,0
BRF:21
BRH:0
end_of_record
TN:
SF:src\firebase\provider.tsx
FN:22,FirebaseClientProvider
FN:26,(anonymous_7)
FN:27,(anonymous_8)
FN:42,(anonymous_9)
FN:45,(anonymous_10)
FN:63,useUser
FN:71,useFirestore
FN:75,useStorage
FN:79,useAuth
FNF:9
FNH:0
FNDA:0,FirebaseClientProvider
FNDA:0,(anonymous_7)
FNDA:0,(anonymous_8)
FNDA:0,(anonymous_9)
FNDA:0,(anonymous_10)
FNDA:0,useUser
FNDA:0,useFirestore
FNDA:0,useStorage
FNDA:0,useAuth
DA:3,0
DA:4,0
DA:6,0
DA:16,0
DA:22,0
DA:23,0
DA:24,0
DA:26,0
DA:27,0
DA:28,0
DA:29,0
DA:35,0
DA:37,0
DA:39,0
DA:42,0
DA:45,0
DA:46,0
DA:47,0
DA:48,0
DA:50,0
DA:51,0
DA:63,0
DA:64,0
DA:65,0
DA:66,0
DA:68,0
DA:71,0
DA:72,0
DA:75,0
DA:76,0
DA:79,0
DA:80,0
LF:32
LH:0
BRDA:28,0,0,0
BRDA:28,0,1,0
BRDA:65,1,0,0
BRDA:65,1,1,0
BRF:4
BRH:0
end_of_record
TN:
SF:src\hooks\use-toast.tsx
FN:25,genId
FN:56,(anonymous_8)
FN:61,(anonymous_9)
FN:72,(anonymous_10)
FN:83,(anonymous_11)
FN:94,(anonymous_12)
FN:101,(anonymous_13)
FN:120,(anonymous_14)
FN:129,dispatch
FN:131,(anonymous_16)
FN:138,toast
FN:141,(anonymous_18)
FN:146,(anonymous_19)
FN:154,(anonymous_20)
FN:167,useToast
FN:170,(anonymous_22)
FN:172,(anonymous_23)
FN:183,(anonymous_24)
FNF:18
FNH:0
FNDA:0,genId
FNDA:0,(anonymous_8)
FNDA:0,(anonymous_9)
FNDA:0,(anonymous_10)
FNDA:0,(anonymous_11)
FNDA:0,(anonymous_12)
FNDA:0,(anonymous_13)
FNDA:0,(anonymous_14)
FNDA:0,dispatch
FNDA:0,(anonymous_16)
FNDA:0,toast
FNDA:0,(anonymous_18)
FNDA:0,(anonymous_19)
FNDA:0,(anonymous_20)
FNDA:0,useToast
FNDA:0,(anonymous_22)
FNDA:0,(anonymous_23)
FNDA:0,(anonymous_24)
DA:3,0
DA:6,0
DA:7,0
DA:16,0
DA:23,0
DA:26,0
DA:27,0
DA:54,0
DA:56,0
DA:57,0
DA:58,0
DA:61,0
DA:62,0
DA:63,0
DA:69,0
DA:72,0
DA:73,0
DA:75,0
DA:81,0
DA:84,0
DA:89,0
DA:91,0
DA:92,0
DA:94,0
DA:95,0
DA:99,0
DA:102,0
DA:112,0
DA:113,0
DA:118,0
DA:120,0
DA:125,0
DA:127,0
DA:130,0
DA:131,0
DA:132,0
DA:139,0
DA:141,0
DA:142,0
DA:146,0
DA:148,0
DA:155,0
DA:160,0
DA:168,0
DA:170,0
DA:171,0
DA:172,0
DA:173,0
DA:174,0
DA:175,0
DA:180,0
DA:183,0
DA:187,0
LF:53
LH:0
BRDA:57,0,0,0
BRDA:57,0,1,0
BRDA:73,1,0,0
BRDA:73,1,1,0
BRDA:73,1,2,0
BRDA:73,1,3,0
BRDA:84,2,0,0
BRDA:84,2,1,0
BRDA:91,3,0,0
BRDA:91,3,1,0
BRDA:102,4,0,0
BRDA:102,4,1,0
BRDA:102,5,0,0
BRDA:102,5,1,0
BRDA:112,6,0,0
BRDA:112,6,1,0
BRDA:155,7,0,0
BRDA:155,7,1,0
BRDA:174,8,0,0
BRDA:174,8,1,0
BRF:20
BRH:0
end_of_record
TN:
SF:src\lib\arap-utils.ts
FN:30,calculatePaymentStatus
FN:53,updateARAPOnPaymentAdd
FN:128,reverseARAPOnPaymentDelete
FN:200,isValidTransactionId
FN:217,formatCurrency
FN:227,validatePaymentAmount
FNF:6
FNH:4
FNDA:6,calculatePaymentStatus
FNDA:0,updateARAPOnPaymentAdd
FNDA:0,reverseARAPOnPaymentDelete
FNDA:9,isValidTransactionId
FNDA:6,formatCurrency
FNDA:7,validatePaymentAmount
DA:16,1
DA:21,1
DA:30,6
DA:34,6
DA:36,6
DA:37,2
DA:38,4
DA:39,3
DA:41,1
DA:53,0
DA:59,0
DA:61,0
DA:64,0
DA:65,0
DA:69,0
DA:71,0
DA:72,0
DA:78,0
DA:79,0
DA:82,0
DA:83,0
DA:90,0
DA:91,0
DA:92,0
DA:93,0
DA:94,0
DA:97,0
DA:103,0
DA:111,0
DA:112,0
DA:128,0
DA:134,0
DA:136,0
DA:139,0
DA:140,0
DA:144,0
DA:146,0
DA:147,0
DA:153,0
DA:154,0
DA:157,0
DA:158,0
DA:165,0
DA:166,0
DA:167,0
DA:168,0
DA:169,0
DA:172,0
DA:178,0
DA:186,0
DA:187,0
DA:200,9
DA:201,9
DA:202,4
DA:206,5
DA:207,5
DA:217,6
DA:218,6
DA:227,7
DA:231,7
DA:232,3
DA:238,4
DA:239,1
DA:245,3
LF:64
LH:22
BRDA:36,0,0,2
BRDA:36,0,1,4
BRDA:38,1,0,3
BRDA:38,1,1,1
BRDA:71,2,0,0
BRDA:71,2,1,0
BRDA:82,3,0,0
BRDA:82,3,1,0
BRDA:90,4,0,0
BRDA:90,4,1,0
BRDA:91,5,0,0
BRDA:91,5,1,0
BRDA:146,6,0,0
BRDA:146,6,1,0
BRDA:157,7,0,0
BRDA:157,7,1,0
BRDA:165,8,0,0
BRDA:165,8,1,0
BRDA:166,9,0,0
BRDA:166,9,1,0
BRDA:201,10,0,4
BRDA:201,10,1,5
BRDA:201,11,0,9
BRDA:201,11,1,6
BRDA:217,12,0,5
BRDA:231,13,0,3
BRDA:231,13,1,4
BRDA:231,14,0,7
BRDA:231,14,1,6
BRDA:238,15,0,1
BRDA:238,15,1,3
BRF:31
BRH:15
end_of_record
TN:
SF:src\lib\calculations.ts
FN:12,calculateClientBalance
FN:24,(anonymous_12)
FN:26,(anonymous_13)
FN:30,(anonymous_14)
FN:32,(anonymous_15)
FN:36,(anonymous_16)
FN:38,(anonymous_17)
FN:42,(anonymous_18)
FN:44,(anonymous_19)
FN:48,(anonymous_20)
FN:50,(anonymous_21)
FN:54,(anonymous_22)
FN:56,(anonymous_23)
FN:62,calculateAllClientBalances
FN:72,(anonymous_25)
FN:77,(anonymous_26)
FN:87,(anonymous_27)
FN:98,(anonymous_28)
FN:99,(anonymous_29)
FN:106,(anonymous_30)
FN:107,(anonymous_31)
FN:116,calculateInventoryValue
FN:122,(anonymous_33)
FN:135,calculateItemBalance
FN:142,(anonymous_35)
FN:143,(anonymous_36)
FN:155,calculateMonthlyStats
FN:163,(anonymous_38)
FN:169,(anonymous_39)
FN:170,(anonymous_40)
FN:173,(anonymous_41)
FN:174,(anonymous_42)
FN:184,calculateCategoryTotals
FN:189,(anonymous_44)
FN:203,calculatePendingChequesValue
FN:208,(anonymous_46)
FN:209,(anonymous_47)
FN:212,(anonymous_48)
FN:213,(anonymous_49)
FN:223,calculateDailyCashFlow
FN:241,(anonymous_51)
FN:245,(anonymous_52)
FN:261,(anonymous_53)
FN:265,(anonymous_54)
FN:283,getTopClients
FN:290,(anonymous_56)
FN:296,(anonymous_57)
FN:300,(anonymous_58)
FN:305,getOverdueCheques
FN:316,(anonymous_60)
FN:321,(anonymous_61)
FN:327,(anonymous_62)
FN:328,(anonymous_63)
FNF:53
FNH:31
FNDA:2,calculateClientBalance
FNDA:4,(anonymous_12)
FNDA:2,(anonymous_13)
FNDA:4,(anonymous_14)
FNDA:2,(anonymous_15)
FNDA:2,(anonymous_16)
FNDA:2,(anonymous_17)
FNDA:2,(anonymous_18)
FNDA:0,(anonymous_19)
FNDA:4,(anonymous_20)
FNDA:2,(anonymous_21)
FNDA:0,(anonymous_22)
FNDA:0,(anonymous_23)
FNDA:0,calculateAllClientBalances
FNDA:0,(anonymous_25)
FNDA:0,(anonymous_26)
FNDA:0,(anonymous_27)
FNDA:0,(anonymous_28)
FNDA:0,(anonymous_29)
FNDA:0,(anonymous_30)
FNDA:0,(anonymous_31)
FNDA:1,calculateInventoryValue
FNDA:2,(anonymous_33)
FNDA:0,calculateItemBalance
FNDA:0,(anonymous_35)
FNDA:0,(anonymous_36)
FNDA:2,calculateMonthlyStats
FNDA:4,(anonymous_38)
FNDA:2,(anonymous_39)
FNDA:1,(anonymous_40)
FNDA:2,(anonymous_41)
FNDA:1,(anonymous_42)
FNDA:1,calculateCategoryTotals
FNDA:2,(anonymous_44)
FNDA:0,calculatePendingChequesValue
FNDA:0,(anonymous_46)
FNDA:0,(anonymous_47)
FNDA:0,(anonymous_48)
FNDA:0,(anonymous_49)
FNDA:1,calculateDailyCashFlow
FNDA:2,(anonymous_51)
FNDA:1,(anonymous_52)
FNDA:1,(anonymous_53)
FNDA:1,(anonymous_54)
FNDA:1,getTopClients
FNDA:2,(anonymous_56)
FNDA:1,(anonymous_57)
FNDA:0,(anonymous_58)
FNDA:1,getOverdueCheques
FNDA:2,(anonymous_60)
FNDA:0,(anonymous_61)
FNDA:1,(anonymous_62)
FNDA:0,(anonymous_63)
DA:12,2
DA:20,2
DA:23,2
DA:24,4
DA:26,2
DA:29,2
DA:30,4
DA:32,2
DA:35,2
DA:36,2
DA:38,2
DA:41,2
DA:42,2
DA:44,2
DA:47,2
DA:48,4
DA:50,2
DA:53,2
DA:54,0
DA:56,2
DA:58,2
DA:62,0
DA:69,0
DA:72,0
DA:73,0
DA:77,0
DA:78,0
DA:79,0
DA:80,0
DA:82,0
DA:87,0
DA:88,0
DA:89,0
DA:90,0
DA:92,0
DA:97,0
DA:98,0
DA:100,0
DA:101,0
DA:105,0
DA:106,0
DA:108,0
DA:109,0
DA:112,0
DA:116,1
DA:120,1
DA:122,1
DA:123,2
DA:124,2
DA:125,1
DA:127,1
DA:131,1
DA:135,0
DA:139,0
DA:141,0
DA:142,0
DA:144,0
DA:145,0
DA:147,0
DA:151,0
DA:155,2
DA:160,2
DA:161,2
DA:163,2
DA:164,4
DA:165,4
DA:168,2
DA:169,2
DA:170,1
DA:172,2
DA:173,2
DA:174,1
DA:176,2
DA:184,1
DA:187,1
DA:189,1
DA:190,2
DA:191,2
DA:192,2
DA:193,1
DA:195,1
DA:199,1
DA:203,0
DA:207,0
DA:208,0
DA:209,0
DA:211,0
DA:212,0
DA:213,0
DA:215,0
DA:223,1
DA:229,1
DA:232,1
DA:233,1
DA:234,2
DA:235,2
DA:236,2
DA:240,1
DA:242,2
DA:243,2
DA:246,1
DA:247,1
DA:248,1
DA:250,1
DA:251,1
DA:253,0
DA:256,1
DA:260,1
DA:262,1
DA:263,1
DA:266,1
DA:267,1
DA:268,1
DA:270,1
DA:271,1
DA:273,0
DA:276,1
DA:279,1
DA:283,1
DA:288,1
DA:290,1
DA:291,2
DA:292,2
DA:295,1
DA:296,1
DA:300,0
DA:305,1
DA:313,1
DA:314,1
DA:316,1
DA:317,2
DA:318,2
DA:321,1
DA:322,0
DA:323,0
DA:327,1
DA:328,0
DA:330,1
LF:138
LH:92
BRDA:20,0,0,2
BRDA:20,0,1,1
BRDA:24,1,0,4
BRDA:24,1,1,4
BRDA:30,2,0,4
BRDA:30,2,1,4
BRDA:36,3,0,2
BRDA:36,3,1,2
BRDA:42,4,0,2
BRDA:42,4,1,2
BRDA:48,5,0,4
BRDA:48,5,1,4
BRDA:54,6,0,0
BRDA:54,6,1,0
BRDA:73,7,0,0
BRDA:73,7,1,0
BRDA:78,8,0,0
BRDA:78,8,1,0
BRDA:79,9,0,0
BRDA:79,9,1,0
BRDA:88,10,0,0
BRDA:88,10,1,0
BRDA:89,11,0,0
BRDA:89,11,1,0
BRDA:100,12,0,0
BRDA:100,12,1,0
BRDA:108,13,0,0
BRDA:108,13,1,0
BRDA:123,14,0,2
BRDA:123,14,1,1
BRDA:124,15,0,1
BRDA:124,15,1,1
BRDA:144,16,0,0
BRDA:144,16,1,0
BRDA:164,17,0,0
BRDA:164,17,1,4
BRDA:165,18,0,4
BRDA:165,18,1,2
BRDA:190,19,0,2
BRDA:190,19,1,0
BRDA:191,20,0,2
BRDA:191,20,1,2
BRDA:192,21,0,1
BRDA:192,21,1,1
BRDA:242,22,0,0
BRDA:242,22,1,2
BRDA:243,23,0,2
BRDA:243,23,1,2
BRDA:246,24,0,0
BRDA:246,24,1,1
BRDA:248,25,0,1
BRDA:248,25,1,0
BRDA:250,26,0,1
BRDA:250,26,1,0
BRDA:262,27,0,0
BRDA:262,27,1,1
BRDA:263,28,0,1
BRDA:263,28,1,1
BRDA:263,28,2,1
BRDA:266,29,0,0
BRDA:266,29,1,1
BRDA:268,30,0,1
BRDA:268,30,1,0
BRDA:270,31,0,1
BRDA:270,31,1,0
BRDA:286,32,0,1
BRDA:291,33,0,2
BRDA:291,33,1,1
BRDA:298,34,0,1
BRDA:298,34,1,0
BRDA:317,35,0,0
BRDA:317,35,1,2
BRDA:318,36,0,2
BRDA:318,36,1,1
BRDA:322,37,0,0
BRDA:322,37,1,0
BRDA:323,38,0,0
BRDA:323,38,1,0
BRF:78
BRH:44
end_of_record
TN:
SF:src\lib\constants.ts
FNF:0
FNH:0
DA:9,2
DA:14,2
DA:19,3
DA:27,3
DA:33,3
DA:40,3
DA:49,3
DA:59,2
DA:65,4
DA:76,3
DA:103,2
DA:134,1
DA:140,2
DA:146,3
DA:156,3
DA:159,3
DA:166,2
DA:172,4
DA:189,3
DA:203,3
DA:211,2
DA:220,3
LF:22
LH:22
BRF:0
BRH:0
end_of_record
TN:
SF:src\lib\definitions.ts
FNF:0
FNH:0
DA:238,12
DA:244,1
DA:249,1
DA:254,1
LF:4
LH:4
BRF:0
BRH:0
end_of_record
TN:
SF:src\lib\error-handler.ts
FN:37,handleFirebaseError
FN:71,handleCRUDError
FN:99,logError
FN:121,validateRequiredFields
FN:146,createSuccessMessage
FN:171,withErrorHandling
FN:176,(anonymous_13)
FNF:7
FNH:4
FNDA:9,handleFirebaseError
FNDA:4,handleCRUDError
FNDA:0,logError
FNDA:4,validateRequiredFields
FNDA:4,createSuccessMessage
FNDA:0,withErrorHandling
FNDA:0,(anonymous_13)
DA:8,1
DA:19,1
DA:37,5
DA:38,9
DA:39,3
DA:41,3
DA:48,6
DA:49,5
DA:56,1
DA:71,4
DA:76,4
DA:83,4
DA:85,4
DA:99,0
DA:104,0
DA:106,0
DA:107,0
DA:121,4
DA:125,4
DA:126,6
DA:127,3
DA:135,1
DA:146,4
DA:151,4
DA:157,4
DA:171,0
DA:176,0
DA:177,0
DA:178,0
DA:180,0
DA:181,0
DA:183,0
DA:184,0
DA:187,0
LF:34
LH:21
BRDA:38,0,0,3
BRDA:38,0,1,6
BRDA:39,1,0,3
BRDA:39,1,1,1
BRDA:48,2,0,5
BRDA:48,2,1,1
BRDA:106,3,0,0
BRDA:106,3,1,0
BRDA:126,4,0,3
BRDA:126,4,1,3
BRDA:126,5,0,6
BRDA:126,5,1,4
BRDA:126,5,2,4
BRDA:159,6,0,4
BRDA:159,6,1,3
BRDA:159,7,0,1
BRDA:159,7,1,2
BRDA:159,8,0,1
BRDA:159,8,1,1
BRDA:183,9,0,0
BRDA:183,9,1,0
BRF:21
BRH:17
end_of_record
TN:
SF:src\lib\inventory-utils.ts
FN:6,calculateWeightedAverageCost
FN:32,calculateCOGS
FN:43,calculateLandedCostUnitPrice
FN:62,calculateProductionUnitCost
FNF:4
FNH:4
FNDA:3,calculateWeightedAverageCost
FNDA:1,calculateCOGS
FNDA:2,calculateLandedCostUnitPrice
FNDA:1,calculateProductionUnitCost
DA:6,3
DA:12,3
DA:13,1
DA:16,2
DA:17,2
DA:18,2
DA:20,2
DA:21,0
DA:24,2
DA:25,2
DA:32,1
DA:36,1
DA:37,1
DA:43,2
DA:49,2
DA:50,1
DA:53,1
DA:54,1
DA:55,1
DA:62,1
DA:67,1
DA:68,0
DA:71,1
DA:72,1
DA:73,1
LF:25
LH:23
BRDA:12,0,0,1
BRDA:12,0,1,2
BRDA:12,1,0,3
BRDA:12,1,1,1
BRDA:20,2,0,0
BRDA:20,2,1,2
BRDA:49,3,0,1
BRDA:49,3,1,1
BRDA:67,4,0,0
BRDA:67,4,1,1
BRF:10
BRH:8
end_of_record
TN:
SF:src\lib\toast-helpers.ts
FN:19,showSuccessToast
FN:31,showErrorToast
FN:43,showWarningToast
FN:55,showInfoToast
FN:67,showLoadingToast
FN:79,showARAPUpdateToast
FN:96,showDeleteToast
FN:108,showCreateToast
FN:118,showUpdateToast
FN:128,showValidationErrorToast
FN:138,showNetworkErrorToast
FN:148,showPermissionErrorToast
FNF:12
FNH:12
FNDA:8,showSuccessToast
FNDA:4,showErrorToast
FNDA:2,showWarningToast
FNDA:1,showInfoToast
FNDA:1,showLoadingToast
FNDA:2,showARAPUpdateToast
FNDA:2,showDeleteToast
FNDA:2,showCreateToast
FNDA:1,showUpdateToast
FNDA:1,showValidationErrorToast
FNDA:1,showNetworkErrorToast
FNDA:1,showPermissionErrorToast
DA:8,1
DA:19,2
DA:20,8
DA:31,1
DA:32,4
DA:43,1
DA:44,2
DA:55,1
DA:56,1
DA:67,1
DA:68,1
DA:79,2
DA:80,2
DA:81,1
DA:86,1
DA:96,2
DA:97,2
DA:108,2
DA:109,2
DA:118,1
DA:119,1
DA:128,1
DA:129,1
DA:138,1
DA:139,1
DA:148,1
DA:149,1
LF:27
LH:27
BRDA:19,0,0,7
BRDA:31,1,0,4
BRDA:43,2,0,2
BRDA:55,3,0,1
BRDA:80,4,0,1
BRDA:80,4,1,1
BRDA:96,5,0,1
BRDA:99,6,0,1
BRDA:99,6,1,1
BRDA:111,7,0,2
BRDA:111,7,1,1
BRF:11
BRH:11
end_of_record
TN:
SF:src\lib\utils.ts
FN:4,cn
FN:9,formatCurrency
FN:19,formatDate
FN:29,formatDateForInput
FN:38,parseDateFromInput
FN:43,getTimestamp
FN:48,calculatePercentage
FN:56,isValidPhoneNumber
FN:62,generateId
FN:67,debounce
FN:72,(anonymous_32)
FN:74,(anonymous_33)
FN:79,groupBy
FN:80,(anonymous_35)
FN:91,sum
FN:92,(anonymous_37)
FN:96,getArabicMonthName
FN:105,getStatusColor
FN:118,translateStatus
FN:141,formatFileSize
FN:152,isImageFile
FN:159,sortByDate
FN:160,(anonymous_44)
FN:168,daysDifference
FN:174,isOverdue
FN:180,generateExcelFileName
FNF:26
FNH:26
FNDA:2,cn
FNDA:4,formatCurrency
FNDA:2,formatDate
FNDA:3,formatDateForInput
FNDA:1,parseDateFromInput
FNDA:1,getTimestamp
FNDA:6,calculatePercentage
FNDA:7,isValidPhoneNumber
FNDA:3,generateId
FNDA:1,debounce
FNDA:3,(anonymous_32)
FNDA:1,(anonymous_33)
FNDA:2,groupBy
FNDA:3,(anonymous_35)
FNDA:4,sum
FNDA:11,(anonymous_37)
FNDA:5,getArabicMonthName
FNDA:4,getStatusColor
FNDA:5,translateStatus
FNDA:3,formatFileSize
FNDA:6,isImageFile
FNDA:2,sortByDate
FNDA:5,(anonymous_44)
FNDA:2,daysDifference
FNDA:3,isOverdue
FNDA:2,generateExcelFileName
DA:1,2
DA:2,2
DA:4,2
DA:5,2
DA:9,4
DA:10,4
DA:19,2
DA:20,2
DA:21,2
DA:29,3
DA:30,3
DA:31,3
DA:32,3
DA:33,3
DA:34,3
DA:38,1
DA:39,1
DA:43,1
DA:44,1
DA:48,6
DA:49,6
DA:50,1
DA:52,5
DA:56,7
DA:57,7
DA:58,7
DA:62,3
DA:63,3
DA:67,1
DA:72,1
DA:73,3
DA:74,3
DA:79,2
DA:80,2
DA:81,3
DA:82,3
DA:83,2
DA:85,3
DA:86,3
DA:91,4
DA:92,11
DA:96,5
DA:97,5
DA:101,5
DA:105,4
DA:106,4
DA:114,4
DA:118,5
DA:119,5
DA:137,5
DA:141,3
DA:142,3
DA:143,1
DA:145,2
DA:146,2
DA:147,2
DA:148,2
DA:152,6
DA:153,6
DA:154,6
DA:155,6
DA:159,2
DA:160,2
DA:161,5
DA:162,5
DA:163,5
DA:168,2
DA:169,2
DA:170,2
DA:174,3
DA:175,3
DA:176,3
DA:180,2
DA:181,2
DA:182,2
DA:183,2
DA:184,2
LF:77
LH:77
BRDA:20,0,0,1
BRDA:20,0,1,1
BRDA:30,1,0,1
BRDA:30,1,1,2
BRDA:49,2,0,1
BRDA:49,2,1,5
BRDA:82,3,0,2
BRDA:82,3,1,1
BRDA:101,4,0,5
BRDA:101,4,1,2
BRDA:114,5,0,4
BRDA:114,5,1,1
BRDA:137,6,0,5
BRDA:137,6,1,1
BRDA:142,7,0,1
BRDA:142,7,1,2
BRDA:155,8,0,6
BRDA:155,8,1,0
BRDA:161,9,0,1
BRDA:161,9,1,4
BRDA:162,10,0,1
BRDA:162,10,1,4
BRDA:175,11,0,1
BRDA:175,11,1,2
BRF:24
BRH:23
end_of_record
TN:
SF:src\lib\hooks\use-async-operation.ts
FN:47,useAsyncOperation
FN:60,(anonymous_2)
FN:88,(anonymous_3)
FNF:3
FNH:0
FNDA:0,useAsyncOperation
FNDA:0,(anonymous_2)
FNDA:0,(anonymous_3)
DA:8,0
DA:9,0
DA:47,0
DA:51,0
DA:53,0
DA:59,0
DA:61,0
DA:63,0
DA:64,0
DA:65,0
DA:67,0
DA:68,0
DA:71,0
DA:73,0
DA:74,0
DA:76,0
DA:78,0
DA:79,0
DA:82,0
DA:88,0
DA:89,0
DA:92,0
LF:22
LH:0
BRDA:49,0,0,0
BRDA:51,1,0,0
BRDA:67,2,0,0
BRDA:67,2,1,0
BRDA:78,3,0,0
BRDA:78,3,1,0
BRF:6
BRH:0
end_of_record
